HTTP/1.1 500 Internal Server Error
Date: Tue, 13 Aug 2013 08:10:05 GMT
Server: Apache/2.0.64 (Unix) PHP/5.5.0
Content-Length: 623
Connection: close
Content-Type: text/html; charset=iso-8859-1

<!DOCTYPE HTML PUBLIC "-//IETF//DTD HTML 2.0//EN">
<html><head>
<title>500 Internal Server Error</title>
</head><body>
<h1>Internal Server Error</h1>
<p>The server encountered an internal error or
misconfiguration and was unable to complete
your request.</p>
<p>Please contact the server administrator,
 you@example.com and inform them of the time the error occurred,
and anything you might have done that may have
caused the error.</p>
<p>More information about this error may be available
in the server error log.</p>
<hr>
<address>Apache/2.0.64 (Unix) PHP/5.5.0 Server at 202.85.209.109 Port 80</address>
</body></html>
HTTP/1.1 200 OK
Date: Tue, 13 Aug 2013 08:27:16 GMT
Server: Apache/2.0.64 (Unix) PHP/5.5.0
Connection: close
Content-Length: 843
Content-Type: text/xml; charset=utf-8

<?xml version="1.0" encoding="UTF-8"?>
<SOAP-ENV:Envelope xmlns:SOAP-ENV="http://schemas.xmlsoap.org/soap/envelope/" xmlns:SOAP-ENC="http://schemas.xmlsoap.org/soap/encoding/" xmlns:xsi="http://www.w3.org/2001/XMLSchema-instance" xmlns:xsd="http://www.w3.org/2001/XMLSchema" xmlns:ns3="http://www.chinatelecom.com.cn/schema/ctcc/sms/v2_1" xmlns:ns2="http://www.chinatelecom.com.cn/schema/ctcc/sms/notification/v2_1/local" xmlns:ns4="http://www.chinatelecom.com.cn/schema/ctcc/common/v2_1" xmlns:ns1="http://www.chinatelecom.com.cn/wsdl/ctcc/sms/notification/v2_1/service"><SOAP-ENV:Header><ns4:NotifySOAPHeader SOAP-ENV:mustUnderstand="1"><spId></spId><linkId>999999999999999</linkId></ns4:NotifySOAPHeader></SOAP-ENV:Header><SOAP-ENV:Body><ns2:notifySmsReceptionResponse></ns2:notifySmsReceptionResponse></SOAP-ENV:Body></SOAP-ENV:Envelope>
HTTP/1.1 200 OK
Date: Tue, 13 Aug 2013 08:28:17 GMT
Server: Apache/2.0.64 (Unix) PHP/5.5.0
Connection: close
Content-Length: 843
Content-Type: text/xml; charset=utf-8

<?xml version="1.0" encoding="UTF-8"?>
<SOAP-ENV:Envelope xmlns:SOAP-ENV="http://schemas.xmlsoap.org/soap/envelope/" xmlns:SOAP-ENC="http://schemas.xmlsoap.org/soap/encoding/" xmlns:xsi="http://www.w3.org/2001/XMLSchema-instance" xmlns:xsd="http://www.w3.org/2001/XMLSchema" xmlns:ns3="http://www.chinatelecom.com.cn/schema/ctcc/sms/v2_1" xmlns:ns2="http://www.chinatelecom.com.cn/schema/ctcc/sms/notification/v2_1/local" xmlns:ns4="http://www.chinatelecom.com.cn/schema/ctcc/common/v2_1" xmlns:ns1="http://www.chinatelecom.com.cn/wsdl/ctcc/sms/notification/v2_1/service"><SOAP-ENV:Header><ns4:NotifySOAPHeader SOAP-ENV:mustUnderstand="1"><spId></spId><linkId>999999999999999</linkId></ns4:NotifySOAPHeader></SOAP-ENV:Header><SOAP-ENV:Body><ns2:notifySmsReceptionResponse></ns2:notifySmsReceptionResponse></SOAP-ENV:Body></SOAP-ENV:Envelope>
HTTP/1.1 200 OK
Date: Tue, 13 Aug 2013 08:29:29 GMT
Server: Apache/2.0.64 (Unix) PHP/5.5.0
Connection: close
Content-Length: 843
Content-Type: text/xml; charset=utf-8

<?xml version="1.0" encoding="UTF-8"?>
<SOAP-ENV:Envelope xmlns:SOAP-ENV="http://schemas.xmlsoap.org/soap/envelope/" xmlns:SOAP-ENC="http://schemas.xmlsoap.org/soap/encoding/" xmlns:xsi="http://www.w3.org/2001/XMLSchema-instance" xmlns:xsd="http://www.w3.org/2001/XMLSchema" xmlns:ns3="http://www.chinatelecom.com.cn/schema/ctcc/sms/v2_1" xmlns:ns2="http://www.chinatelecom.com.cn/schema/ctcc/sms/notification/v2_1/local" xmlns:ns4="http://www.chinatelecom.com.cn/schema/ctcc/common/v2_1" xmlns:ns1="http://www.chinatelecom.com.cn/wsdl/ctcc/sms/notification/v2_1/service"><SOAP-ENV:Header><ns4:NotifySOAPHeader SOAP-ENV:mustUnderstand="1"><spId></spId><linkId>999999999999999</linkId></ns4:NotifySOAPHeader></SOAP-ENV:Header><SOAP-ENV:Body><ns2:notifySmsReceptionResponse></ns2:notifySmsReceptionResponse></SOAP-ENV:Body></SOAP-ENV:Envelope>HTTP/1.1 200 OK
Date: Tue, 13 Aug 2013 08:30:53 GMT
Server: Apache/2.0.64 (Unix) PHP/5.5.0
Connection: close
Content-Length: 843
Content-Type: text/xml; charset=utf-8

<?xml version="1.0" encoding="UTF-8"?>
<SOAP-ENV:Envelope xmlns:SOAP-ENV="http://schemas.xmlsoap.org/soap/envelope/" xmlns:SOAP-ENC="http://schemas.xmlsoap.org/soap/encoding/" xmlns:xsi="http://www.w3.org/2001/XMLSchema-instance" xmlns:xsd="http://www.w3.org/2001/XMLSchema" xmlns:ns3="http://www.chinatelecom.com.cn/schema/ctcc/sms/v2_1" xmlns:ns2="http://www.chinatelecom.com.cn/schema/ctcc/sms/notification/v2_1/local" xmlns:ns4="http://www.chinatelecom.com.cn/schema/ctcc/common/v2_1" xmlns:ns1="http://www.chinatelecom.com.cn/wsdl/ctcc/sms/notification/v2_1/service"><SOAP-ENV:Header><ns4:NotifySOAPHeader SOAP-ENV:mustUnderstand="1"><spId></spId><linkId>999999999999999</linkId></ns4:NotifySOAPHeader></SOAP-ENV:Header><SOAP-ENV:Body><ns2:notifySmsReceptionResponse></ns2:notifySmsReceptionResponse></SOAP-ENV:Body></SOAP-ENV:Envelope>
HTTP/1.1 200 OK
Date: Tue, 13 Aug 2013 08:41:46 GMT
Server: Apache/2.0.64 (Unix) PHP/5.5.0
Connection: close
Content-Length: 843
Content-Type: text/xml; charset=utf-8

<?xml version="1.0" encoding="UTF-8"?>
<SOAP-ENV:Envelope xmlns:SOAP-ENV="http://schemas.xmlsoap.org/soap/envelope/" xmlns:SOAP-ENC="http://schemas.xmlsoap.org/soap/encoding/" xmlns:xsi="http://www.w3.org/2001/XMLSchema-instance" xmlns:xsd="http://www.w3.org/2001/XMLSchema" xmlns:ns3="http://www.chinatelecom.com.cn/schema/ctcc/sms/v2_1" xmlns:ns2="http://www.chinatelecom.com.cn/schema/ctcc/sms/notification/v2_1/local" xmlns:ns4="http://www.chinatelecom.com.cn/schema/ctcc/common/v2_1" xmlns:ns1="http://www.chinatelecom.com.cn/wsdl/ctcc/sms/notification/v2_1/service"><SOAP-ENV:Header><ns4:NotifySOAPHeader SOAP-ENV:mustUnderstand="1"><spId></spId><linkId>999999999999999</linkId></ns4:NotifySOAPHeader></SOAP-ENV:Header><SOAP-ENV:Body><ns2:notifySmsReceptionResponse></ns2:notifySmsReceptionResponse></SOAP-ENV:Body></SOAP-ENV:Envelope>
HTTP/1.1 200 OK
Date: Tue, 13 Aug 2013 08:42:00 GMT
Server: Apache/2.0.64 (Unix) PHP/5.5.0
Connection: close
Content-Length: 843
Content-Type: text/xml; charset=utf-8

<?xml version="1.0" encoding="UTF-8"?>
<SOAP-ENV:Envelope xmlns:SOAP-ENV="http://schemas.xmlsoap.org/soap/envelope/" xmlns:SOAP-ENC="http://schemas.xmlsoap.org/soap/encoding/" xmlns:xsi="http://www.w3.org/2001/XMLSchema-instance" xmlns:xsd="http://www.w3.org/2001/XMLSchema" xmlns:ns3="http://www.chinatelecom.com.cn/schema/ctcc/sms/v2_1" xmlns:ns2="http://www.chinatelecom.com.cn/schema/ctcc/sms/notification/v2_1/local" xmlns:ns4="http://www.chinatelecom.com.cn/schema/ctcc/common/v2_1" xmlns:ns1="http://www.chinatelecom.com.cn/wsdl/ctcc/sms/notification/v2_1/service"><SOAP-ENV:Header><ns4:NotifySOAPHeader SOAP-ENV:mustUnderstand="1"><spId></spId><linkId>999999999999999</linkId></ns4:NotifySOAPHeader></SOAP-ENV:Header><SOAP-ENV:Body><ns2:notifySmsReceptionResponse></ns2:notifySmsReceptionResponse></SOAP-ENV:Body></SOAP-ENV:Envelope>
HTTP/1.1 200 OK
Date: Tue, 13 Aug 2013 08:49:34 GMT
Server: Apache/2.0.64 (Unix) PHP/5.5.0
Connection: close
Content-Length: 843
Content-Type: text/xml; charset=utf-8

<?xml version="1.0" encoding="UTF-8"?>
<SOAP-ENV:Envelope xmlns:SOAP-ENV="http://schemas.xmlsoap.org/soap/envelope/" xmlns:SOAP-ENC="http://schemas.xmlsoap.org/soap/encoding/" xmlns:xsi="http://www.w3.org/2001/XMLSchema-instance" xmlns:xsd="http://www.w3.org/2001/XMLSchema" xmlns:ns3="http://www.chinatelecom.com.cn/schema/ctcc/sms/v2_1" xmlns:ns2="http://www.chinatelecom.com.cn/schema/ctcc/sms/notification/v2_1/local" xmlns:ns4="http://www.chinatelecom.com.cn/schema/ctcc/common/v2_1" xmlns:ns1="http://www.chinatelecom.com.cn/wsdl/ctcc/sms/notification/v2_1/service"><SOAP-ENV:Header><ns4:NotifySOAPHeader SOAP-ENV:mustUnderstand="1"><spId></spId><linkId>999999999999999</linkId></ns4:NotifySOAPHeader></SOAP-ENV:Header><SOAP-ENV:Body><ns2:notifySmsReceptionResponse></ns2:notifySmsReceptionResponse></SOAP-ENV:Body></SOAP-ENV:Envelope>
HTTP/1.1 200 OK
Date: Tue, 13 Aug 2013 09:32:53 GMT
Server: Apache/2.0.64 (Unix) PHP/5.5.0
Connection: close
Content-Length: 843
Content-Type: text/xml; charset=utf-8

<?xml version="1.0" encoding="UTF-8"?>
<SOAP-ENV:Envelope xmlns:SOAP-ENV="http://schemas.xmlsoap.org/soap/envelope/" xmlns:SOAP-ENC="http://schemas.xmlsoap.org/soap/encoding/" xmlns:xsi="http://www.w3.org/2001/XMLSchema-instance" xmlns:xsd="http://www.w3.org/2001/XMLSchema" xmlns:ns3="http://www.chinatelecom.com.cn/schema/ctcc/sms/v2_1" xmlns:ns2="http://www.chinatelecom.com.cn/schema/ctcc/sms/notification/v2_1/local" xmlns:ns4="http://www.chinatelecom.com.cn/schema/ctcc/common/v2_1" xmlns:ns1="http://www.chinatelecom.com.cn/wsdl/ctcc/sms/notification/v2_1/service"><SOAP-ENV:Header><ns4:NotifySOAPHeader SOAP-ENV:mustUnderstand="1"><spId></spId><linkId>999999999999999</linkId></ns4:NotifySOAPHeader></SOAP-ENV:Header><SOAP-ENV:Body><ns2:notifySmsReceptionResponse></ns2:notifySmsReceptionResponse></SOAP-ENV:Body></SOAP-ENV:Envelope>
HTTP/1.1 200 OK
Date: Tue, 13 Aug 2013 09:33:53 GMT
Server: Apache/2.0.64 (Unix) PHP/5.5.0
Connection: close
Content-Length: 843
Content-Type: text/xml; charset=utf-8

<?xml version="1.0" encoding="UTF-8"?>
<SOAP-ENV:Envelope xmlns:SOAP-ENV="http://schemas.xmlsoap.org/soap/envelope/" xmlns:SOAP-ENC="http://schemas.xmlsoap.org/soap/encoding/" xmlns:xsi="http://www.w3.org/2001/XMLSchema-instance" xmlns:xsd="http://www.w3.org/2001/XMLSchema" xmlns:ns3="http://www.chinatelecom.com.cn/schema/ctcc/sms/v2_1" xmlns:ns2="http://www.chinatelecom.com.cn/schema/ctcc/sms/notification/v2_1/local" xmlns:ns4="http://www.chinatelecom.com.cn/schema/ctcc/common/v2_1" xmlns:ns1="http://www.chinatelecom.com.cn/wsdl/ctcc/sms/notification/v2_1/service"><SOAP-ENV:Header><ns4:NotifySOAPHeader SOAP-ENV:mustUnderstand="1"><spId></spId><linkId>999999999999999</linkId></ns4:NotifySOAPHeader></SOAP-ENV:Header><SOAP-ENV:Body><ns2:notifySmsReceptionResponse></ns2:notifySmsReceptionResponse></SOAP-ENV:Body></SOAP-ENV:Envelope>
HTTP/1.1 200 OK
Date: Wed, 14 Aug 2013 03:33:32 GMT
Server: Apache/2.0.64 (Unix) PHP/5.5.0
Connection: close
Content-Length: 843
Content-Type: text/xml; charset=utf-8

<?xml version="1.0" encoding="UTF-8"?>
<SOAP-ENV:Envelope xmlns:SOAP-ENV="http://schemas.xmlsoap.org/soap/envelope/" xmlns:SOAP-ENC="http://schemas.xmlsoap.org/soap/encoding/" xmlns:xsi="http://www.w3.org/2001/XMLSchema-instance" xmlns:xsd="http://www.w3.org/2001/XMLSchema" xmlns:ns3="http://www.chinatelecom.com.cn/schema/ctcc/sms/v2_1" xmlns:ns2="http://www.chinatelecom.com.cn/schema/ctcc/sms/notification/v2_1/local" xmlns:ns4="http://www.chinatelecom.com.cn/schema/ctcc/common/v2_1" xmlns:ns1="http://www.chinatelecom.com.cn/wsdl/ctcc/sms/notification/v2_1/service"><SOAP-ENV:Header><ns4:NotifySOAPHeader SOAP-ENV:mustUnderstand="1"><spId></spId><linkId>999999999999999</linkId></ns4:NotifySOAPHeader></SOAP-ENV:Header><SOAP-ENV:Body><ns2:notifySmsReceptionResponse></ns2:notifySmsReceptionResponse></SOAP-ENV:Body></SOAP-ENV:Envelope>
HTTP/1.1 200 OK
Date: Wed, 14 Aug 2013 08:23:28 GMT
Server: Apache/2.0.64 (Unix) PHP/5.5.0
Connection: close
Content-Length: 843
Content-Type: text/xml; charset=utf-8

<?xml version="1.0" encoding="UTF-8"?>
<SOAP-ENV:Envelope xmlns:SOAP-ENV="http://schemas.xmlsoap.org/soap/envelope/" xmlns:SOAP-ENC="http://schemas.xmlsoap.org/soap/encoding/" xmlns:xsi="http://www.w3.org/2001/XMLSchema-instance" xmlns:xsd="http://www.w3.org/2001/XMLSchema" xmlns:ns3="http://www.chinatelecom.com.cn/schema/ctcc/sms/v2_1" xmlns:ns2="http://www.chinatelecom.com.cn/schema/ctcc/sms/notification/v2_1/local" xmlns:ns4="http://www.chinatelecom.com.cn/schema/ctcc/common/v2_1" xmlns:ns1="http://www.chinatelecom.com.cn/wsdl/ctcc/sms/notification/v2_1/service"><SOAP-ENV:Header><ns4:NotifySOAPHeader SOAP-ENV:mustUnderstand="1"><spId></spId><linkId>999999999999999</linkId></ns4:NotifySOAPHeader></SOAP-ENV:Header><SOAP-ENV:Body><ns2:notifySmsReceptionResponse></ns2:notifySmsReceptionResponse></SOAP-ENV:Body></SOAP-ENV:Envelope>
HTTP/1.1 200 OK
Date: Wed, 14 Aug 2013 08:25:02 GMT
Server: Apache/2.0.64 (Unix) PHP/5.5.0
Connection: close
Content-Length: 843
Content-Type: text/xml; charset=utf-8

<?xml version="1.0" encoding="UTF-8"?>
<SOAP-ENV:Envelope xmlns:SOAP-ENV="http://schemas.xmlsoap.org/soap/envelope/" xmlns:SOAP-ENC="http://schemas.xmlsoap.org/soap/encoding/" xmlns:xsi="http://www.w3.org/2001/XMLSchema-instance" xmlns:xsd="http://www.w3.org/2001/XMLSchema" xmlns:ns3="http://www.chinatelecom.com.cn/schema/ctcc/sms/v2_1" xmlns:ns2="http://www.chinatelecom.com.cn/schema/ctcc/sms/notification/v2_1/local" xmlns:ns4="http://www.chinatelecom.com.cn/schema/ctcc/common/v2_1" xmlns:ns1="http://www.chinatelecom.com.cn/wsdl/ctcc/sms/notification/v2_1/service"><SOAP-ENV:Header><ns4:NotifySOAPHeader SOAP-ENV:mustUnderstand="1"><spId></spId><linkId>999999999999999</linkId></ns4:NotifySOAPHeader></SOAP-ENV:Header><SOAP-ENV:Body><ns2:notifySmsReceptionResponse></ns2:notifySmsReceptionResponse></SOAP-ENV:Body></SOAP-ENV:Envelope>
HTTP/1.1 200 OK
Date: Wed, 14 Aug 2013 08:36:28 GMT
Server: Apache/2.0.64 (Unix) PHP/5.5.0
Connection: close
Content-Length: 843
Content-Type: text/xml; charset=utf-8

<?xml version="1.0" encoding="UTF-8"?>
<SOAP-ENV:Envelope xmlns:SOAP-ENV="http://schemas.xmlsoap.org/soap/envelope/" xmlns:SOAP-ENC="http://schemas.xmlsoap.org/soap/encoding/" xmlns:xsi="http://www.w3.org/2001/XMLSchema-instance" xmlns:xsd="http://www.w3.org/2001/XMLSchema" xmlns:ns3="http://www.chinatelecom.com.cn/schema/ctcc/sms/v2_1" xmlns:ns2="http://www.chinatelecom.com.cn/schema/ctcc/sms/notification/v2_1/local" xmlns:ns4="http://www.chinatelecom.com.cn/schema/ctcc/common/v2_1" xmlns:ns1="http://www.chinatelecom.com.cn/wsdl/ctcc/sms/notification/v2_1/service"><SOAP-ENV:Header><ns4:NotifySOAPHeader SOAP-ENV:mustUnderstand="1"><spId></spId><linkId>999999999999999</linkId></ns4:NotifySOAPHeader></SOAP-ENV:Header><SOAP-ENV:Body><ns2:notifySmsReceptionResponse></ns2:notifySmsReceptionResponse></SOAP-ENV:Body></SOAP-ENV:Envelope>
HTTP/1.1 200 OK
Date: Wed, 14 Aug 2013 08:42:25 GMT
Server: Apache/2.0.64 (Unix) PHP/5.5.0
Connection: close
Content-Length: 843
Content-Type: text/xml; charset=utf-8

<?xml version="1.0" encoding="UTF-8"?>
<SOAP-ENV:Envelope xmlns:SOAP-ENV="http://schemas.xmlsoap.org/soap/envelope/" xmlns:SOAP-ENC="http://schemas.xmlsoap.org/soap/encoding/" xmlns:xsi="http://www.w3.org/2001/XMLSchema-instance" xmlns:xsd="http://www.w3.org/2001/XMLSchema" xmlns:ns3="http://www.chinatelecom.com.cn/schema/ctcc/sms/v2_1" xmlns:ns2="http://www.chinatelecom.com.cn/schema/ctcc/sms/notification/v2_1/local" xmlns:ns4="http://www.chinatelecom.com.cn/schema/ctcc/common/v2_1" xmlns:ns1="http://www.chinatelecom.com.cn/wsdl/ctcc/sms/notification/v2_1/service"><SOAP-ENV:Header><ns4:NotifySOAPHeader SOAP-ENV:mustUnderstand="1"><spId></spId><linkId>999999999999999</linkId></ns4:NotifySOAPHeader></SOAP-ENV:Header><SOAP-ENV:Body><ns2:notifySmsReceptionResponse></ns2:notifySmsReceptionResponse></SOAP-ENV:Body></SOAP-ENV:Envelope>
HTTP/1.1 200 OK
Date: Wed, 14 Aug 2013 09:08:13 GMT
Server: Apache/2.0.64 (Unix) PHP/5.5.0
Connection: close
Content-Length: 843
Content-Type: text/xml; charset=utf-8

<?xml version="1.0" encoding="UTF-8"?>
<SOAP-ENV:Envelope xmlns:SOAP-ENV="http://schemas.xmlsoap.org/soap/envelope/" xmlns:SOAP-ENC="http://schemas.xmlsoap.org/soap/encoding/" xmlns:xsi="http://www.w3.org/2001/XMLSchema-instance" xmlns:xsd="http://www.w3.org/2001/XMLSchema" xmlns:ns3="http://www.chinatelecom.com.cn/schema/ctcc/sms/v2_1" xmlns:ns2="http://www.chinatelecom.com.cn/schema/ctcc/sms/notification/v2_1/local" xmlns:ns4="http://www.chinatelecom.com.cn/schema/ctcc/common/v2_1" xmlns:ns1="http://www.chinatelecom.com.cn/wsdl/ctcc/sms/notification/v2_1/service"><SOAP-ENV:Header><ns4:NotifySOAPHeader SOAP-ENV:mustUnderstand="1"><spId></spId><linkId>999999999999999</linkId></ns4:NotifySOAPHeader></SOAP-ENV:Header><SOAP-ENV:Body><ns2:notifySmsReceptionResponse></ns2:notifySmsReceptionResponse></SOAP-ENV:Body></SOAP-ENV:Envelope>
HTTP/1.1 200 OK
Date: Wed, 14 Aug 2013 09:19:25 GMT
Server: Apache/2.0.64 (Unix) PHP/5.5.0
Connection: close
Content-Length: 843
Content-Type: text/xml; charset=utf-8

<?xml version="1.0" encoding="UTF-8"?>
<SOAP-ENV:Envelope xmlns:SOAP-ENV="http://schemas.xmlsoap.org/soap/envelope/" xmlns:SOAP-ENC="http://schemas.xmlsoap.org/soap/encoding/" xmlns:xsi="http://www.w3.org/2001/XMLSchema-instance" xmlns:xsd="http://www.w3.org/2001/XMLSchema" xmlns:ns3="http://www.chinatelecom.com.cn/schema/ctcc/sms/v2_1" xmlns:ns2="http://www.chinatelecom.com.cn/schema/ctcc/sms/notification/v2_1/local" xmlns:ns4="http://www.chinatelecom.com.cn/schema/ctcc/common/v2_1" xmlns:ns1="http://www.chinatelecom.com.cn/wsdl/ctcc/sms/notification/v2_1/service"><SOAP-ENV:Header><ns4:NotifySOAPHeader SOAP-ENV:mustUnderstand="1"><spId></spId><linkId>999999999999999</linkId></ns4:NotifySOAPHeader></SOAP-ENV:Header><SOAP-ENV:Body><ns2:notifySmsReceptionResponse></ns2:notifySmsReceptionResponse></SOAP-ENV:Body></SOAP-ENV:Envelope>
HTTP/1.1 200 OK
Date: Wed, 14 Aug 2013 09:19:44 GMT
Server: Apache/2.0.64 (Unix) PHP/5.5.0
Connection: close
Content-Length: 843
Content-Type: text/xml; charset=utf-8

<?xml version="1.0" encoding="UTF-8"?>
<SOAP-ENV:Envelope xmlns:SOAP-ENV="http://schemas.xmlsoap.org/soap/envelope/" xmlns:SOAP-ENC="http://schemas.xmlsoap.org/soap/encoding/" xmlns:xsi="http://www.w3.org/2001/XMLSchema-instance" xmlns:xsd="http://www.w3.org/2001/XMLSchema" xmlns:ns3="http://www.chinatelecom.com.cn/schema/ctcc/sms/v2_1" xmlns:ns2="http://www.chinatelecom.com.cn/schema/ctcc/sms/notification/v2_1/local" xmlns:ns4="http://www.chinatelecom.com.cn/schema/ctcc/common/v2_1" xmlns:ns1="http://www.chinatelecom.com.cn/wsdl/ctcc/sms/notification/v2_1/service"><SOAP-ENV:Header><ns4:NotifySOAPHeader SOAP-ENV:mustUnderstand="1"><spId></spId><linkId>999999999999999</linkId></ns4:NotifySOAPHeader></SOAP-ENV:Header><SOAP-ENV:Body><ns2:notifySmsReceptionResponse></ns2:notifySmsReceptionResponse></SOAP-ENV:Body></SOAP-ENV:Envelope>
HTTP/1.1 200 OK
Date: Wed, 14 Aug 2013 09:33:11 GMT
Server: Apache/2.0.64 (Unix) PHP/5.5.0
Connection: close
Content-Length: 843
Content-Type: text/xml; charset=utf-8

<?xml version="1.0" encoding="UTF-8"?>
<SOAP-ENV:Envelope xmlns:SOAP-ENV="http://schemas.xmlsoap.org/soap/envelope/" xmlns:SOAP-ENC="http://schemas.xmlsoap.org/soap/encoding/" xmlns:xsi="http://www.w3.org/2001/XMLSchema-instance" xmlns:xsd="http://www.w3.org/2001/XMLSchema" xmlns:ns3="http://www.chinatelecom.com.cn/schema/ctcc/sms/v2_1" xmlns:ns2="http://www.chinatelecom.com.cn/schema/ctcc/sms/notification/v2_1/local" xmlns:ns4="http://www.chinatelecom.com.cn/schema/ctcc/common/v2_1" xmlns:ns1="http://www.chinatelecom.com.cn/wsdl/ctcc/sms/notification/v2_1/service"><SOAP-ENV:Header><ns4:NotifySOAPHeader SOAP-ENV:mustUnderstand="1"><spId></spId><linkId>999999999999999</linkId></ns4:NotifySOAPHeader></SOAP-ENV:Header><SOAP-ENV:Body><ns2:notifySmsReceptionResponse></ns2:notifySmsReceptionResponse></SOAP-ENV:Body></SOAP-ENV:Envelope>
HTTP/1.1 200 OK
Date: Wed, 14 Aug 2013 09:49:27 GMT
Server: Apache/2.0.64 (Unix) PHP/5.5.0
Connection: close
Content-Length: 843
Content-Type: text/xml; charset=utf-8

<?xml version="1.0" encoding="UTF-8"?>
<SOAP-ENV:Envelope xmlns:SOAP-ENV="http://schemas.xmlsoap.org/soap/envelope/" xmlns:SOAP-ENC="http://schemas.xmlsoap.org/soap/encoding/" xmlns:xsi="http://www.w3.org/2001/XMLSchema-instance" xmlns:xsd="http://www.w3.org/2001/XMLSchema" xmlns:ns3="http://www.chinatelecom.com.cn/schema/ctcc/sms/v2_1" xmlns:ns2="http://www.chinatelecom.com.cn/schema/ctcc/sms/notification/v2_1/local" xmlns:ns4="http://www.chinatelecom.com.cn/schema/ctcc/common/v2_1" xmlns:ns1="http://www.chinatelecom.com.cn/wsdl/ctcc/sms/notification/v2_1/service"><SOAP-ENV:Header><ns4:NotifySOAPHeader SOAP-ENV:mustUnderstand="1"><spId></spId><linkId>999999999999999</linkId></ns4:NotifySOAPHeader></SOAP-ENV:Header><SOAP-ENV:Body><ns2:notifySmsReceptionResponse></ns2:notifySmsReceptionResponse></SOAP-ENV:Body></SOAP-ENV:Envelope>
HTTP/1.1 200 OK
Date: Wed, 14 Aug 2013 10:31:57 GMT
Server: Apache/2.0.64 (Unix) PHP/5.5.0
Connection: close
Content-Length: 843
Content-Type: text/xml; charset=utf-8

<?xml version="1.0" encoding="UTF-8"?>
<SOAP-ENV:Envelope xmlns:SOAP-ENV="http://schemas.xmlsoap.org/soap/envelope/" xmlns:SOAP-ENC="http://schemas.xmlsoap.org/soap/encoding/" xmlns:xsi="http://www.w3.org/2001/XMLSchema-instance" xmlns:xsd="http://www.w3.org/2001/XMLSchema" xmlns:ns3="http://www.chinatelecom.com.cn/schema/ctcc/sms/v2_1" xmlns:ns2="http://www.chinatelecom.com.cn/schema/ctcc/sms/notification/v2_1/local" xmlns:ns4="http://www.chinatelecom.com.cn/schema/ctcc/common/v2_1" xmlns:ns1="http://www.chinatelecom.com.cn/wsdl/ctcc/sms/notification/v2_1/service"><SOAP-ENV:Header><ns4:NotifySOAPHeader SOAP-ENV:mustUnderstand="1"><spId></spId><linkId>999999999999999</linkId></ns4:NotifySOAPHeader></SOAP-ENV:Header><SOAP-ENV:Body><ns2:notifySmsReceptionResponse></ns2:notifySmsReceptionResponse></SOAP-ENV:Body></SOAP-ENV:Envelope>
HTTP/1.1 200 OK
Date: Wed, 14 Aug 2013 10:32:24 GMT
Server: Apache/2.0.64 (Unix) PHP/5.5.0
Connection: close
Content-Length: 843
Content-Type: text/xml; charset=utf-8

<?xml version="1.0" encoding="UTF-8"?>
<SOAP-ENV:Envelope xmlns:SOAP-ENV="http://schemas.xmlsoap.org/soap/envelope/" xmlns:SOAP-ENC="http://schemas.xmlsoap.org/soap/encoding/" xmlns:xsi="http://www.w3.org/2001/XMLSchema-instance" xmlns:xsd="http://www.w3.org/2001/XMLSchema" xmlns:ns3="http://www.chinatelecom.com.cn/schema/ctcc/sms/v2_1" xmlns:ns2="http://www.chinatelecom.com.cn/schema/ctcc/sms/notification/v2_1/local" xmlns:ns4="http://www.chinatelecom.com.cn/schema/ctcc/common/v2_1" xmlns:ns1="http://www.chinatelecom.com.cn/wsdl/ctcc/sms/notification/v2_1/service"><SOAP-ENV:Header><ns4:NotifySOAPHeader SOAP-ENV:mustUnderstand="1"><spId></spId><linkId>999999999999999</linkId></ns4:NotifySOAPHeader></SOAP-ENV:Header><SOAP-ENV:Body><ns2:notifySmsReceptionResponse></ns2:notifySmsReceptionResponse></SOAP-ENV:Body></SOAP-ENV:Envelope>
HTTP/1.1 200 OK
Date: Sun, 08 Sep 2013 01:45:36 GMT
Server: Apache/2.0.64 (Unix) PHP/5.5.0
Connection: close
Content-Length: 843
Content-Type: text/xml; charset=utf-8

<?xml version="1.0" encoding="UTF-8"?>
<SOAP-ENV:Envelope xmlns:SOAP-ENV="http://schemas.xmlsoap.org/soap/envelope/" xmlns:SOAP-ENC="http://schemas.xmlsoap.org/soap/encoding/" xmlns:xsi="http://www.w3.org/2001/XMLSchema-instance" xmlns:xsd="http://www.w3.org/2001/XMLSchema" xmlns:ns3="http://www.chinatelecom.com.cn/schema/ctcc/sms/v2_1" xmlns:ns2="http://www.chinatelecom.com.cn/schema/ctcc/sms/notification/v2_1/local" xmlns:ns4="http://www.chinatelecom.com.cn/schema/ctcc/common/v2_1" xmlns:ns1="http://www.chinatelecom.com.cn/wsdl/ctcc/sms/notification/v2_1/service"><SOAP-ENV:Header><ns4:NotifySOAPHeader SOAP-ENV:mustUnderstand="1"><spId></spId><linkId>999999999999999</linkId></ns4:NotifySOAPHeader></SOAP-ENV:Header><SOAP-ENV:Body><ns2:notifySmsReceptionResponse></ns2:notifySmsReceptionResponse></SOAP-ENV:Body></SOAP-ENV:Envelope>
HTTP/1.1 200 OK
Date: Sun, 08 Sep 2013 01:46:35 GMT
Server: Apache/2.0.64 (Unix) PHP/5.5.0
Connection: close
Content-Length: 843
Content-Type: text/xml; charset=utf-8

<?xml version="1.0" encoding="UTF-8"?>
<SOAP-ENV:Envelope xmlns:SOAP-ENV="http://schemas.xmlsoap.org/soap/envelope/" xmlns:SOAP-ENC="http://schemas.xmlsoap.org/soap/encoding/" xmlns:xsi="http://www.w3.org/2001/XMLSchema-instance" xmlns:xsd="http://www.w3.org/2001/XMLSchema" xmlns:ns3="http://www.chinatelecom.com.cn/schema/ctcc/sms/v2_1" xmlns:ns2="http://www.chinatelecom.com.cn/schema/ctcc/sms/notification/v2_1/local" xmlns:ns4="http://www.chinatelecom.com.cn/schema/ctcc/common/v2_1" xmlns:ns1="http://www.chinatelecom.com.cn/wsdl/ctcc/sms/notification/v2_1/service"><SOAP-ENV:Header><ns4:NotifySOAPHeader SOAP-ENV:mustUnderstand="1"><spId></spId><linkId>999999999999999</linkId></ns4:NotifySOAPHeader></SOAP-ENV:Header><SOAP-ENV:Body><ns2:notifySmsReceptionResponse></ns2:notifySmsReceptionResponse></SOAP-ENV:Body></SOAP-ENV:Envelope>
HTTP/1.1 200 OK
Date: Sun, 08 Sep 2013 01:50:02 GMT
Server: Apache/2.0.64 (Unix) PHP/5.5.0
Connection: close
Content-Length: 843
Content-Type: text/xml; charset=utf-8

<?xml version="1.0" encoding="UTF-8"?>
<SOAP-ENV:Envelope xmlns:SOAP-ENV="http://schemas.xmlsoap.org/soap/envelope/" xmlns:SOAP-ENC="http://schemas.xmlsoap.org/soap/encoding/" xmlns:xsi="http://www.w3.org/2001/XMLSchema-instance" xmlns:xsd="http://www.w3.org/2001/XMLSchema" xmlns:ns3="http://www.chinatelecom.com.cn/schema/ctcc/sms/v2_1" xmlns:ns2="http://www.chinatelecom.com.cn/schema/ctcc/sms/notification/v2_1/local" xmlns:ns4="http://www.chinatelecom.com.cn/schema/ctcc/common/v2_1" xmlns:ns1="http://www.chinatelecom.com.cn/wsdl/ctcc/sms/notification/v2_1/service"><SOAP-ENV:Header><ns4:NotifySOAPHeader SOAP-ENV:mustUnderstand="1"><spId></spId><linkId>999999999999999</linkId></ns4:NotifySOAPHeader></SOAP-ENV:Header><SOAP-ENV:Body><ns2:notifySmsReceptionResponse></ns2:notifySmsReceptionResponse></SOAP-ENV:Body></SOAP-ENV:Envelope>
HTTP/1.1 200 OK
Date: Sun, 08 Sep 2013 01:50:44 GMT
Server: Apache/2.0.64 (Unix) PHP/5.5.0
Connection: close
Content-Length: 843
Content-Type: text/xml; charset=utf-8

<?xml version="1.0" encoding="UTF-8"?>
<SOAP-ENV:Envelope xmlns:SOAP-ENV="http://schemas.xmlsoap.org/soap/envelope/" xmlns:SOAP-ENC="http://schemas.xmlsoap.org/soap/encoding/" xmlns:xsi="http://www.w3.org/2001/XMLSchema-instance" xmlns:xsd="http://www.w3.org/2001/XMLSchema" xmlns:ns3="http://www.chinatelecom.com.cn/schema/ctcc/sms/v2_1" xmlns:ns2="http://www.chinatelecom.com.cn/schema/ctcc/sms/notification/v2_1/local" xmlns:ns4="http://www.chinatelecom.com.cn/schema/ctcc/common/v2_1" xmlns:ns1="http://www.chinatelecom.com.cn/wsdl/ctcc/sms/notification/v2_1/service"><SOAP-ENV:Header><ns4:NotifySOAPHeader SOAP-ENV:mustUnderstand="1"><spId></spId><linkId>999999999999999</linkId></ns4:NotifySOAPHeader></SOAP-ENV:Header><SOAP-ENV:Body><ns2:notifySmsReceptionResponse></ns2:notifySmsReceptionResponse></SOAP-ENV:Body></SOAP-ENV:Envelope>
HTTP/1.1 200 OK
Date: Sun, 08 Sep 2013 01:54:43 GMT
Server: Apache/2.0.64 (Unix) PHP/5.5.0
Connection: close
Content-Length: 843
Content-Type: text/xml; charset=utf-8

<?xml version="1.0" encoding="UTF-8"?>
<SOAP-ENV:Envelope xmlns:SOAP-ENV="http://schemas.xmlsoap.org/soap/envelope/" xmlns:SOAP-ENC="http://schemas.xmlsoap.org/soap/encoding/" xmlns:xsi="http://www.w3.org/2001/XMLSchema-instance" xmlns:xsd="http://www.w3.org/2001/XMLSchema" xmlns:ns3="http://www.chinatelecom.com.cn/schema/ctcc/sms/v2_1" xmlns:ns2="http://www.chinatelecom.com.cn/schema/ctcc/sms/notification/v2_1/local" xmlns:ns4="http://www.chinatelecom.com.cn/schema/ctcc/common/v2_1" xmlns:ns1="http://www.chinatelecom.com.cn/wsdl/ctcc/sms/notification/v2_1/service"><SOAP-ENV:Header><ns4:NotifySOAPHeader SOAP-ENV:mustUnderstand="1"><spId></spId><linkId>999999999999999</linkId></ns4:NotifySOAPHeader></SOAP-ENV:Header><SOAP-ENV:Body><ns2:notifySmsReceptionResponse></ns2:notifySmsReceptionResponse></SOAP-ENV:Body></SOAP-ENV:Envelope>
HTTP/1.1 200 OK
Date: Sun, 08 Sep 2013 01:55:29 GMT
Server: Apache/2.0.64 (Unix) PHP/5.5.0
Connection: close
Content-Length: 843
Content-Type: text/xml; charset=utf-8

<?xml version="1.0" encoding="UTF-8"?>
<SOAP-ENV:Envelope xmlns:SOAP-ENV="http://schemas.xmlsoap.org/soap/envelope/" xmlns:SOAP-ENC="http://schemas.xmlsoap.org/soap/encoding/" xmlns:xsi="http://www.w3.org/2001/XMLSchema-instance" xmlns:xsd="http://www.w3.org/2001/XMLSchema" xmlns:ns3="http://www.chinatelecom.com.cn/schema/ctcc/sms/v2_1" xmlns:ns2="http://www.chinatelecom.com.cn/schema/ctcc/sms/notification/v2_1/local" xmlns:ns4="http://www.chinatelecom.com.cn/schema/ctcc/common/v2_1" xmlns:ns1="http://www.chinatelecom.com.cn/wsdl/ctcc/sms/notification/v2_1/service"><SOAP-ENV:Header><ns4:NotifySOAPHeader SOAP-ENV:mustUnderstand="1"><spId></spId><linkId>999999999999999</linkId></ns4:NotifySOAPHeader></SOAP-ENV:Header><SOAP-ENV:Body><ns2:notifySmsReceptionResponse></ns2:notifySmsReceptionResponse></SOAP-ENV:Body></SOAP-ENV:Envelope>
HTTP/1.1 200 OK
Date: Sun, 08 Sep 2013 04:27:31 GMT
Server: Apache/2.0.64 (Unix) PHP/5.5.0
Connection: close
Content-Length: 843
Content-Type: text/xml; charset=utf-8

<?xml version="1.0" encoding="UTF-8"?>
<SOAP-ENV:Envelope xmlns:SOAP-ENV="http://schemas.xmlsoap.org/soap/envelope/" xmlns:SOAP-ENC="http://schemas.xmlsoap.org/soap/encoding/" xmlns:xsi="http://www.w3.org/2001/XMLSchema-instance" xmlns:xsd="http://www.w3.org/2001/XMLSchema" xmlns:ns3="http://www.chinatelecom.com.cn/schema/ctcc/sms/v2_1" xmlns:ns2="http://www.chinatelecom.com.cn/schema/ctcc/sms/notification/v2_1/local" xmlns:ns4="http://www.chinatelecom.com.cn/schema/ctcc/common/v2_1" xmlns:ns1="http://www.chinatelecom.com.cn/wsdl/ctcc/sms/notification/v2_1/service"><SOAP-ENV:Header><ns4:NotifySOAPHeader SOAP-ENV:mustUnderstand="1"><spId></spId><linkId>999999999999999</linkId></ns4:NotifySOAPHeader></SOAP-ENV:Header><SOAP-ENV:Body><ns2:notifySmsReceptionResponse></ns2:notifySmsReceptionResponse></SOAP-ENV:Body></SOAP-ENV:Envelope>
HTTP/1.1 200 OK
Date: Sun, 08 Sep 2013 04:32:53 GMT
Server: Apache/2.0.64 (Unix) PHP/5.5.0
Connection: close
Content-Length: 843
Content-Type: text/xml; charset=utf-8

<?xml version="1.0" encoding="UTF-8"?>
<SOAP-ENV:Envelope xmlns:SOAP-ENV="http://schemas.xmlsoap.org/soap/envelope/" xmlns:SOAP-ENC="http://schemas.xmlsoap.org/soap/encoding/" xmlns:xsi="http://www.w3.org/2001/XMLSchema-instance" xmlns:xsd="http://www.w3.org/2001/XMLSchema" xmlns:ns3="http://www.chinatelecom.com.cn/schema/ctcc/sms/v2_1" xmlns:ns2="http://www.chinatelecom.com.cn/schema/ctcc/sms/notification/v2_1/local" xmlns:ns4="http://www.chinatelecom.com.cn/schema/ctcc/common/v2_1" xmlns:ns1="http://www.chinatelecom.com.cn/wsdl/ctcc/sms/notification/v2_1/service"><SOAP-ENV:Header><ns4:NotifySOAPHeader SOAP-ENV:mustUnderstand="1"><spId></spId><linkId>999999999999999</linkId></ns4:NotifySOAPHeader></SOAP-ENV:Header><SOAP-ENV:Body><ns2:notifySmsReceptionResponse></ns2:notifySmsReceptionResponse></SOAP-ENV:Body></SOAP-ENV:Envelope>
HTTP/1.1 200 OK
Date: Sun, 08 Sep 2013 04:33:36 GMT
Server: Apache/2.0.64 (Unix) PHP/5.5.0
Connection: close
Content-Length: 843
Content-Type: text/xml; charset=utf-8

<?xml version="1.0" encoding="UTF-8"?>
<SOAP-ENV:Envelope xmlns:SOAP-ENV="http://schemas.xmlsoap.org/soap/envelope/" xmlns:SOAP-ENC="http://schemas.xmlsoap.org/soap/encoding/" xmlns:xsi="http://www.w3.org/2001/XMLSchema-instance" xmlns:xsd="http://www.w3.org/2001/XMLSchema" xmlns:ns3="http://www.chinatelecom.com.cn/schema/ctcc/sms/v2_1" xmlns:ns2="http://www.chinatelecom.com.cn/schema/ctcc/sms/notification/v2_1/local" xmlns:ns4="http://www.chinatelecom.com.cn/schema/ctcc/common/v2_1" xmlns:ns1="http://www.chinatelecom.com.cn/wsdl/ctcc/sms/notification/v2_1/service"><SOAP-ENV:Header><ns4:NotifySOAPHeader SOAP-ENV:mustUnderstand="1"><spId></spId><linkId>999999999999999</linkId></ns4:NotifySOAPHeader></SOAP-ENV:Header><SOAP-ENV:Body><ns2:notifySmsReceptionResponse></ns2:notifySmsReceptionResponse></SOAP-ENV:Body></SOAP-ENV:Envelope>
HTTP/1.1 200 OK
Date: Sun, 08 Sep 2013 04:34:26 GMT
Server: Apache/2.0.64 (Unix) PHP/5.5.0
Connection: close
Content-Length: 843
Content-Type: text/xml; charset=utf-8

<?xml version="1.0" encoding="UTF-8"?>
<SOAP-ENV:Envelope xmlns:SOAP-ENV="http://schemas.xmlsoap.org/soap/envelope/" xmlns:SOAP-ENC="http://schemas.xmlsoap.org/soap/encoding/" xmlns:xsi="http://www.w3.org/2001/XMLSchema-instance" xmlns:xsd="http://www.w3.org/2001/XMLSchema" xmlns:ns3="http://www.chinatelecom.com.cn/schema/ctcc/sms/v2_1" xmlns:ns2="http://www.chinatelecom.com.cn/schema/ctcc/sms/notification/v2_1/local" xmlns:ns4="http://www.chinatelecom.com.cn/schema/ctcc/common/v2_1" xmlns:ns1="http://www.chinatelecom.com.cn/wsdl/ctcc/sms/notification/v2_1/service"><SOAP-ENV:Header><ns4:NotifySOAPHeader SOAP-ENV:mustUnderstand="1"><spId></spId><linkId>999999999999999</linkId></ns4:NotifySOAPHeader></SOAP-ENV:Header><SOAP-ENV:Body><ns2:notifySmsReceptionResponse></ns2:notifySmsReceptionResponse></SOAP-ENV:Body></SOAP-ENV:Envelope>
HTTP/1.1 200 OK
Date: Sun, 08 Sep 2013 04:36:29 GMT
Server: Apache/2.0.64 (Unix) PHP/5.5.0
Connection: close
Content-Length: 843
Content-Type: text/xml; charset=utf-8

<?xml version="1.0" encoding="UTF-8"?>
<SOAP-ENV:Envelope xmlns:SOAP-ENV="http://schemas.xmlsoap.org/soap/envelope/" xmlns:SOAP-ENC="http://schemas.xmlsoap.org/soap/encoding/" xmlns:xsi="http://www.w3.org/2001/XMLSchema-instance" xmlns:xsd="http://www.w3.org/2001/XMLSchema" xmlns:ns3="http://www.chinatelecom.com.cn/schema/ctcc/sms/v2_1" xmlns:ns2="http://www.chinatelecom.com.cn/schema/ctcc/sms/notification/v2_1/local" xmlns:ns4="http://www.chinatelecom.com.cn/schema/ctcc/common/v2_1" xmlns:ns1="http://www.chinatelecom.com.cn/wsdl/ctcc/sms/notification/v2_1/service"><SOAP-ENV:Header><ns4:NotifySOAPHeader SOAP-ENV:mustUnderstand="1"><spId></spId><linkId>999999999999999</linkId></ns4:NotifySOAPHeader></SOAP-ENV:Header><SOAP-ENV:Body><ns2:notifySmsReceptionResponse></ns2:notifySmsReceptionResponse></SOAP-ENV:Body></SOAP-ENV:Envelope>
HTTP/1.1 200 OK
Date: Fri, 20 Sep 2013 08:55:24 GMT
Server: Apache/2.0.64 (Unix) PHP/5.5.0
Connection: close
Content-Length: 843
Content-Type: text/xml; charset=utf-8

<?xml version="1.0" encoding="UTF-8"?>
<SOAP-ENV:Envelope xmlns:SOAP-ENV="http://schemas.xmlsoap.org/soap/envelope/" xmlns:SOAP-ENC="http://schemas.xmlsoap.org/soap/encoding/" xmlns:xsi="http://www.w3.org/2001/XMLSchema-instance" xmlns:xsd="http://www.w3.org/2001/XMLSchema" xmlns:ns3="http://www.chinatelecom.com.cn/schema/ctcc/sms/v2_1" xmlns:ns2="http://www.chinatelecom.com.cn/schema/ctcc/sms/notification/v2_1/local" xmlns:ns4="http://www.chinatelecom.com.cn/schema/ctcc/common/v2_1" xmlns:ns1="http://www.chinatelecom.com.cn/wsdl/ctcc/sms/notification/v2_1/service"><SOAP-ENV:Header><ns4:NotifySOAPHeader SOAP-ENV:mustUnderstand="1"><spId></spId><linkId>999999999999999</linkId></ns4:NotifySOAPHeader></SOAP-ENV:Header><SOAP-ENV:Body><ns2:notifySmsReceptionResponse></ns2:notifySmsReceptionResponse></SOAP-ENV:Body></SOAP-ENV:Envelope>
HTTP/1.1 200 OK
Date: Fri, 20 Sep 2013 08:56:53 GMT
Server: Apache/2.0.64 (Unix) PHP/5.5.0
Connection: close
Content-Length: 843
Content-Type: text/xml; charset=utf-8

<?xml version="1.0" encoding="UTF-8"?>
<SOAP-ENV:Envelope xmlns:SOAP-ENV="http://schemas.xmlsoap.org/soap/envelope/" xmlns:SOAP-ENC="http://schemas.xmlsoap.org/soap/encoding/" xmlns:xsi="http://www.w3.org/2001/XMLSchema-instance" xmlns:xsd="http://www.w3.org/2001/XMLSchema" xmlns:ns3="http://www.chinatelecom.com.cn/schema/ctcc/sms/v2_1" xmlns:ns2="http://www.chinatelecom.com.cn/schema/ctcc/sms/notification/v2_1/local" xmlns:ns4="http://www.chinatelecom.com.cn/schema/ctcc/common/v2_1" xmlns:ns1="http://www.chinatelecom.com.cn/wsdl/ctcc/sms/notification/v2_1/service"><SOAP-ENV:Header><ns4:NotifySOAPHeader SOAP-ENV:mustUnderstand="1"><spId></spId><linkId>999999999999999</linkId></ns4:NotifySOAPHeader></SOAP-ENV:Header><SOAP-ENV:Body><ns2:notifySmsReceptionResponse></ns2:notifySmsReceptionResponse></SOAP-ENV:Body></SOAP-ENV:Envelope>
HTTP/1.1 200 OK
Date: Fri, 20 Sep 2013 09:15:13 GMT
Server: Apache/2.0.64 (Unix) PHP/5.5.0
Connection: close
Content-Length: 843
Content-Type: text/xml; charset=utf-8

<?xml version="1.0" encoding="UTF-8"?>
<SOAP-ENV:Envelope xmlns:SOAP-ENV="http://schemas.xmlsoap.org/soap/envelope/" xmlns:SOAP-ENC="http://schemas.xmlsoap.org/soap/encoding/" xmlns:xsi="http://www.w3.org/2001/XMLSchema-instance" xmlns:xsd="http://www.w3.org/2001/XMLSchema" xmlns:ns3="http://www.chinatelecom.com.cn/schema/ctcc/sms/v2_1" xmlns:ns2="http://www.chinatelecom.com.cn/schema/ctcc/sms/notification/v2_1/local" xmlns:ns4="http://www.chinatelecom.com.cn/schema/ctcc/common/v2_1" xmlns:ns1="http://www.chinatelecom.com.cn/wsdl/ctcc/sms/notification/v2_1/service"><SOAP-ENV:Header><ns4:NotifySOAPHeader SOAP-ENV:mustUnderstand="1"><spId></spId><linkId>999999999999999</linkId></ns4:NotifySOAPHeader></SOAP-ENV:Header><SOAP-ENV:Body><ns2:notifySmsReceptionResponse></ns2:notifySmsReceptionResponse></SOAP-ENV:Body></SOAP-ENV:Envelope>
HTTP/1.1 200 OK
Date: Fri, 20 Sep 2013 09:15:58 GMT
Server: Apache/2.0.64 (Unix) PHP/5.5.0
Connection: close
Content-Length: 843
Content-Type: text/xml; charset=utf-8

<?xml version="1.0" encoding="UTF-8"?>
<SOAP-ENV:Envelope xmlns:SOAP-ENV="http://schemas.xmlsoap.org/soap/envelope/" xmlns:SOAP-ENC="http://schemas.xmlsoap.org/soap/encoding/" xmlns:xsi="http://www.w3.org/2001/XMLSchema-instance" xmlns:xsd="http://www.w3.org/2001/XMLSchema" xmlns:ns3="http://www.chinatelecom.com.cn/schema/ctcc/sms/v2_1" xmlns:ns2="http://www.chinatelecom.com.cn/schema/ctcc/sms/notification/v2_1/local" xmlns:ns4="http://www.chinatelecom.com.cn/schema/ctcc/common/v2_1" xmlns:ns1="http://www.chinatelecom.com.cn/wsdl/ctcc/sms/notification/v2_1/service"><SOAP-ENV:Header><ns4:NotifySOAPHeader SOAP-ENV:mustUnderstand="1"><spId></spId><linkId>999999999999999</linkId></ns4:NotifySOAPHeader></SOAP-ENV:Header><SOAP-ENV:Body><ns2:notifySmsReceptionResponse></ns2:notifySmsReceptionResponse></SOAP-ENV:Body></SOAP-ENV:Envelope>
HTTP/1.1 200 OK
Date: Fri, 20 Sep 2013 09:18:33 GMT
Server: Apache/2.0.64 (Unix) PHP/5.5.0
Connection: close
Content-Length: 843
Content-Type: text/xml; charset=utf-8

<?xml version="1.0" encoding="UTF-8"?>
<SOAP-ENV:Envelope xmlns:SOAP-ENV="http://schemas.xmlsoap.org/soap/envelope/" xmlns:SOAP-ENC="http://schemas.xmlsoap.org/soap/encoding/" xmlns:xsi="http://www.w3.org/2001/XMLSchema-instance" xmlns:xsd="http://www.w3.org/2001/XMLSchema" xmlns:ns3="http://www.chinatelecom.com.cn/schema/ctcc/sms/v2_1" xmlns:ns2="http://www.chinatelecom.com.cn/schema/ctcc/sms/notification/v2_1/local" xmlns:ns4="http://www.chinatelecom.com.cn/schema/ctcc/common/v2_1" xmlns:ns1="http://www.chinatelecom.com.cn/wsdl/ctcc/sms/notification/v2_1/service"><SOAP-ENV:Header><ns4:NotifySOAPHeader SOAP-ENV:mustUnderstand="1"><spId></spId><linkId>999999999999999</linkId></ns4:NotifySOAPHeader></SOAP-ENV:Header><SOAP-ENV:Body><ns2:notifySmsReceptionResponse></ns2:notifySmsReceptionResponse></SOAP-ENV:Body></SOAP-ENV:Envelope>
HTTP/1.1 200 OK
Date: Fri, 20 Sep 2013 09:19:50 GMT
Server: Apache/2.0.64 (Unix) PHP/5.5.0
Connection: close
Content-Length: 843
Content-Type: text/xml; charset=utf-8

<?xml version="1.0" encoding="UTF-8"?>
<SOAP-ENV:Envelope xmlns:SOAP-ENV="http://schemas.xmlsoap.org/soap/envelope/" xmlns:SOAP-ENC="http://schemas.xmlsoap.org/soap/encoding/" xmlns:xsi="http://www.w3.org/2001/XMLSchema-instance" xmlns:xsd="http://www.w3.org/2001/XMLSchema" xmlns:ns3="http://www.chinatelecom.com.cn/schema/ctcc/sms/v2_1" xmlns:ns2="http://www.chinatelecom.com.cn/schema/ctcc/sms/notification/v2_1/local" xmlns:ns4="http://www.chinatelecom.com.cn/schema/ctcc/common/v2_1" xmlns:ns1="http://www.chinatelecom.com.cn/wsdl/ctcc/sms/notification/v2_1/service"><SOAP-ENV:Header><ns4:NotifySOAPHeader SOAP-ENV:mustUnderstand="1"><spId></spId><linkId>999999999999999</linkId></ns4:NotifySOAPHeader></SOAP-ENV:Header><SOAP-ENV:Body><ns2:notifySmsReceptionResponse></ns2:notifySmsReceptionResponse></SOAP-ENV:Body></SOAP-ENV:Envelope>
HTTP/1.1 200 OK
Date: Fri, 20 Sep 2013 09:20:29 GMT
Server: Apache/2.0.64 (Unix) PHP/5.5.0
Connection: close
Content-Length: 843
Content-Type: text/xml; charset=utf-8

<?xml version="1.0" encoding="UTF-8"?>
<SOAP-ENV:Envelope xmlns:SOAP-ENV="http://schemas.xmlsoap.org/soap/envelope/" xmlns:SOAP-ENC="http://schemas.xmlsoap.org/soap/encoding/" xmlns:xsi="http://www.w3.org/2001/XMLSchema-instance" xmlns:xsd="http://www.w3.org/2001/XMLSchema" xmlns:ns3="http://www.chinatelecom.com.cn/schema/ctcc/sms/v2_1" xmlns:ns2="http://www.chinatelecom.com.cn/schema/ctcc/sms/notification/v2_1/local" xmlns:ns4="http://www.chinatelecom.com.cn/schema/ctcc/common/v2_1" xmlns:ns1="http://www.chinatelecom.com.cn/wsdl/ctcc/sms/notification/v2_1/service"><SOAP-ENV:Header><ns4:NotifySOAPHeader SOAP-ENV:mustUnderstand="1"><spId></spId><linkId>999999999999999</linkId></ns4:NotifySOAPHeader></SOAP-ENV:Header><SOAP-ENV:Body><ns2:notifySmsReceptionResponse></ns2:notifySmsReceptionResponse></SOAP-ENV:Body></SOAP-ENV:Envelope>
HTTP/1.1 200 OK
Date: Fri, 20 Sep 2013 09:21:35 GMT
Server: Apache/2.0.64 (Unix) PHP/5.5.0
Connection: close
Content-Length: 843
Content-Type: text/xml; charset=utf-8

<?xml version="1.0" encoding="UTF-8"?>
<SOAP-ENV:Envelope xmlns:SOAP-ENV="http://schemas.xmlsoap.org/soap/envelope/" xmlns:SOAP-ENC="http://schemas.xmlsoap.org/soap/encoding/" xmlns:xsi="http://www.w3.org/2001/XMLSchema-instance" xmlns:xsd="http://www.w3.org/2001/XMLSchema" xmlns:ns3="http://www.chinatelecom.com.cn/schema/ctcc/sms/v2_1" xmlns:ns2="http://www.chinatelecom.com.cn/schema/ctcc/sms/notification/v2_1/local" xmlns:ns4="http://www.chinatelecom.com.cn/schema/ctcc/common/v2_1" xmlns:ns1="http://www.chinatelecom.com.cn/wsdl/ctcc/sms/notification/v2_1/service"><SOAP-ENV:Header><ns4:NotifySOAPHeader SOAP-ENV:mustUnderstand="1"><spId></spId><linkId>999999999999999</linkId></ns4:NotifySOAPHeader></SOAP-ENV:Header><SOAP-ENV:Body><ns2:notifySmsReceptionResponse></ns2:notifySmsReceptionResponse></SOAP-ENV:Body></SOAP-ENV:Envelope>
HTTP/1.1 200 OK
Date: Fri, 20 Sep 2013 09:22:50 GMT
Server: Apache/2.0.64 (Unix) PHP/5.5.0
Connection: close
Content-Length: 843
Content-Type: text/xml; charset=utf-8

<?xml version="1.0" encoding="UTF-8"?>
<SOAP-ENV:Envelope xmlns:SOAP-ENV="http://schemas.xmlsoap.org/soap/envelope/" xmlns:SOAP-ENC="http://schemas.xmlsoap.org/soap/encoding/" xmlns:xsi="http://www.w3.org/2001/XMLSchema-instance" xmlns:xsd="http://www.w3.org/2001/XMLSchema" xmlns:ns3="http://www.chinatelecom.com.cn/schema/ctcc/sms/v2_1" xmlns:ns2="http://www.chinatelecom.com.cn/schema/ctcc/sms/notification/v2_1/local" xmlns:ns4="http://www.chinatelecom.com.cn/schema/ctcc/common/v2_1" xmlns:ns1="http://www.chinatelecom.com.cn/wsdl/ctcc/sms/notification/v2_1/service"><SOAP-ENV:Header><ns4:NotifySOAPHeader SOAP-ENV:mustUnderstand="1"><spId></spId><linkId>999999999999999</linkId></ns4:NotifySOAPHeader></SOAP-ENV:Header><SOAP-ENV:Body><ns2:notifySmsReceptionResponse></ns2:notifySmsReceptionResponse></SOAP-ENV:Body></SOAP-ENV:Envelope>
HTTP/1.1 200 OK
Date: Tue, 01 Oct 2013 11:57:19 GMT
Server: Apache/2.0.64 (Unix) PHP/5.5.0
Connection: close
Content-Length: 843
Content-Type: text/xml; charset=utf-8

<?xml version="1.0" encoding="UTF-8"?>
<SOAP-ENV:Envelope xmlns:SOAP-ENV="http://schemas.xmlsoap.org/soap/envelope/" xmlns:SOAP-ENC="http://schemas.xmlsoap.org/soap/encoding/" xmlns:xsi="http://www.w3.org/2001/XMLSchema-instance" xmlns:xsd="http://www.w3.org/2001/XMLSchema" xmlns:ns3="http://www.chinatelecom.com.cn/schema/ctcc/sms/v2_1" xmlns:ns2="http://www.chinatelecom.com.cn/schema/ctcc/sms/notification/v2_1/local" xmlns:ns4="http://www.chinatelecom.com.cn/schema/ctcc/common/v2_1" xmlns:ns1="http://www.chinatelecom.com.cn/wsdl/ctcc/sms/notification/v2_1/service"><SOAP-ENV:Header><ns4:NotifySOAPHeader SOAP-ENV:mustUnderstand="1"><spId></spId><linkId>999999999999999</linkId></ns4:NotifySOAPHeader></SOAP-ENV:Header><SOAP-ENV:Body><ns2:notifySmsReceptionResponse></ns2:notifySmsReceptionResponse></SOAP-ENV:Body></SOAP-ENV:Envelope>
HTTP/1.1 200 OK
Date: Tue, 01 Oct 2013 12:00:42 GMT
Server: Apache/2.0.64 (Unix) PHP/5.5.0
Connection: close
Content-Length: 843
Content-Type: text/xml; charset=utf-8

<?xml version="1.0" encoding="UTF-8"?>
<SOAP-ENV:Envelope xmlns:SOAP-ENV="http://schemas.xmlsoap.org/soap/envelope/" xmlns:SOAP-ENC="http://schemas.xmlsoap.org/soap/encoding/" xmlns:xsi="http://www.w3.org/2001/XMLSchema-instance" xmlns:xsd="http://www.w3.org/2001/XMLSchema" xmlns:ns3="http://www.chinatelecom.com.cn/schema/ctcc/sms/v2_1" xmlns:ns2="http://www.chinatelecom.com.cn/schema/ctcc/sms/notification/v2_1/local" xmlns:ns4="http://www.chinatelecom.com.cn/schema/ctcc/common/v2_1" xmlns:ns1="http://www.chinatelecom.com.cn/wsdl/ctcc/sms/notification/v2_1/service"><SOAP-ENV:Header><ns4:NotifySOAPHeader SOAP-ENV:mustUnderstand="1"><spId></spId><linkId>999999999999999</linkId></ns4:NotifySOAPHeader></SOAP-ENV:Header><SOAP-ENV:Body><ns2:notifySmsReceptionResponse></ns2:notifySmsReceptionResponse></SOAP-ENV:Body></SOAP-ENV:Envelope>
HTTP/1.1 200 OK
Date: Tue, 01 Oct 2013 12:01:44 GMT
Server: Apache/2.0.64 (Unix) PHP/5.5.0
Connection: close
Content-Length: 843
Content-Type: text/xml; charset=utf-8

<?xml version="1.0" encoding="UTF-8"?>
<SOAP-ENV:Envelope xmlns:SOAP-ENV="http://schemas.xmlsoap.org/soap/envelope/" xmlns:SOAP-ENC="http://schemas.xmlsoap.org/soap/encoding/" xmlns:xsi="http://www.w3.org/2001/XMLSchema-instance" xmlns:xsd="http://www.w3.org/2001/XMLSchema" xmlns:ns3="http://www.chinatelecom.com.cn/schema/ctcc/sms/v2_1" xmlns:ns2="http://www.chinatelecom.com.cn/schema/ctcc/sms/notification/v2_1/local" xmlns:ns4="http://www.chinatelecom.com.cn/schema/ctcc/common/v2_1" xmlns:ns1="http://www.chinatelecom.com.cn/wsdl/ctcc/sms/notification/v2_1/service"><SOAP-ENV:Header><ns4:NotifySOAPHeader SOAP-ENV:mustUnderstand="1"><spId></spId><linkId>999999999999999</linkId></ns4:NotifySOAPHeader></SOAP-ENV:Header><SOAP-ENV:Body><ns2:notifySmsReceptionResponse></ns2:notifySmsReceptionResponse></SOAP-ENV:Body></SOAP-ENV:Envelope>
HTTP/1.1 200 OK
Date: Tue, 01 Oct 2013 12:01:59 GMT
Server: Apache/2.0.64 (Unix) PHP/5.5.0
Connection: close
Content-Length: 843
Content-Type: text/xml; charset=utf-8

<?xml version="1.0" encoding="UTF-8"?>
<SOAP-ENV:Envelope xmlns:SOAP-ENV="http://schemas.xmlsoap.org/soap/envelope/" xmlns:SOAP-ENC="http://schemas.xmlsoap.org/soap/encoding/" xmlns:xsi="http://www.w3.org/2001/XMLSchema-instance" xmlns:xsd="http://www.w3.org/2001/XMLSchema" xmlns:ns3="http://www.chinatelecom.com.cn/schema/ctcc/sms/v2_1" xmlns:ns2="http://www.chinatelecom.com.cn/schema/ctcc/sms/notification/v2_1/local" xmlns:ns4="http://www.chinatelecom.com.cn/schema/ctcc/common/v2_1" xmlns:ns1="http://www.chinatelecom.com.cn/wsdl/ctcc/sms/notification/v2_1/service"><SOAP-ENV:Header><ns4:NotifySOAPHeader SOAP-ENV:mustUnderstand="1"><spId></spId><linkId>999999999999999</linkId></ns4:NotifySOAPHeader></SOAP-ENV:Header><SOAP-ENV:Body><ns2:notifySmsReceptionResponse></ns2:notifySmsReceptionResponse></SOAP-ENV:Body></SOAP-ENV:Envelope>
HTTP/1.1 200 OK
Date: Tue, 01 Oct 2013 13:08:23 GMT
Server: Apache/2.0.64 (Unix) PHP/5.5.0
Connection: close
Content-Length: 843
Content-Type: text/xml; charset=utf-8

<?xml version="1.0" encoding="UTF-8"?>
<SOAP-ENV:Envelope xmlns:SOAP-ENV="http://schemas.xmlsoap.org/soap/envelope/" xmlns:SOAP-ENC="http://schemas.xmlsoap.org/soap/encoding/" xmlns:xsi="http://www.w3.org/2001/XMLSchema-instance" xmlns:xsd="http://www.w3.org/2001/XMLSchema" xmlns:ns3="http://www.chinatelecom.com.cn/schema/ctcc/sms/v2_1" xmlns:ns2="http://www.chinatelecom.com.cn/schema/ctcc/sms/notification/v2_1/local" xmlns:ns4="http://www.chinatelecom.com.cn/schema/ctcc/common/v2_1" xmlns:ns1="http://www.chinatelecom.com.cn/wsdl/ctcc/sms/notification/v2_1/service"><SOAP-ENV:Header><ns4:NotifySOAPHeader SOAP-ENV:mustUnderstand="1"><spId></spId><linkId>999999999999999</linkId></ns4:NotifySOAPHeader></SOAP-ENV:Header><SOAP-ENV:Body><ns2:notifySmsReceptionResponse></ns2:notifySmsReceptionResponse></SOAP-ENV:Body></SOAP-ENV:Envelope>
HTTP/1.1 200 OK
Date: Tue, 01 Oct 2013 13:11:18 GMT
Server: Apache/2.0.64 (Unix) PHP/5.5.0
Connection: close
Content-Length: 843
Content-Type: text/xml; charset=utf-8

<?xml version="1.0" encoding="UTF-8"?>
<SOAP-ENV:Envelope xmlns:SOAP-ENV="http://schemas.xmlsoap.org/soap/envelope/" xmlns:SOAP-ENC="http://schemas.xmlsoap.org/soap/encoding/" xmlns:xsi="http://www.w3.org/2001/XMLSchema-instance" xmlns:xsd="http://www.w3.org/2001/XMLSchema" xmlns:ns3="http://www.chinatelecom.com.cn/schema/ctcc/sms/v2_1" xmlns:ns2="http://www.chinatelecom.com.cn/schema/ctcc/sms/notification/v2_1/local" xmlns:ns4="http://www.chinatelecom.com.cn/schema/ctcc/common/v2_1" xmlns:ns1="http://www.chinatelecom.com.cn/wsdl/ctcc/sms/notification/v2_1/service"><SOAP-ENV:Header><ns4:NotifySOAPHeader SOAP-ENV:mustUnderstand="1"><spId></spId><linkId>999999999999999</linkId></ns4:NotifySOAPHeader></SOAP-ENV:Header><SOAP-ENV:Body><ns2:notifySmsReceptionResponse></ns2:notifySmsReceptionResponse></SOAP-ENV:Body></SOAP-ENV:Envelope>
HTTP/1.1 200 OK
Date: Tue, 01 Oct 2013 13:11:37 GMT
Server: Apache/2.0.64 (Unix) PHP/5.5.0
Connection: close
Content-Length: 843
Content-Type: text/xml; charset=utf-8

<?xml version="1.0" encoding="UTF-8"?>
<SOAP-ENV:Envelope xmlns:SOAP-ENV="http://schemas.xmlsoap.org/soap/envelope/" xmlns:SOAP-ENC="http://schemas.xmlsoap.org/soap/encoding/" xmlns:xsi="http://www.w3.org/2001/XMLSchema-instance" xmlns:xsd="http://www.w3.org/2001/XMLSchema" xmlns:ns3="http://www.chinatelecom.com.cn/schema/ctcc/sms/v2_1" xmlns:ns2="http://www.chinatelecom.com.cn/schema/ctcc/sms/notification/v2_1/local" xmlns:ns4="http://www.chinatelecom.com.cn/schema/ctcc/common/v2_1" xmlns:ns1="http://www.chinatelecom.com.cn/wsdl/ctcc/sms/notification/v2_1/service"><SOAP-ENV:Header><ns4:NotifySOAPHeader SOAP-ENV:mustUnderstand="1"><spId></spId><linkId>999999999999999</linkId></ns4:NotifySOAPHeader></SOAP-ENV:Header><SOAP-ENV:Body><ns2:notifySmsReceptionResponse></ns2:notifySmsReceptionResponse></SOAP-ENV:Body></SOAP-ENV:Envelope>
HTTP/1.1 200 OK
Date: Tue, 01 Oct 2013 13:11:52 GMT
Server: Apache/2.0.64 (Unix) PHP/5.5.0
Connection: close
Content-Length: 843
Content-Type: text/xml; charset=utf-8

<?xml version="1.0" encoding="UTF-8"?>
<SOAP-ENV:Envelope xmlns:SOAP-ENV="http://schemas.xmlsoap.org/soap/envelope/" xmlns:SOAP-ENC="http://schemas.xmlsoap.org/soap/encoding/" xmlns:xsi="http://www.w3.org/2001/XMLSchema-instance" xmlns:xsd="http://www.w3.org/2001/XMLSchema" xmlns:ns3="http://www.chinatelecom.com.cn/schema/ctcc/sms/v2_1" xmlns:ns2="http://www.chinatelecom.com.cn/schema/ctcc/sms/notification/v2_1/local" xmlns:ns4="http://www.chinatelecom.com.cn/schema/ctcc/common/v2_1" xmlns:ns1="http://www.chinatelecom.com.cn/wsdl/ctcc/sms/notification/v2_1/service"><SOAP-ENV:Header><ns4:NotifySOAPHeader SOAP-ENV:mustUnderstand="1"><spId></spId><linkId>999999999999999</linkId></ns4:NotifySOAPHeader></SOAP-ENV:Header><SOAP-ENV:Body><ns2:notifySmsReceptionResponse></ns2:notifySmsReceptionResponse></SOAP-ENV:Body></SOAP-ENV:Envelope>
HTTP/1.1 200 OK
Date: Wed, 02 Oct 2013 02:59:57 GMT
Server: Apache/2.0.64 (Unix) PHP/5.5.0
Connection: close
Content-Length: 843
Content-Type: text/xml; charset=utf-8

<?xml version="1.0" encoding="UTF-8"?>
<SOAP-ENV:Envelope xmlns:SOAP-ENV="http://schemas.xmlsoap.org/soap/envelope/" xmlns:SOAP-ENC="http://schemas.xmlsoap.org/soap/encoding/" xmlns:xsi="http://www.w3.org/2001/XMLSchema-instance" xmlns:xsd="http://www.w3.org/2001/XMLSchema" xmlns:ns3="http://www.chinatelecom.com.cn/schema/ctcc/sms/v2_1" xmlns:ns2="http://www.chinatelecom.com.cn/schema/ctcc/sms/notification/v2_1/local" xmlns:ns4="http://www.chinatelecom.com.cn/schema/ctcc/common/v2_1" xmlns:ns1="http://www.chinatelecom.com.cn/wsdl/ctcc/sms/notification/v2_1/service"><SOAP-ENV:Header><ns4:NotifySOAPHeader SOAP-ENV:mustUnderstand="1"><spId></spId><linkId>999999999999999</linkId></ns4:NotifySOAPHeader></SOAP-ENV:Header><SOAP-ENV:Body><ns2:notifySmsReceptionResponse></ns2:notifySmsReceptionResponse></SOAP-ENV:Body></SOAP-ENV:Envelope>
HTTP/1.1 200 OK
Date: Wed, 02 Oct 2013 03:01:23 GMT
Server: Apache/2.0.64 (Unix) PHP/5.5.0
Connection: close
Content-Length: 843
Content-Type: text/xml; charset=utf-8

<?xml version="1.0" encoding="UTF-8"?>
<SOAP-ENV:Envelope xmlns:SOAP-ENV="http://schemas.xmlsoap.org/soap/envelope/" xmlns:SOAP-ENC="http://schemas.xmlsoap.org/soap/encoding/" xmlns:xsi="http://www.w3.org/2001/XMLSchema-instance" xmlns:xsd="http://www.w3.org/2001/XMLSchema" xmlns:ns3="http://www.chinatelecom.com.cn/schema/ctcc/sms/v2_1" xmlns:ns2="http://www.chinatelecom.com.cn/schema/ctcc/sms/notification/v2_1/local" xmlns:ns4="http://www.chinatelecom.com.cn/schema/ctcc/common/v2_1" xmlns:ns1="http://www.chinatelecom.com.cn/wsdl/ctcc/sms/notification/v2_1/service"><SOAP-ENV:Header><ns4:NotifySOAPHeader SOAP-ENV:mustUnderstand="1"><spId></spId><linkId>999999999999999</linkId></ns4:NotifySOAPHeader></SOAP-ENV:Header><SOAP-ENV:Body><ns2:notifySmsReceptionResponse></ns2:notifySmsReceptionResponse></SOAP-ENV:Body></SOAP-ENV:Envelope>
HTTP/1.1 200 OK
Date: Wed, 02 Oct 2013 03:01:57 GMT
Server: Apache/2.0.64 (Unix) PHP/5.5.0
Connection: close
Content-Length: 843
Content-Type: text/xml; charset=utf-8

<?xml version="1.0" encoding="UTF-8"?>
<SOAP-ENV:Envelope xmlns:SOAP-ENV="http://schemas.xmlsoap.org/soap/envelope/" xmlns:SOAP-ENC="http://schemas.xmlsoap.org/soap/encoding/" xmlns:xsi="http://www.w3.org/2001/XMLSchema-instance" xmlns:xsd="http://www.w3.org/2001/XMLSchema" xmlns:ns3="http://www.chinatelecom.com.cn/schema/ctcc/sms/v2_1" xmlns:ns2="http://www.chinatelecom.com.cn/schema/ctcc/sms/notification/v2_1/local" xmlns:ns4="http://www.chinatelecom.com.cn/schema/ctcc/common/v2_1" xmlns:ns1="http://www.chinatelecom.com.cn/wsdl/ctcc/sms/notification/v2_1/service"><SOAP-ENV:Header><ns4:NotifySOAPHeader SOAP-ENV:mustUnderstand="1"><spId></spId><linkId>999999999999999</linkId></ns4:NotifySOAPHeader></SOAP-ENV:Header><SOAP-ENV:Body><ns2:notifySmsReceptionResponse></ns2:notifySmsReceptionResponse></SOAP-ENV:Body></SOAP-ENV:Envelope>
HTTP/1.1 200 OK
Date: Wed, 02 Oct 2013 03:02:02 GMT
Server: Apache/2.0.64 (Unix) PHP/5.5.0
Connection: close
Content-Length: 843
Content-Type: text/xml; charset=utf-8

<?xml version="1.0" encoding="UTF-8"?>
<SOAP-ENV:Envelope xmlns:SOAP-ENV="http://schemas.xmlsoap.org/soap/envelope/" xmlns:SOAP-ENC="http://schemas.xmlsoap.org/soap/encoding/" xmlns:xsi="http://www.w3.org/2001/XMLSchema-instance" xmlns:xsd="http://www.w3.org/2001/XMLSchema" xmlns:ns3="http://www.chinatelecom.com.cn/schema/ctcc/sms/v2_1" xmlns:ns2="http://www.chinatelecom.com.cn/schema/ctcc/sms/notification/v2_1/local" xmlns:ns4="http://www.chinatelecom.com.cn/schema/ctcc/common/v2_1" xmlns:ns1="http://www.chinatelecom.com.cn/wsdl/ctcc/sms/notification/v2_1/service"><SOAP-ENV:Header><ns4:NotifySOAPHeader SOAP-ENV:mustUnderstand="1"><spId></spId><linkId>999999999999999</linkId></ns4:NotifySOAPHeader></SOAP-ENV:Header><SOAP-ENV:Body><ns2:notifySmsReceptionResponse></ns2:notifySmsReceptionResponse></SOAP-ENV:Body></SOAP-ENV:Envelope>
HTTP/1.1 200 OK
Date: Wed, 02 Oct 2013 03:02:04 GMT
Server: Apache/2.0.64 (Unix) PHP/5.5.0
Connection: close
Content-Length: 843
Content-Type: text/xml; charset=utf-8

<?xml version="1.0" encoding="UTF-8"?>
<SOAP-ENV:Envelope xmlns:SOAP-ENV="http://schemas.xmlsoap.org/soap/envelope/" xmlns:SOAP-ENC="http://schemas.xmlsoap.org/soap/encoding/" xmlns:xsi="http://www.w3.org/2001/XMLSchema-instance" xmlns:xsd="http://www.w3.org/2001/XMLSchema" xmlns:ns3="http://www.chinatelecom.com.cn/schema/ctcc/sms/v2_1" xmlns:ns2="http://www.chinatelecom.com.cn/schema/ctcc/sms/notification/v2_1/local" xmlns:ns4="http://www.chinatelecom.com.cn/schema/ctcc/common/v2_1" xmlns:ns1="http://www.chinatelecom.com.cn/wsdl/ctcc/sms/notification/v2_1/service"><SOAP-ENV:Header><ns4:NotifySOAPHeader SOAP-ENV:mustUnderstand="1"><spId></spId><linkId>999999999999999</linkId></ns4:NotifySOAPHeader></SOAP-ENV:Header><SOAP-ENV:Body><ns2:notifySmsReceptionResponse></ns2:notifySmsReceptionResponse></SOAP-ENV:Body></SOAP-ENV:Envelope>
HTTP/1.1 200 OK
Date: Wed, 02 Oct 2013 03:02:11 GMT
Server: Apache/2.0.64 (Unix) PHP/5.5.0
Connection: close
Content-Length: 843
Content-Type: text/xml; charset=utf-8

<?xml version="1.0" encoding="UTF-8"?>
<SOAP-ENV:Envelope xmlns:SOAP-ENV="http://schemas.xmlsoap.org/soap/envelope/" xmlns:SOAP-ENC="http://schemas.xmlsoap.org/soap/encoding/" xmlns:xsi="http://www.w3.org/2001/XMLSchema-instance" xmlns:xsd="http://www.w3.org/2001/XMLSchema" xmlns:ns3="http://www.chinatelecom.com.cn/schema/ctcc/sms/v2_1" xmlns:ns2="http://www.chinatelecom.com.cn/schema/ctcc/sms/notification/v2_1/local" xmlns:ns4="http://www.chinatelecom.com.cn/schema/ctcc/common/v2_1" xmlns:ns1="http://www.chinatelecom.com.cn/wsdl/ctcc/sms/notification/v2_1/service"><SOAP-ENV:Header><ns4:NotifySOAPHeader SOAP-ENV:mustUnderstand="1"><spId></spId><linkId>999999999999999</linkId></ns4:NotifySOAPHeader></SOAP-ENV:Header><SOAP-ENV:Body><ns2:notifySmsReceptionResponse></ns2:notifySmsReceptionResponse></SOAP-ENV:Body></SOAP-ENV:Envelope>
HTTP/1.1 200 OK
Date: Wed, 02 Oct 2013 03:02:24 GMT
Server: Apache/2.0.64 (Unix) PHP/5.5.0
Connection: close
Content-Length: 843
Content-Type: text/xml; charset=utf-8

<?xml version="1.0" encoding="UTF-8"?>
<SOAP-ENV:Envelope xmlns:SOAP-ENV="http://schemas.xmlsoap.org/soap/envelope/" xmlns:SOAP-ENC="http://schemas.xmlsoap.org/soap/encoding/" xmlns:xsi="http://www.w3.org/2001/XMLSchema-instance" xmlns:xsd="http://www.w3.org/2001/XMLSchema" xmlns:ns3="http://www.chinatelecom.com.cn/schema/ctcc/sms/v2_1" xmlns:ns2="http://www.chinatelecom.com.cn/schema/ctcc/sms/notification/v2_1/local" xmlns:ns4="http://www.chinatelecom.com.cn/schema/ctcc/common/v2_1" xmlns:ns1="http://www.chinatelecom.com.cn/wsdl/ctcc/sms/notification/v2_1/service"><SOAP-ENV:Header><ns4:NotifySOAPHeader SOAP-ENV:mustUnderstand="1"><spId></spId><linkId>999999999999999</linkId></ns4:NotifySOAPHeader></SOAP-ENV:Header><SOAP-ENV:Body><ns2:notifySmsReceptionResponse></ns2:notifySmsReceptionResponse></SOAP-ENV:Body></SOAP-ENV:Envelope>
HTTP/1.1 200 OK
Date: Wed, 02 Oct 2013 03:02:24 GMT
Server: Apache/2.0.64 (Unix) PHP/5.5.0
Connection: close
Content-Length: 843
Content-Type: text/xml; charset=utf-8

<?xml version="1.0" encoding="UTF-8"?>
<SOAP-ENV:Envelope xmlns:SOAP-ENV="http://schemas.xmlsoap.org/soap/envelope/" xmlns:SOAP-ENC="http://schemas.xmlsoap.org/soap/encoding/" xmlns:xsi="http://www.w3.org/2001/XMLSchema-instance" xmlns:xsd="http://www.w3.org/2001/XMLSchema" xmlns:ns3="http://www.chinatelecom.com.cn/schema/ctcc/sms/v2_1" xmlns:ns2="http://www.chinatelecom.com.cn/schema/ctcc/sms/notification/v2_1/local" xmlns:ns4="http://www.chinatelecom.com.cn/schema/ctcc/common/v2_1" xmlns:ns1="http://www.chinatelecom.com.cn/wsdl/ctcc/sms/notification/v2_1/service"><SOAP-ENV:Header><ns4:NotifySOAPHeader SOAP-ENV:mustUnderstand="1"><spId></spId><linkId>999999999999999</linkId></ns4:NotifySOAPHeader></SOAP-ENV:Header><SOAP-ENV:Body><ns2:notifySmsReceptionResponse></ns2:notifySmsReceptionResponse></SOAP-ENV:Body></SOAP-ENV:Envelope>
HTTP/1.1 200 OK
Date: Wed, 02 Oct 2013 03:02:25 GMT
Server: Apache/2.0.64 (Unix) PHP/5.5.0
Connection: close
Content-Length: 843
Content-Type: text/xml; charset=utf-8

<?xml version="1.0" encoding="UTF-8"?>
<SOAP-ENV:Envelope xmlns:SOAP-ENV="http://schemas.xmlsoap.org/soap/envelope/" xmlns:SOAP-ENC="http://schemas.xmlsoap.org/soap/encoding/" xmlns:xsi="http://www.w3.org/2001/XMLSchema-instance" xmlns:xsd="http://www.w3.org/2001/XMLSchema" xmlns:ns3="http://www.chinatelecom.com.cn/schema/ctcc/sms/v2_1" xmlns:ns2="http://www.chinatelecom.com.cn/schema/ctcc/sms/notification/v2_1/local" xmlns:ns4="http://www.chinatelecom.com.cn/schema/ctcc/common/v2_1" xmlns:ns1="http://www.chinatelecom.com.cn/wsdl/ctcc/sms/notification/v2_1/service"><SOAP-ENV:Header><ns4:NotifySOAPHeader SOAP-ENV:mustUnderstand="1"><spId></spId><linkId>999999999999999</linkId></ns4:NotifySOAPHeader></SOAP-ENV:Header><SOAP-ENV:Body><ns2:notifySmsReceptionResponse></ns2:notifySmsReceptionResponse></SOAP-ENV:Body></SOAP-ENV:Envelope>
HTTP/1.1 200 OK
Date: Wed, 02 Oct 2013 03:02:32 GMT
Server: Apache/2.0.64 (Unix) PHP/5.5.0
Connection: close
Content-Length: 843
Content-Type: text/xml; charset=utf-8

<?xml version="1.0" encoding="UTF-8"?>
<SOAP-ENV:Envelope xmlns:SOAP-ENV="http://schemas.xmlsoap.org/soap/envelope/" xmlns:SOAP-ENC="http://schemas.xmlsoap.org/soap/encoding/" xmlns:xsi="http://www.w3.org/2001/XMLSchema-instance" xmlns:xsd="http://www.w3.org/2001/XMLSchema" xmlns:ns3="http://www.chinatelecom.com.cn/schema/ctcc/sms/v2_1" xmlns:ns2="http://www.chinatelecom.com.cn/schema/ctcc/sms/notification/v2_1/local" xmlns:ns4="http://www.chinatelecom.com.cn/schema/ctcc/common/v2_1" xmlns:ns1="http://www.chinatelecom.com.cn/wsdl/ctcc/sms/notification/v2_1/service"><SOAP-ENV:Header><ns4:NotifySOAPHeader SOAP-ENV:mustUnderstand="1"><spId></spId><linkId>999999999999999</linkId></ns4:NotifySOAPHeader></SOAP-ENV:Header><SOAP-ENV:Body><ns2:notifySmsReceptionResponse></ns2:notifySmsReceptionResponse></SOAP-ENV:Body></SOAP-ENV:Envelope>
HTTP/1.1 200 OK
Date: Wed, 02 Oct 2013 03:03:03 GMT
Server: Apache/2.0.64 (Unix) PHP/5.5.0
Connection: close
Content-Length: 843
Content-Type: text/xml; charset=utf-8

<?xml version="1.0" encoding="UTF-8"?>
<SOAP-ENV:Envelope xmlns:SOAP-ENV="http://schemas.xmlsoap.org/soap/envelope/" xmlns:SOAP-ENC="http://schemas.xmlsoap.org/soap/encoding/" xmlns:xsi="http://www.w3.org/2001/XMLSchema-instance" xmlns:xsd="http://www.w3.org/2001/XMLSchema" xmlns:ns3="http://www.chinatelecom.com.cn/schema/ctcc/sms/v2_1" xmlns:ns2="http://www.chinatelecom.com.cn/schema/ctcc/sms/notification/v2_1/local" xmlns:ns4="http://www.chinatelecom.com.cn/schema/ctcc/common/v2_1" xmlns:ns1="http://www.chinatelecom.com.cn/wsdl/ctcc/sms/notification/v2_1/service"><SOAP-ENV:Header><ns4:NotifySOAPHeader SOAP-ENV:mustUnderstand="1"><spId></spId><linkId>999999999999999</linkId></ns4:NotifySOAPHeader></SOAP-ENV:Header><SOAP-ENV:Body><ns2:notifySmsReceptionResponse></ns2:notifySmsReceptionResponse></SOAP-ENV:Body></SOAP-ENV:Envelope>
HTTP/1.1 200 OK
Date: Wed, 02 Oct 2013 03:03:06 GMT
Server: Apache/2.0.64 (Unix) PHP/5.5.0
Connection: close
Content-Length: 843
Content-Type: text/xml; charset=utf-8

<?xml version="1.0" encoding="UTF-8"?>
<SOAP-ENV:Envelope xmlns:SOAP-ENV="http://schemas.xmlsoap.org/soap/envelope/" xmlns:SOAP-ENC="http://schemas.xmlsoap.org/soap/encoding/" xmlns:xsi="http://www.w3.org/2001/XMLSchema-instance" xmlns:xsd="http://www.w3.org/2001/XMLSchema" xmlns:ns3="http://www.chinatelecom.com.cn/schema/ctcc/sms/v2_1" xmlns:ns2="http://www.chinatelecom.com.cn/schema/ctcc/sms/notification/v2_1/local" xmlns:ns4="http://www.chinatelecom.com.cn/schema/ctcc/common/v2_1" xmlns:ns1="http://www.chinatelecom.com.cn/wsdl/ctcc/sms/notification/v2_1/service"><SOAP-ENV:Header><ns4:NotifySOAPHeader SOAP-ENV:mustUnderstand="1"><spId></spId><linkId>999999999999999</linkId></ns4:NotifySOAPHeader></SOAP-ENV:Header><SOAP-ENV:Body><ns2:notifySmsReceptionResponse></ns2:notifySmsReceptionResponse></SOAP-ENV:Body></SOAP-ENV:Envelope>
HTTP/1.1 200 OK
Date: Wed, 02 Oct 2013 09:13:00 GMT
Server: Apache/2.0.64 (Unix) PHP/5.5.0
Connection: close
Content-Length: 843
Content-Type: text/xml; charset=utf-8

<?xml version="1.0" encoding="UTF-8"?>
<SOAP-ENV:Envelope xmlns:SOAP-ENV="http://schemas.xmlsoap.org/soap/envelope/" xmlns:SOAP-ENC="http://schemas.xmlsoap.org/soap/encoding/" xmlns:xsi="http://www.w3.org/2001/XMLSchema-instance" xmlns:xsd="http://www.w3.org/2001/XMLSchema" xmlns:ns3="http://www.chinatelecom.com.cn/schema/ctcc/sms/v2_1" xmlns:ns2="http://www.chinatelecom.com.cn/schema/ctcc/sms/notification/v2_1/local" xmlns:ns4="http://www.chinatelecom.com.cn/schema/ctcc/common/v2_1" xmlns:ns1="http://www.chinatelecom.com.cn/wsdl/ctcc/sms/notification/v2_1/service"><SOAP-ENV:Header><ns4:NotifySOAPHeader SOAP-ENV:mustUnderstand="1"><spId></spId><linkId>999999999999999</linkId></ns4:NotifySOAPHeader></SOAP-ENV:Header><SOAP-ENV:Body><ns2:notifySmsReceptionResponse></ns2:notifySmsReceptionResponse></SOAP-ENV:Body></SOAP-ENV:Envelope>
HTTP/1.1 200 OK
Date: Wed, 02 Oct 2013 09:13:43 GMT
Server: Apache/2.0.64 (Unix) PHP/5.5.0
Connection: close
Content-Length: 843
Content-Type: text/xml; charset=utf-8

<?xml version="1.0" encoding="UTF-8"?>
<SOAP-ENV:Envelope xmlns:SOAP-ENV="http://schemas.xmlsoap.org/soap/envelope/" xmlns:SOAP-ENC="http://schemas.xmlsoap.org/soap/encoding/" xmlns:xsi="http://www.w3.org/2001/XMLSchema-instance" xmlns:xsd="http://www.w3.org/2001/XMLSchema" xmlns:ns3="http://www.chinatelecom.com.cn/schema/ctcc/sms/v2_1" xmlns:ns2="http://www.chinatelecom.com.cn/schema/ctcc/sms/notification/v2_1/local" xmlns:ns4="http://www.chinatelecom.com.cn/schema/ctcc/common/v2_1" xmlns:ns1="http://www.chinatelecom.com.cn/wsdl/ctcc/sms/notification/v2_1/service"><SOAP-ENV:Header><ns4:NotifySOAPHeader SOAP-ENV:mustUnderstand="1"><spId></spId><linkId>999999999999999</linkId></ns4:NotifySOAPHeader></SOAP-ENV:Header><SOAP-ENV:Body><ns2:notifySmsReceptionResponse></ns2:notifySmsReceptionResponse></SOAP-ENV:Body></SOAP-ENV:Envelope>
HTTP/1.1 200 OK
Date: Wed, 02 Oct 2013 09:13:49 GMT
Server: Apache/2.0.64 (Unix) PHP/5.5.0
Connection: close
Content-Length: 843
Content-Type: text/xml; charset=utf-8

<?xml version="1.0" encoding="UTF-8"?>
<SOAP-ENV:Envelope xmlns:SOAP-ENV="http://schemas.xmlsoap.org/soap/envelope/" xmlns:SOAP-ENC="http://schemas.xmlsoap.org/soap/encoding/" xmlns:xsi="http://www.w3.org/2001/XMLSchema-instance" xmlns:xsd="http://www.w3.org/2001/XMLSchema" xmlns:ns3="http://www.chinatelecom.com.cn/schema/ctcc/sms/v2_1" xmlns:ns2="http://www.chinatelecom.com.cn/schema/ctcc/sms/notification/v2_1/local" xmlns:ns4="http://www.chinatelecom.com.cn/schema/ctcc/common/v2_1" xmlns:ns1="http://www.chinatelecom.com.cn/wsdl/ctcc/sms/notification/v2_1/service"><SOAP-ENV:Header><ns4:NotifySOAPHeader SOAP-ENV:mustUnderstand="1"><spId></spId><linkId>999999999999999</linkId></ns4:NotifySOAPHeader></SOAP-ENV:Header><SOAP-ENV:Body><ns2:notifySmsReceptionResponse></ns2:notifySmsReceptionResponse></SOAP-ENV:Body></SOAP-ENV:Envelope>HTTP/1.1 200 OK
Date: Wed, 02 Oct 2013 09:13:56 GMT
Server: Apache/2.0.64 (Unix) PHP/5.5.0
Connection: close
Content-Length: 843
Content-Type: text/xml; charset=utf-8

<?xml version="1.0" encoding="UTF-8"?>
<SOAP-ENV:Envelope xmlns:SOAP-ENV="http://schemas.xmlsoap.org/soap/envelope/" xmlns:SOAP-ENC="http://schemas.xmlsoap.org/soap/encoding/" xmlns:xsi="http://www.w3.org/2001/XMLSchema-instance" xmlns:xsd="http://www.w3.org/2001/XMLSchema" xmlns:ns3="http://www.chinatelecom.com.cn/schema/ctcc/sms/v2_1" xmlns:ns2="http://www.chinatelecom.com.cn/schema/ctcc/sms/notification/v2_1/local" xmlns:ns4="http://www.chinatelecom.com.cn/schema/ctcc/common/v2_1" xmlns:ns1="http://www.chinatelecom.com.cn/wsdl/ctcc/sms/notification/v2_1/service"><SOAP-ENV:Header><ns4:NotifySOAPHeader SOAP-ENV:mustUnderstand="1"><spId></spId><linkId>999999999999999</linkId></ns4:NotifySOAPHeader></SOAP-ENV:Header><SOAP-ENV:Body><ns2:notifySmsReceptionResponse></ns2:notifySmsReceptionResponse></SOAP-ENV:Body></SOAP-ENV:Envelope>
HTTP/1.1 200 OK
Date: Wed, 02 Oct 2013 09:14:28 GMT
Server: Apache/2.0.64 (Unix) PHP/5.5.0
Connection: close
Content-Length: 843
Content-Type: text/xml; charset=utf-8

<?xml version="1.0" encoding="UTF-8"?>
<SOAP-ENV:Envelope xmlns:SOAP-ENV="http://schemas.xmlsoap.org/soap/envelope/" xmlns:SOAP-ENC="http://schemas.xmlsoap.org/soap/encoding/" xmlns:xsi="http://www.w3.org/2001/XMLSchema-instance" xmlns:xsd="http://www.w3.org/2001/XMLSchema" xmlns:ns3="http://www.chinatelecom.com.cn/schema/ctcc/sms/v2_1" xmlns:ns2="http://www.chinatelecom.com.cn/schema/ctcc/sms/notification/v2_1/local" xmlns:ns4="http://www.chinatelecom.com.cn/schema/ctcc/common/v2_1" xmlns:ns1="http://www.chinatelecom.com.cn/wsdl/ctcc/sms/notification/v2_1/service"><SOAP-ENV:Header><ns4:NotifySOAPHeader SOAP-ENV:mustUnderstand="1"><spId></spId><linkId>999999999999999</linkId></ns4:NotifySOAPHeader></SOAP-ENV:Header><SOAP-ENV:Body><ns2:notifySmsReceptionResponse></ns2:notifySmsReceptionResponse></SOAP-ENV:Body></SOAP-ENV:Envelope>
