POST /services/SmsNotification HTTP/1.1
Host: 202.85.209.109
User-Agent: gSOAP/2.8
Content-Type: text/xml; charset=utf-8
Content-Length: 864
Connection: close
SOAPAction: ""

<?xml version="1.0" encoding="UTF-8"?>
<SOAP-ENV:Envelope xmlns:SOAP-ENV="http://schemas.xmlsoap.org/soap/envelope/" xmlns:SOAP-ENC="http://schemas.xmlsoap.org/soap/encoding/" xmlns:xsi="http://www.w3.org/2001/XMLSchema-instance" xmlns:xsd="http://www.w3.org/2001/XMLSchema" xmlns:ns3="http://www.chinatelecom.com.cn/schema/ctcc/sms/v2_1" xmlns:ns2="http://www.chinatelecom.com.cn/schema/ctcc/sms/notification/v2_1/local" xmlns:ns4="http://www.chinatelecom.com.cn/schema/ctcc/common/v2_1" xmlns:ns1="http://www.chinatelecom.com.cn/wsdl/ctcc/sms/notification/v2_1/service"><SOAP-ENV:Header><ns4:NotifySOAPHeader SOAP-ENV:mustUnderstand="1"><spId/><linkId>999999999999999</linkId></ns4:NotifySOAPHeader></SOAP-ENV:Header><SOAP-ENV:Body><ns2:notifySmsReception><ns2:registrationIdentifier/><ns2:message/></ns2:notifySmsReception></SOAP-ENV:Body></SOAP-ENV:Envelope>
POST /services/SmsNotification HTTP/1.1
Host: 202.85.209.109
User-Agent: gSOAP/2.8
Content-Type: text/xml; charset=utf-8
Content-Length: 1059
Connection: close
SOAPAction: ""

<?xml version="1.0" encoding="UTF-8"?>
<SOAP-ENV:Envelope xmlns:SOAP-ENV="http://schemas.xmlsoap.org/soap/envelope/" xmlns:SOAP-ENC="http://schemas.xmlsoap.org/soap/encoding/" xmlns:xsi="http://www.w3.org/2001/XMLSchema-instance" xmlns:xsd="http://www.w3.org/2001/XMLSchema" xmlns:ns3="http://www.chinatelecom.com.cn/schema/ctcc/sms/v2_1" xmlns:ns2="http://www.chinatelecom.com.cn/schema/ctcc/sms/notification/v2_1/local" xmlns:ns4="http://www.chinatelecom.com.cn/schema/ctcc/common/v2_1" xmlns:ns1="http://www.chinatelecom.com.cn/wsdl/ctcc/sms/notification/v2_1/service"><SOAP-ENV:Header><ns4:NotifySOAPHeader SOAP-ENV:mustUnderstand="1"><spId/><linkId>999999999999999</linkId></ns4:NotifySOAPHeader></SOAP-ENV:Header><SOAP-ENV:Body><ns2:notifySmsReception><ns2:registrationIdentifier>registrationIdentifier</ns2:registrationIdentifier><ns2:message><message>11</message><senderAddress>13910002000</senderAddress><smsServiceActivationNumber>tel:10660766</smsServiceActivationNumber></ns2:message></ns2:notifySmsReception></SOAP-ENV:Body></SOAP-ENV:Envelope>
POST /services/SmsNotification HTTP/1.1
Host: 202.85.209.109
User-Agent: gSOAP/2.8
Content-Type: text/xml; charset=utf-8
Content-Length: 1059
Connection: close
SOAPAction: ""

<?xml version="1.0" encoding="UTF-8"?>
<SOAP-ENV:Envelope xmlns:SOAP-ENV="http://schemas.xmlsoap.org/soap/envelope/" xmlns:SOAP-ENC="http://schemas.xmlsoap.org/soap/encoding/" xmlns:xsi="http://www.w3.org/2001/XMLSchema-instance" xmlns:xsd="http://www.w3.org/2001/XMLSchema" xmlns:ns3="http://www.chinatelecom.com.cn/schema/ctcc/sms/v2_1" xmlns:ns2="http://www.chinatelecom.com.cn/schema/ctcc/sms/notification/v2_1/local" xmlns:ns4="http://www.chinatelecom.com.cn/schema/ctcc/common/v2_1" xmlns:ns1="http://www.chinatelecom.com.cn/wsdl/ctcc/sms/notification/v2_1/service"><SOAP-ENV:Header><ns4:NotifySOAPHeader SOAP-ENV:mustUnderstand="1"><spId/><linkId>999999999999999</linkId></ns4:NotifySOAPHeader></SOAP-ENV:Header><SOAP-ENV:Body><ns2:notifySmsReception><ns2:registrationIdentifier>registrationIdentifier</ns2:registrationIdentifier><ns2:message><message>11</message><senderAddress>13910002000</senderAddress><smsServiceActivationNumber>tel:10660766</smsServiceActivationNumber></ns2:message></ns2:notifySmsReception></SOAP-ENV:Body></SOAP-ENV:Envelope>
POST /services/SmsNotification HTTP/1.1
Host: 202.85.209.109
User-Agent: gSOAP/2.8
Content-Type: text/xml; charset=utf-8
Content-Length: 1059
Connection: close
SOAPAction: ""

<?xml version="1.0" encoding="UTF-8"?>
<SOAP-ENV:Envelope xmlns:SOAP-ENV="http://schemas.xmlsoap.org/soap/envelope/" xmlns:SOAP-ENC="http://schemas.xmlsoap.org/soap/encoding/" xmlns:xsi="http://www.w3.org/2001/XMLSchema-instance" xmlns:xsd="http://www.w3.org/2001/XMLSchema" xmlns:ns3="http://www.chinatelecom.com.cn/schema/ctcc/sms/v2_1" xmlns:ns2="http://www.chinatelecom.com.cn/schema/ctcc/sms/notification/v2_1/local" xmlns:ns4="http://www.chinatelecom.com.cn/schema/ctcc/common/v2_1" xmlns:ns1="http://www.chinatelecom.com.cn/wsdl/ctcc/sms/notification/v2_1/service"><SOAP-ENV:Header><ns4:NotifySOAPHeader SOAP-ENV:mustUnderstand="1"><spId/><linkId>999999999999999</linkId></ns4:NotifySOAPHeader></SOAP-ENV:Header><SOAP-ENV:Body><ns2:notifySmsReception><ns2:registrationIdentifier>registrationIdentifier</ns2:registrationIdentifier><ns2:message><message>11</message><senderAddress>13910002000</senderAddress><smsServiceActivationNumber>tel:10660766</smsServiceActivationNumber></ns2:message></ns2:notifySmsReception></SOAP-ENV:Body></SOAP-ENV:Envelope>
POST /services/SmsNotification HTTP/1.1
Host: 202.85.209.109
User-Agent: gSOAP/2.8
Content-Type: text/xml; charset=utf-8
Content-Length: 1059
Connection: close
SOAPAction: ""

<?xml version="1.0" encoding="UTF-8"?>
<SOAP-ENV:Envelope xmlns:SOAP-ENV="http://schemas.xmlsoap.org/soap/envelope/" xmlns:SOAP-ENC="http://schemas.xmlsoap.org/soap/encoding/" xmlns:xsi="http://www.w3.org/2001/XMLSchema-instance" xmlns:xsd="http://www.w3.org/2001/XMLSchema" xmlns:ns3="http://www.chinatelecom.com.cn/schema/ctcc/sms/v2_1" xmlns:ns2="http://www.chinatelecom.com.cn/schema/ctcc/sms/notification/v2_1/local" xmlns:ns4="http://www.chinatelecom.com.cn/schema/ctcc/common/v2_1" xmlns:ns1="http://www.chinatelecom.com.cn/wsdl/ctcc/sms/notification/v2_1/service"><SOAP-ENV:Header><ns4:NotifySOAPHeader SOAP-ENV:mustUnderstand="1"><spId/><linkId>999999999999999</linkId></ns4:NotifySOAPHeader></SOAP-ENV:Header><SOAP-ENV:Body><ns2:notifySmsReception><ns2:registrationIdentifier>registrationIdentifier</ns2:registrationIdentifier><ns2:message><message>11</message><senderAddress>13910002000</senderAddress><smsServiceActivationNumber>tel:10660766</smsServiceActivationNumber></ns2:message></ns2:notifySmsReception></SOAP-ENV:Body></SOAP-ENV:Envelope>
POST /services/SmsNotification HTTP/1.1
Host: 202.85.209.109
User-Agent: gSOAP/2.8
Content-Type: text/xml; charset=utf-8
Content-Length: 1059
Connection: close
SOAPAction: ""

<?xml version="1.0" encoding="UTF-8"?>
<SOAP-ENV:Envelope xmlns:SOAP-ENV="http://schemas.xmlsoap.org/soap/envelope/" xmlns:SOAP-ENC="http://schemas.xmlsoap.org/soap/encoding/" xmlns:xsi="http://www.w3.org/2001/XMLSchema-instance" xmlns:xsd="http://www.w3.org/2001/XMLSchema" xmlns:ns3="http://www.chinatelecom.com.cn/schema/ctcc/sms/v2_1" xmlns:ns2="http://www.chinatelecom.com.cn/schema/ctcc/sms/notification/v2_1/local" xmlns:ns4="http://www.chinatelecom.com.cn/schema/ctcc/common/v2_1" xmlns:ns1="http://www.chinatelecom.com.cn/wsdl/ctcc/sms/notification/v2_1/service"><SOAP-ENV:Header><ns4:NotifySOAPHeader SOAP-ENV:mustUnderstand="1"><spId/><linkId>999999999999999</linkId></ns4:NotifySOAPHeader></SOAP-ENV:Header><SOAP-ENV:Body><ns2:notifySmsReception><ns2:registrationIdentifier>registrationIdentifier</ns2:registrationIdentifier><ns2:message><message>11</message><senderAddress>13910002000</senderAddress><smsServiceActivationNumber>tel:10660766</smsServiceActivationNumber></ns2:message></ns2:notifySmsReception></SOAP-ENV:Body></SOAP-ENV:Envelope>
POST /services/SmsNotification HTTP/1.1
Host: 202.85.209.109
User-Agent: gSOAP/2.8
Content-Type: text/xml; charset=utf-8
Content-Length: 1059
Connection: close
SOAPAction: ""

<?xml version="1.0" encoding="UTF-8"?>
<SOAP-ENV:Envelope xmlns:SOAP-ENV="http://schemas.xmlsoap.org/soap/envelope/" xmlns:SOAP-ENC="http://schemas.xmlsoap.org/soap/encoding/" xmlns:xsi="http://www.w3.org/2001/XMLSchema-instance" xmlns:xsd="http://www.w3.org/2001/XMLSchema" xmlns:ns3="http://www.chinatelecom.com.cn/schema/ctcc/sms/v2_1" xmlns:ns2="http://www.chinatelecom.com.cn/schema/ctcc/sms/notification/v2_1/local" xmlns:ns4="http://www.chinatelecom.com.cn/schema/ctcc/common/v2_1" xmlns:ns1="http://www.chinatelecom.com.cn/wsdl/ctcc/sms/notification/v2_1/service"><SOAP-ENV:Header><ns4:NotifySOAPHeader SOAP-ENV:mustUnderstand="1"><spId/><linkId>999999999999999</linkId></ns4:NotifySOAPHeader></SOAP-ENV:Header><SOAP-ENV:Body><ns2:notifySmsReception><ns2:registrationIdentifier>registrationIdentifier</ns2:registrationIdentifier><ns2:message><message>11</message><senderAddress>13910002000</senderAddress><smsServiceActivationNumber>tel:10660766</smsServiceActivationNumber></ns2:message></ns2:notifySmsReception></SOAP-ENV:Body></SOAP-ENV:Envelope>
POST /services/SmsNotification HTTP/1.1
Host: 202.85.209.109
User-Agent: gSOAP/2.8
Content-Type: text/xml; charset=utf-8
Content-Length: 1059
Connection: close
SOAPAction: ""

<?xml version="1.0" encoding="UTF-8"?>
<SOAP-ENV:Envelope xmlns:SOAP-ENV="http://schemas.xmlsoap.org/soap/envelope/" xmlns:SOAP-ENC="http://schemas.xmlsoap.org/soap/encoding/" xmlns:xsi="http://www.w3.org/2001/XMLSchema-instance" xmlns:xsd="http://www.w3.org/2001/XMLSchema" xmlns:ns3="http://www.chinatelecom.com.cn/schema/ctcc/sms/v2_1" xmlns:ns2="http://www.chinatelecom.com.cn/schema/ctcc/sms/notification/v2_1/local" xmlns:ns4="http://www.chinatelecom.com.cn/schema/ctcc/common/v2_1" xmlns:ns1="http://www.chinatelecom.com.cn/wsdl/ctcc/sms/notification/v2_1/service"><SOAP-ENV:Header><ns4:NotifySOAPHeader SOAP-ENV:mustUnderstand="1"><spId/><linkId>999999999999999</linkId></ns4:NotifySOAPHeader></SOAP-ENV:Header><SOAP-ENV:Body><ns2:notifySmsReception><ns2:registrationIdentifier>registrationIdentifier</ns2:registrationIdentifier><ns2:message><message>11</message><senderAddress>13910002000</senderAddress><smsServiceActivationNumber>tel:10660766</smsServiceActivationNumber></ns2:message></ns2:notifySmsReception></SOAP-ENV:Body></SOAP-ENV:Envelope>
POST /services/SmsNotification HTTP/1.1
Host: 202.85.209.109
User-Agent: gSOAP/2.8
Content-Type: text/xml; charset=utf-8
Content-Length: 1059
Connection: close
SOAPAction: ""

<?xml version="1.0" encoding="UTF-8"?>
<SOAP-ENV:Envelope xmlns:SOAP-ENV="http://schemas.xmlsoap.org/soap/envelope/" xmlns:SOAP-ENC="http://schemas.xmlsoap.org/soap/encoding/" xmlns:xsi="http://www.w3.org/2001/XMLSchema-instance" xmlns:xsd="http://www.w3.org/2001/XMLSchema" xmlns:ns3="http://www.chinatelecom.com.cn/schema/ctcc/sms/v2_1" xmlns:ns2="http://www.chinatelecom.com.cn/schema/ctcc/sms/notification/v2_1/local" xmlns:ns4="http://www.chinatelecom.com.cn/schema/ctcc/common/v2_1" xmlns:ns1="http://www.chinatelecom.com.cn/wsdl/ctcc/sms/notification/v2_1/service"><SOAP-ENV:Header><ns4:NotifySOAPHeader SOAP-ENV:mustUnderstand="1"><spId/><linkId>999999999999999</linkId></ns4:NotifySOAPHeader></SOAP-ENV:Header><SOAP-ENV:Body><ns2:notifySmsReception><ns2:registrationIdentifier>registrationIdentifier</ns2:registrationIdentifier><ns2:message><message>11</message><senderAddress>13910002000</senderAddress><smsServiceActivationNumber>tel:10660766</smsServiceActivationNumber></ns2:message></ns2:notifySmsReception></SOAP-ENV:Body></SOAP-ENV:Envelope>
POST /services/SmsNotification HTTP/1.1
Host: 202.85.209.109
User-Agent: gSOAP/2.8
Content-Type: text/xml; charset=utf-8
Content-Length: 1063
Connection: close
SOAPAction: ""

<?xml version="1.0" encoding="UTF-8"?>
<SOAP-ENV:Envelope xmlns:SOAP-ENV="http://schemas.xmlsoap.org/soap/envelope/" xmlns:SOAP-ENC="http://schemas.xmlsoap.org/soap/encoding/" xmlns:xsi="http://www.w3.org/2001/XMLSchema-instance" xmlns:xsd="http://www.w3.org/2001/XMLSchema" xmlns:ns3="http://www.chinatelecom.com.cn/schema/ctcc/sms/v2_1" xmlns:ns2="http://www.chinatelecom.com.cn/schema/ctcc/sms/notification/v2_1/local" xmlns:ns4="http://www.chinatelecom.com.cn/schema/ctcc/common/v2_1" xmlns:ns1="http://www.chinatelecom.com.cn/wsdl/ctcc/sms/notification/v2_1/service"><SOAP-ENV:Header><ns4:NotifySOAPHeader SOAP-ENV:mustUnderstand="1"><spId/><linkId>999999999999999</linkId></ns4:NotifySOAPHeader></SOAP-ENV:Header><SOAP-ENV:Body><ns2:notifySmsReception><ns2:registrationIdentifier>registrationIdentifier</ns2:registrationIdentifier><ns2:message><message>11</message><senderAddress>tel:13910002000</senderAddress><smsServiceActivationNumber>tel:10660766</smsServiceActivationNumber></ns2:message></ns2:notifySmsReception></SOAP-ENV:Body></SOAP-ENV:Envelope>
POST /services/SmsNotification HTTP/1.1
Host: 202.85.209.109
User-Agent: gSOAP/2.8
Content-Type: text/xml; charset=utf-8
Content-Length: 1063
Connection: close
SOAPAction: ""

<?xml version="1.0" encoding="UTF-8"?>
<SOAP-ENV:Envelope xmlns:SOAP-ENV="http://schemas.xmlsoap.org/soap/envelope/" xmlns:SOAP-ENC="http://schemas.xmlsoap.org/soap/encoding/" xmlns:xsi="http://www.w3.org/2001/XMLSchema-instance" xmlns:xsd="http://www.w3.org/2001/XMLSchema" xmlns:ns3="http://www.chinatelecom.com.cn/schema/ctcc/sms/v2_1" xmlns:ns2="http://www.chinatelecom.com.cn/schema/ctcc/sms/notification/v2_1/local" xmlns:ns4="http://www.chinatelecom.com.cn/schema/ctcc/common/v2_1" xmlns:ns1="http://www.chinatelecom.com.cn/wsdl/ctcc/sms/notification/v2_1/service"><SOAP-ENV:Header><ns4:NotifySOAPHeader SOAP-ENV:mustUnderstand="1"><spId/><linkId>999999999999999</linkId></ns4:NotifySOAPHeader></SOAP-ENV:Header><SOAP-ENV:Body><ns2:notifySmsReception><ns2:registrationIdentifier>registrationIdentifier</ns2:registrationIdentifier><ns2:message><message>11</message><senderAddress>tel:13910002000</senderAddress><smsServiceActivationNumber>tel:10660766</smsServiceActivationNumber></ns2:message></ns2:notifySmsReception></SOAP-ENV:Body></SOAP-ENV:Envelope>
POST /services/SmsNotification HTTP/1.1
Host: 202.85.209.109
User-Agent: gSOAP/2.8
Content-Type: text/xml; charset=utf-8
Content-Length: 1071
Connection: close
SOAPAction: ""

<?xml version="1.0" encoding="UTF-8"?>
<SOAP-ENV:Envelope xmlns:SOAP-ENV="http://schemas.xmlsoap.org/soap/envelope/" xmlns:SOAP-ENC="http://schemas.xmlsoap.org/soap/encoding/" xmlns:xsi="http://www.w3.org/2001/XMLSchema-instance" xmlns:xsd="http://www.w3.org/2001/XMLSchema" xmlns:ns3="http://www.chinatelecom.com.cn/schema/ctcc/sms/v2_1" xmlns:ns2="http://www.chinatelecom.com.cn/schema/ctcc/sms/notification/v2_1/local" xmlns:ns4="http://www.chinatelecom.com.cn/schema/ctcc/common/v2_1" xmlns:ns1="http://www.chinatelecom.com.cn/wsdl/ctcc/sms/notification/v2_1/service"><SOAP-ENV:Header><ns4:NotifySOAPHeader SOAP-ENV:mustUnderstand="1"><spId/><linkId>999999999999999</linkId></ns4:NotifySOAPHeader></SOAP-ENV:Header><SOAP-ENV:Body><ns2:notifySmsReception><ns2:registrationIdentifier>registrationIdentifier</ns2:registrationIdentifier><ns2:message><message>11ÖÐÎÄ</message><senderAddress>tel:13910002000</senderAddress><smsServiceActivationNumber>tel:10660766</smsServiceActivationNumber></ns2:message></ns2:notifySmsReception></SOAP-ENV:Body></SOAP-ENV:Envelope>
POST /services/SmsNotification HTTP/1.1
Host: 202.85.209.109
User-Agent: gSOAP/2.8
Content-Type: text/xml; charset=utf-8
Content-Length: 1075
Connection: close
SOAPAction: ""

<?xml version="1.0" encoding="UTF-8"?>
<SOAP-ENV:Envelope xmlns:SOAP-ENV="http://schemas.xmlsoap.org/soap/envelope/" xmlns:SOAP-ENC="http://schemas.xmlsoap.org/soap/encoding/" xmlns:xsi="http://www.w3.org/2001/XMLSchema-instance" xmlns:xsd="http://www.w3.org/2001/XMLSchema" xmlns:ns3="http://www.chinatelecom.com.cn/schema/ctcc/sms/v2_1" xmlns:ns2="http://www.chinatelecom.com.cn/schema/ctcc/sms/notification/v2_1/local" xmlns:ns4="http://www.chinatelecom.com.cn/schema/ctcc/common/v2_1" xmlns:ns1="http://www.chinatelecom.com.cn/wsdl/ctcc/sms/notification/v2_1/service"><SOAP-ENV:Header><ns4:NotifySOAPHeader SOAP-ENV:mustUnderstand="1"><spId/><linkId>999999999999999</linkId></ns4:NotifySOAPHeader></SOAP-ENV:Header><SOAP-ENV:Body><ns2:notifySmsReception><ns2:registrationIdentifier>registrationIdentifier</ns2:registrationIdentifier><ns2:message><message>11ä¸­æ</message><senderAddress>tel:13910002000</senderAddress><smsServiceActivationNumber>tel:10660766</smsServiceActivationNumber></ns2:message></ns2:notifySmsReception></SOAP-ENV:Body></SOAP-ENV:Envelope>
POST /services/SmsNotification HTTP/1.1
Host: 202.85.209.109
User-Agent: gSOAP/2.8
Content-Type: text/xml; charset=utf-8
Content-Length: 1075
Connection: close
SOAPAction: ""

<?xml version="1.0" encoding="UTF-8"?>
<SOAP-ENV:Envelope xmlns:SOAP-ENV="http://schemas.xmlsoap.org/soap/envelope/" xmlns:SOAP-ENC="http://schemas.xmlsoap.org/soap/encoding/" xmlns:xsi="http://www.w3.org/2001/XMLSchema-instance" xmlns:xsd="http://www.w3.org/2001/XMLSchema" xmlns:ns3="http://www.chinatelecom.com.cn/schema/ctcc/sms/v2_1" xmlns:ns2="http://www.chinatelecom.com.cn/schema/ctcc/sms/notification/v2_1/local" xmlns:ns4="http://www.chinatelecom.com.cn/schema/ctcc/common/v2_1" xmlns:ns1="http://www.chinatelecom.com.cn/wsdl/ctcc/sms/notification/v2_1/service"><SOAP-ENV:Header><ns4:NotifySOAPHeader SOAP-ENV:mustUnderstand="1"><spId/><linkId>999999999999999</linkId></ns4:NotifySOAPHeader></SOAP-ENV:Header><SOAP-ENV:Body><ns2:notifySmsReception><ns2:registrationIdentifier>registrationIdentifier</ns2:registrationIdentifier><ns2:message><message>11ä¸­æ</message><senderAddress>tel:13910002000</senderAddress><smsServiceActivationNumber>tel:10660766</smsServiceActivationNumber></ns2:message></ns2:notifySmsReception></SOAP-ENV:Body></SOAP-ENV:Envelope>
POST /services/SmsNotification HTTP/1.1
Host: 202.85.209.109
User-Agent: gSOAP/2.8
Content-Type: text/xml; charset=utf-8
Content-Length: 1075
Connection: close
SOAPAction: ""

<?xml version="1.0" encoding="UTF-8"?>
<SOAP-ENV:Envelope xmlns:SOAP-ENV="http://schemas.xmlsoap.org/soap/envelope/" xmlns:SOAP-ENC="http://schemas.xmlsoap.org/soap/encoding/" xmlns:xsi="http://www.w3.org/2001/XMLSchema-instance" xmlns:xsd="http://www.w3.org/2001/XMLSchema" xmlns:ns3="http://www.chinatelecom.com.cn/schema/ctcc/sms/v2_1" xmlns:ns2="http://www.chinatelecom.com.cn/schema/ctcc/sms/notification/v2_1/local" xmlns:ns4="http://www.chinatelecom.com.cn/schema/ctcc/common/v2_1" xmlns:ns1="http://www.chinatelecom.com.cn/wsdl/ctcc/sms/notification/v2_1/service"><SOAP-ENV:Header><ns4:NotifySOAPHeader SOAP-ENV:mustUnderstand="1"><spId/><linkId>999999999999999</linkId></ns4:NotifySOAPHeader></SOAP-ENV:Header><SOAP-ENV:Body><ns2:notifySmsReception><ns2:registrationIdentifier>registrationIdentifier</ns2:registrationIdentifier><ns2:message><message>11ä¸­æ</message><senderAddress>tel:13910002000</senderAddress><smsServiceActivationNumber>tel:10660766</smsServiceActivationNumber></ns2:message></ns2:notifySmsReception></SOAP-ENV:Body></SOAP-ENV:Envelope>
POST /services/SmsNotification HTTP/1.1
Host: 202.85.209.109
User-Agent: gSOAP/2.8
Content-Type: text/xml; charset=utf-8
Content-Length: 1075
Connection: close
SOAPAction: ""

<?xml version="1.0" encoding="UTF-8"?>
<SOAP-ENV:Envelope xmlns:SOAP-ENV="http://schemas.xmlsoap.org/soap/envelope/" xmlns:SOAP-ENC="http://schemas.xmlsoap.org/soap/encoding/" xmlns:xsi="http://www.w3.org/2001/XMLSchema-instance" xmlns:xsd="http://www.w3.org/2001/XMLSchema" xmlns:ns3="http://www.chinatelecom.com.cn/schema/ctcc/sms/v2_1" xmlns:ns2="http://www.chinatelecom.com.cn/schema/ctcc/sms/notification/v2_1/local" xmlns:ns4="http://www.chinatelecom.com.cn/schema/ctcc/common/v2_1" xmlns:ns1="http://www.chinatelecom.com.cn/wsdl/ctcc/sms/notification/v2_1/service"><SOAP-ENV:Header><ns4:NotifySOAPHeader SOAP-ENV:mustUnderstand="1"><spId/><linkId>999999999999999</linkId></ns4:NotifySOAPHeader></SOAP-ENV:Header><SOAP-ENV:Body><ns2:notifySmsReception><ns2:registrationIdentifier>registrationIdentifier</ns2:registrationIdentifier><ns2:message><message>11ä¸­æ</message><senderAddress>tel:13910002000</senderAddress><smsServiceActivationNumber>tel:10660766</smsServiceActivationNumber></ns2:message></ns2:notifySmsReception></SOAP-ENV:Body></SOAP-ENV:Envelope>
POST /services/SmsNotification HTTP/1.1
Host: 202.85.209.109
User-Agent: gSOAP/2.8
Content-Type: text/xml; charset=utf-8
Content-Length: 1075
Connection: close
SOAPAction: ""

<?xml version="1.0" encoding="UTF-8"?>
<SOAP-ENV:Envelope xmlns:SOAP-ENV="http://schemas.xmlsoap.org/soap/envelope/" xmlns:SOAP-ENC="http://schemas.xmlsoap.org/soap/encoding/" xmlns:xsi="http://www.w3.org/2001/XMLSchema-instance" xmlns:xsd="http://www.w3.org/2001/XMLSchema" xmlns:ns3="http://www.chinatelecom.com.cn/schema/ctcc/sms/v2_1" xmlns:ns2="http://www.chinatelecom.com.cn/schema/ctcc/sms/notification/v2_1/local" xmlns:ns4="http://www.chinatelecom.com.cn/schema/ctcc/common/v2_1" xmlns:ns1="http://www.chinatelecom.com.cn/wsdl/ctcc/sms/notification/v2_1/service"><SOAP-ENV:Header><ns4:NotifySOAPHeader SOAP-ENV:mustUnderstand="1"><spId/><linkId>999999999999999</linkId></ns4:NotifySOAPHeader></SOAP-ENV:Header><SOAP-ENV:Body><ns2:notifySmsReception><ns2:registrationIdentifier>registrationIdentifier</ns2:registrationIdentifier><ns2:message><message>11ä¸­æ</message><senderAddress>tel:13910002000</senderAddress><smsServiceActivationNumber>tel:10660766</smsServiceActivationNumber></ns2:message></ns2:notifySmsReception></SOAP-ENV:Body></SOAP-ENV:Envelope>
POST /services/SmsNotification HTTP/1.1
Host: 202.85.209.109
User-Agent: gSOAP/2.8
Content-Type: text/xml; charset=utf-8
Content-Length: 1075
Connection: close
SOAPAction: ""

<?xml version="1.0" encoding="UTF-8"?>
<SOAP-ENV:Envelope xmlns:SOAP-ENV="http://schemas.xmlsoap.org/soap/envelope/" xmlns:SOAP-ENC="http://schemas.xmlsoap.org/soap/encoding/" xmlns:xsi="http://www.w3.org/2001/XMLSchema-instance" xmlns:xsd="http://www.w3.org/2001/XMLSchema" xmlns:ns3="http://www.chinatelecom.com.cn/schema/ctcc/sms/v2_1" xmlns:ns2="http://www.chinatelecom.com.cn/schema/ctcc/sms/notification/v2_1/local" xmlns:ns4="http://www.chinatelecom.com.cn/schema/ctcc/common/v2_1" xmlns:ns1="http://www.chinatelecom.com.cn/wsdl/ctcc/sms/notification/v2_1/service"><SOAP-ENV:Header><ns4:NotifySOAPHeader SOAP-ENV:mustUnderstand="1"><spId/><linkId>999999999999999</linkId></ns4:NotifySOAPHeader></SOAP-ENV:Header><SOAP-ENV:Body><ns2:notifySmsReception><ns2:registrationIdentifier>registrationIdentifier</ns2:registrationIdentifier><ns2:message><message>11ä¸­æ</message><senderAddress>tel:13910002000</senderAddress><smsServiceActivationNumber>tel:10660766</smsServiceActivationNumber></ns2:message></ns2:notifySmsReception></SOAP-ENV:Body></SOAP-ENV:Envelope>
POST /services/SmsNotification HTTP/1.1
Host: 202.85.209.109
User-Agent: gSOAP/2.8
Content-Type: text/xml; charset=utf-8
Content-Length: 1062
Connection: close
SOAPAction: ""

<?xml version="1.0" encoding="UTF-8"?>
<SOAP-ENV:Envelope xmlns:SOAP-ENV="http://schemas.xmlsoap.org/soap/envelope/" xmlns:SOAP-ENC="http://schemas.xmlsoap.org/soap/encoding/" xmlns:xsi="http://www.w3.org/2001/XMLSchema-instance" xmlns:xsd="http://www.w3.org/2001/XMLSchema" xmlns:ns3="http://www.chinatelecom.com.cn/schema/ctcc/sms/v2_1" xmlns:ns2="http://www.chinatelecom.com.cn/schema/ctcc/sms/notification/v2_1/local" xmlns:ns4="http://www.chinatelecom.com.cn/schema/ctcc/common/v2_1" xmlns:ns1="http://www.chinatelecom.com.cn/wsdl/ctcc/sms/notification/v2_1/service"><SOAP-ENV:Header><ns4:NotifySOAPHeader SOAP-ENV:mustUnderstand="1"><spId/><linkId>999999999999999</linkId></ns4:NotifySOAPHeader></SOAP-ENV:Header><SOAP-ENV:Body><ns2:notifySmsReception><ns2:registrationIdentifier>registrationIdentifier</ns2:registrationIdentifier><ns2:message><message>A</message><senderAddress>tel:13910002000</senderAddress><smsServiceActivationNumber>tel:10660766</smsServiceActivationNumber></ns2:message></ns2:notifySmsReception></SOAP-ENV:Body></SOAP-ENV:Envelope>
POST /services/SmsNotification HTTP/1.1
Host: 202.85.209.109
User-Agent: gSOAP/2.8
Content-Type: text/xml; charset=utf-8
Content-Length: 1062
Connection: close
SOAPAction: ""

<?xml version="1.0" encoding="UTF-8"?>
<SOAP-ENV:Envelope xmlns:SOAP-ENV="http://schemas.xmlsoap.org/soap/envelope/" xmlns:SOAP-ENC="http://schemas.xmlsoap.org/soap/encoding/" xmlns:xsi="http://www.w3.org/2001/XMLSchema-instance" xmlns:xsd="http://www.w3.org/2001/XMLSchema" xmlns:ns3="http://www.chinatelecom.com.cn/schema/ctcc/sms/v2_1" xmlns:ns2="http://www.chinatelecom.com.cn/schema/ctcc/sms/notification/v2_1/local" xmlns:ns4="http://www.chinatelecom.com.cn/schema/ctcc/common/v2_1" xmlns:ns1="http://www.chinatelecom.com.cn/wsdl/ctcc/sms/notification/v2_1/service"><SOAP-ENV:Header><ns4:NotifySOAPHeader SOAP-ENV:mustUnderstand="1"><spId/><linkId>999999999999999</linkId></ns4:NotifySOAPHeader></SOAP-ENV:Header><SOAP-ENV:Body><ns2:notifySmsReception><ns2:registrationIdentifier>registrationIdentifier</ns2:registrationIdentifier><ns2:message><message>A</message><senderAddress>tel:13910002000</senderAddress><smsServiceActivationNumber>tel:10660766</smsServiceActivationNumber></ns2:message></ns2:notifySmsReception></SOAP-ENV:Body></SOAP-ENV:Envelope>
POST /services/SmsNotification HTTP/1.1
Host: 202.85.209.109
User-Agent: gSOAP/2.8
Content-Type: text/xml; charset=utf-8
Content-Length: 1062
Connection: close
SOAPAction: ""

<?xml version="1.0" encoding="UTF-8"?>
<SOAP-ENV:Envelope xmlns:SOAP-ENV="http://schemas.xmlsoap.org/soap/envelope/" xmlns:SOAP-ENC="http://schemas.xmlsoap.org/soap/encoding/" xmlns:xsi="http://www.w3.org/2001/XMLSchema-instance" xmlns:xsd="http://www.w3.org/2001/XMLSchema" xmlns:ns3="http://www.chinatelecom.com.cn/schema/ctcc/sms/v2_1" xmlns:ns2="http://www.chinatelecom.com.cn/schema/ctcc/sms/notification/v2_1/local" xmlns:ns4="http://www.chinatelecom.com.cn/schema/ctcc/common/v2_1" xmlns:ns1="http://www.chinatelecom.com.cn/wsdl/ctcc/sms/notification/v2_1/service"><SOAP-ENV:Header><ns4:NotifySOAPHeader SOAP-ENV:mustUnderstand="1"><spId/><linkId>999999999999999</linkId></ns4:NotifySOAPHeader></SOAP-ENV:Header><SOAP-ENV:Body><ns2:notifySmsReception><ns2:registrationIdentifier>registrationIdentifier</ns2:registrationIdentifier><ns2:message><message>1</message><senderAddress>tel:13910002000</senderAddress><smsServiceActivationNumber>tel:10660766</smsServiceActivationNumber></ns2:message></ns2:notifySmsReception></SOAP-ENV:Body></SOAP-ENV:Envelope>
POST /services/SmsNotification HTTP/1.1
Host: 202.85.209.109
User-Agent: gSOAP/2.8
Content-Type: text/xml; charset=utf-8
Content-Length: 1068
Connection: close
SOAPAction: ""

<?xml version="1.0" encoding="UTF-8"?>
<SOAP-ENV:Envelope xmlns:SOAP-ENV="http://schemas.xmlsoap.org/soap/envelope/" xmlns:SOAP-ENC="http://schemas.xmlsoap.org/soap/encoding/" xmlns:xsi="http://www.w3.org/2001/XMLSchema-instance" xmlns:xsd="http://www.w3.org/2001/XMLSchema" xmlns:ns3="http://www.chinatelecom.com.cn/schema/ctcc/sms/v2_1" xmlns:ns2="http://www.chinatelecom.com.cn/schema/ctcc/sms/notification/v2_1/local" xmlns:ns4="http://www.chinatelecom.com.cn/schema/ctcc/common/v2_1" xmlns:ns1="http://www.chinatelecom.com.cn/wsdl/ctcc/sms/notification/v2_1/service"><SOAP-ENV:Header><ns4:NotifySOAPHeader SOAP-ENV:mustUnderstand="1"><spId/><linkId>999999999999999</linkId></ns4:NotifySOAPHeader></SOAP-ENV:Header><SOAP-ENV:Body><ns2:notifySmsReception><ns2:registrationIdentifier>registrationIdentifier</ns2:registrationIdentifier><ns2:message><message>1å¨</message><senderAddress>tel:13910002000</senderAddress><smsServiceActivationNumber>tel:10660766</smsServiceActivationNumber></ns2:message></ns2:notifySmsReception></SOAP-ENV:Body></SOAP-ENV:Envelope>
POST /services/SmsNotification HTTP/1.1
Host: 202.85.209.109
User-Agent: gSOAP/2.8
Content-Type: text/xml; charset=utf-8
Content-Length: 1062
Connection: close
SOAPAction: ""

<?xml version="1.0" encoding="UTF-8"?>
<SOAP-ENV:Envelope xmlns:SOAP-ENV="http://schemas.xmlsoap.org/soap/envelope/" xmlns:SOAP-ENC="http://schemas.xmlsoap.org/soap/encoding/" xmlns:xsi="http://www.w3.org/2001/XMLSchema-instance" xmlns:xsd="http://www.w3.org/2001/XMLSchema" xmlns:ns3="http://www.chinatelecom.com.cn/schema/ctcc/sms/v2_1" xmlns:ns2="http://www.chinatelecom.com.cn/schema/ctcc/sms/notification/v2_1/local" xmlns:ns4="http://www.chinatelecom.com.cn/schema/ctcc/common/v2_1" xmlns:ns1="http://www.chinatelecom.com.cn/wsdl/ctcc/sms/notification/v2_1/service"><SOAP-ENV:Header><ns4:NotifySOAPHeader SOAP-ENV:mustUnderstand="1"><spId/><linkId>999999999999999</linkId></ns4:NotifySOAPHeader></SOAP-ENV:Header><SOAP-ENV:Body><ns2:notifySmsReception><ns2:registrationIdentifier>registrationIdentifier</ns2:registrationIdentifier><ns2:message><message>1</message><senderAddress>tel:13910002000</senderAddress><smsServiceActivationNumber>tel:10660766</smsServiceActivationNumber></ns2:message></ns2:notifySmsReception></SOAP-ENV:Body></SOAP-ENV:Envelope>
POST /services/SmsNotification HTTP/1.1
Host: 202.85.209.109
User-Agent: gSOAP/2.8
Content-Type: text/xml; charset=utf-8
Content-Length: 1062
Connection: close
SOAPAction: ""

<?xml version="1.0" encoding="UTF-8"?>
<SOAP-ENV:Envelope xmlns:SOAP-ENV="http://schemas.xmlsoap.org/soap/envelope/" xmlns:SOAP-ENC="http://schemas.xmlsoap.org/soap/encoding/" xmlns:xsi="http://www.w3.org/2001/XMLSchema-instance" xmlns:xsd="http://www.w3.org/2001/XMLSchema" xmlns:ns3="http://www.chinatelecom.com.cn/schema/ctcc/sms/v2_1" xmlns:ns2="http://www.chinatelecom.com.cn/schema/ctcc/sms/notification/v2_1/local" xmlns:ns4="http://www.chinatelecom.com.cn/schema/ctcc/common/v2_1" xmlns:ns1="http://www.chinatelecom.com.cn/wsdl/ctcc/sms/notification/v2_1/service"><SOAP-ENV:Header><ns4:NotifySOAPHeader SOAP-ENV:mustUnderstand="1"><spId/><linkId>999999999999999</linkId></ns4:NotifySOAPHeader></SOAP-ENV:Header><SOAP-ENV:Body><ns2:notifySmsReception><ns2:registrationIdentifier>registrationIdentifier</ns2:registrationIdentifier><ns2:message><message>1</message><senderAddress>tel:13910002000</senderAddress><smsServiceActivationNumber>tel:10660766</smsServiceActivationNumber></ns2:message></ns2:notifySmsReception></SOAP-ENV:Body></SOAP-ENV:Envelope>
POST /services/SmsNotification HTTP/1.1
Host: 202.85.209.109
User-Agent: gSOAP/2.8
Content-Type: text/xml; charset=utf-8
Content-Length: 1062
Connection: close
SOAPAction: ""

<?xml version="1.0" encoding="UTF-8"?>
<SOAP-ENV:Envelope xmlns:SOAP-ENV="http://schemas.xmlsoap.org/soap/envelope/" xmlns:SOAP-ENC="http://schemas.xmlsoap.org/soap/encoding/" xmlns:xsi="http://www.w3.org/2001/XMLSchema-instance" xmlns:xsd="http://www.w3.org/2001/XMLSchema" xmlns:ns3="http://www.chinatelecom.com.cn/schema/ctcc/sms/v2_1" xmlns:ns2="http://www.chinatelecom.com.cn/schema/ctcc/sms/notification/v2_1/local" xmlns:ns4="http://www.chinatelecom.com.cn/schema/ctcc/common/v2_1" xmlns:ns1="http://www.chinatelecom.com.cn/wsdl/ctcc/sms/notification/v2_1/service"><SOAP-ENV:Header><ns4:NotifySOAPHeader SOAP-ENV:mustUnderstand="1"><spId/><linkId>999999999999999</linkId></ns4:NotifySOAPHeader></SOAP-ENV:Header><SOAP-ENV:Body><ns2:notifySmsReception><ns2:registrationIdentifier>registrationIdentifier</ns2:registrationIdentifier><ns2:message><message>1</message><senderAddress>tel:13910002000</senderAddress><smsServiceActivationNumber>tel:10660766</smsServiceActivationNumber></ns2:message></ns2:notifySmsReception></SOAP-ENV:Body></SOAP-ENV:Envelope>
POST /services/SmsNotification HTTP/1.1
Host: 202.85.209.109
User-Agent: gSOAP/2.8
Content-Type: text/xml; charset=utf-8
Content-Length: 1062
Connection: close
SOAPAction: ""

<?xml version="1.0" encoding="UTF-8"?>
<SOAP-ENV:Envelope xmlns:SOAP-ENV="http://schemas.xmlsoap.org/soap/envelope/" xmlns:SOAP-ENC="http://schemas.xmlsoap.org/soap/encoding/" xmlns:xsi="http://www.w3.org/2001/XMLSchema-instance" xmlns:xsd="http://www.w3.org/2001/XMLSchema" xmlns:ns3="http://www.chinatelecom.com.cn/schema/ctcc/sms/v2_1" xmlns:ns2="http://www.chinatelecom.com.cn/schema/ctcc/sms/notification/v2_1/local" xmlns:ns4="http://www.chinatelecom.com.cn/schema/ctcc/common/v2_1" xmlns:ns1="http://www.chinatelecom.com.cn/wsdl/ctcc/sms/notification/v2_1/service"><SOAP-ENV:Header><ns4:NotifySOAPHeader SOAP-ENV:mustUnderstand="1"><spId/><linkId>999999999999999</linkId></ns4:NotifySOAPHeader></SOAP-ENV:Header><SOAP-ENV:Body><ns2:notifySmsReception><ns2:registrationIdentifier>registrationIdentifier</ns2:registrationIdentifier><ns2:message><message>1</message><senderAddress>tel:13910002000</senderAddress><smsServiceActivationNumber>tel:10660766</smsServiceActivationNumber></ns2:message></ns2:notifySmsReception></SOAP-ENV:Body></SOAP-ENV:Envelope>
POST /services/SmsNotification HTTP/1.1
Host: 202.85.209.109
User-Agent: gSOAP/2.8
Content-Type: text/xml; charset=utf-8
Content-Length: 1062
Connection: close
SOAPAction: ""

<?xml version="1.0" encoding="UTF-8"?>
<SOAP-ENV:Envelope xmlns:SOAP-ENV="http://schemas.xmlsoap.org/soap/envelope/" xmlns:SOAP-ENC="http://schemas.xmlsoap.org/soap/encoding/" xmlns:xsi="http://www.w3.org/2001/XMLSchema-instance" xmlns:xsd="http://www.w3.org/2001/XMLSchema" xmlns:ns3="http://www.chinatelecom.com.cn/schema/ctcc/sms/v2_1" xmlns:ns2="http://www.chinatelecom.com.cn/schema/ctcc/sms/notification/v2_1/local" xmlns:ns4="http://www.chinatelecom.com.cn/schema/ctcc/common/v2_1" xmlns:ns1="http://www.chinatelecom.com.cn/wsdl/ctcc/sms/notification/v2_1/service"><SOAP-ENV:Header><ns4:NotifySOAPHeader SOAP-ENV:mustUnderstand="1"><spId/><linkId>999999999999999</linkId></ns4:NotifySOAPHeader></SOAP-ENV:Header><SOAP-ENV:Body><ns2:notifySmsReception><ns2:registrationIdentifier>registrationIdentifier</ns2:registrationIdentifier><ns2:message><message>1</message><senderAddress>tel:13910002000</senderAddress><smsServiceActivationNumber>tel:10660766</smsServiceActivationNumber></ns2:message></ns2:notifySmsReception></SOAP-ENV:Body></SOAP-ENV:Envelope>
POST /services/SmsNotification HTTP/1.1
Host: 202.85.209.109
User-Agent: gSOAP/2.8
Content-Type: text/xml; charset=utf-8
Content-Length: 1062
Connection: close
SOAPAction: ""

<?xml version="1.0" encoding="UTF-8"?>
<SOAP-ENV:Envelope xmlns:SOAP-ENV="http://schemas.xmlsoap.org/soap/envelope/" xmlns:SOAP-ENC="http://schemas.xmlsoap.org/soap/encoding/" xmlns:xsi="http://www.w3.org/2001/XMLSchema-instance" xmlns:xsd="http://www.w3.org/2001/XMLSchema" xmlns:ns3="http://www.chinatelecom.com.cn/schema/ctcc/sms/v2_1" xmlns:ns2="http://www.chinatelecom.com.cn/schema/ctcc/sms/notification/v2_1/local" xmlns:ns4="http://www.chinatelecom.com.cn/schema/ctcc/common/v2_1" xmlns:ns1="http://www.chinatelecom.com.cn/wsdl/ctcc/sms/notification/v2_1/service"><SOAP-ENV:Header><ns4:NotifySOAPHeader SOAP-ENV:mustUnderstand="1"><spId/><linkId>999999999999999</linkId></ns4:NotifySOAPHeader></SOAP-ENV:Header><SOAP-ENV:Body><ns2:notifySmsReception><ns2:registrationIdentifier>registrationIdentifier</ns2:registrationIdentifier><ns2:message><message>1</message><senderAddress>tel:13910002000</senderAddress><smsServiceActivationNumber>tel:10660766</smsServiceActivationNumber></ns2:message></ns2:notifySmsReception></SOAP-ENV:Body></SOAP-ENV:Envelope>
POST /services/SmsNotification HTTP/1.1
Host: 202.85.209.109
User-Agent: gSOAP/2.8
Content-Type: text/xml; charset=utf-8
Content-Length: 1062
Connection: close
SOAPAction: ""

<?xml version="1.0" encoding="UTF-8"?>
<SOAP-ENV:Envelope xmlns:SOAP-ENV="http://schemas.xmlsoap.org/soap/envelope/" xmlns:SOAP-ENC="http://schemas.xmlsoap.org/soap/encoding/" xmlns:xsi="http://www.w3.org/2001/XMLSchema-instance" xmlns:xsd="http://www.w3.org/2001/XMLSchema" xmlns:ns3="http://www.chinatelecom.com.cn/schema/ctcc/sms/v2_1" xmlns:ns2="http://www.chinatelecom.com.cn/schema/ctcc/sms/notification/v2_1/local" xmlns:ns4="http://www.chinatelecom.com.cn/schema/ctcc/common/v2_1" xmlns:ns1="http://www.chinatelecom.com.cn/wsdl/ctcc/sms/notification/v2_1/service"><SOAP-ENV:Header><ns4:NotifySOAPHeader SOAP-ENV:mustUnderstand="1"><spId/><linkId>999999999999999</linkId></ns4:NotifySOAPHeader></SOAP-ENV:Header><SOAP-ENV:Body><ns2:notifySmsReception><ns2:registrationIdentifier>registrationIdentifier</ns2:registrationIdentifier><ns2:message><message>1</message><senderAddress>tel:13910002000</senderAddress><smsServiceActivationNumber>tel:10660766</smsServiceActivationNumber></ns2:message></ns2:notifySmsReception></SOAP-ENV:Body></SOAP-ENV:Envelope>
POST /services/SmsNotification HTTP/1.1
Host: 202.85.209.109
User-Agent: gSOAP/2.8
Content-Type: text/xml; charset=utf-8
Content-Length: 1062
Connection: close
SOAPAction: ""

<?xml version="1.0" encoding="UTF-8"?>
<SOAP-ENV:Envelope xmlns:SOAP-ENV="http://schemas.xmlsoap.org/soap/envelope/" xmlns:SOAP-ENC="http://schemas.xmlsoap.org/soap/encoding/" xmlns:xsi="http://www.w3.org/2001/XMLSchema-instance" xmlns:xsd="http://www.w3.org/2001/XMLSchema" xmlns:ns3="http://www.chinatelecom.com.cn/schema/ctcc/sms/v2_1" xmlns:ns2="http://www.chinatelecom.com.cn/schema/ctcc/sms/notification/v2_1/local" xmlns:ns4="http://www.chinatelecom.com.cn/schema/ctcc/common/v2_1" xmlns:ns1="http://www.chinatelecom.com.cn/wsdl/ctcc/sms/notification/v2_1/service"><SOAP-ENV:Header><ns4:NotifySOAPHeader SOAP-ENV:mustUnderstand="1"><spId/><linkId>999999999999999</linkId></ns4:NotifySOAPHeader></SOAP-ENV:Header><SOAP-ENV:Body><ns2:notifySmsReception><ns2:registrationIdentifier>registrationIdentifier</ns2:registrationIdentifier><ns2:message><message>1</message><senderAddress>tel:13910002000</senderAddress><smsServiceActivationNumber>tel:10660766</smsServiceActivationNumber></ns2:message></ns2:notifySmsReception></SOAP-ENV:Body></SOAP-ENV:Envelope>
POST /services/SmsNotification HTTP/1.1
Host: 202.85.209.109
User-Agent: gSOAP/2.8
Content-Type: text/xml; charset=utf-8
Content-Length: 1062
Connection: close
SOAPAction: ""

<?xml version="1.0" encoding="UTF-8"?>
<SOAP-ENV:Envelope xmlns:SOAP-ENV="http://schemas.xmlsoap.org/soap/envelope/" xmlns:SOAP-ENC="http://schemas.xmlsoap.org/soap/encoding/" xmlns:xsi="http://www.w3.org/2001/XMLSchema-instance" xmlns:xsd="http://www.w3.org/2001/XMLSchema" xmlns:ns3="http://www.chinatelecom.com.cn/schema/ctcc/sms/v2_1" xmlns:ns2="http://www.chinatelecom.com.cn/schema/ctcc/sms/notification/v2_1/local" xmlns:ns4="http://www.chinatelecom.com.cn/schema/ctcc/common/v2_1" xmlns:ns1="http://www.chinatelecom.com.cn/wsdl/ctcc/sms/notification/v2_1/service"><SOAP-ENV:Header><ns4:NotifySOAPHeader SOAP-ENV:mustUnderstand="1"><spId/><linkId>999999999999999</linkId></ns4:NotifySOAPHeader></SOAP-ENV:Header><SOAP-ENV:Body><ns2:notifySmsReception><ns2:registrationIdentifier>registrationIdentifier</ns2:registrationIdentifier><ns2:message><message>1</message><senderAddress>tel:13910002000</senderAddress><smsServiceActivationNumber>tel:10660766</smsServiceActivationNumber></ns2:message></ns2:notifySmsReception></SOAP-ENV:Body></SOAP-ENV:Envelope>
POST /services/SmsNotification HTTP/1.1
Host: 202.85.209.109
User-Agent: gSOAP/2.8
Content-Type: text/xml; charset=utf-8
Content-Length: 1062
Connection: close
SOAPAction: ""

<?xml version="1.0" encoding="UTF-8"?>
<SOAP-ENV:Envelope xmlns:SOAP-ENV="http://schemas.xmlsoap.org/soap/envelope/" xmlns:SOAP-ENC="http://schemas.xmlsoap.org/soap/encoding/" xmlns:xsi="http://www.w3.org/2001/XMLSchema-instance" xmlns:xsd="http://www.w3.org/2001/XMLSchema" xmlns:ns3="http://www.chinatelecom.com.cn/schema/ctcc/sms/v2_1" xmlns:ns2="http://www.chinatelecom.com.cn/schema/ctcc/sms/notification/v2_1/local" xmlns:ns4="http://www.chinatelecom.com.cn/schema/ctcc/common/v2_1" xmlns:ns1="http://www.chinatelecom.com.cn/wsdl/ctcc/sms/notification/v2_1/service"><SOAP-ENV:Header><ns4:NotifySOAPHeader SOAP-ENV:mustUnderstand="1"><spId/><linkId>999999999999999</linkId></ns4:NotifySOAPHeader></SOAP-ENV:Header><SOAP-ENV:Body><ns2:notifySmsReception><ns2:registrationIdentifier>registrationIdentifier</ns2:registrationIdentifier><ns2:message><message>1</message><senderAddress>tel:13910002000</senderAddress><smsServiceActivationNumber>tel:10660766</smsServiceActivationNumber></ns2:message></ns2:notifySmsReception></SOAP-ENV:Body></SOAP-ENV:Envelope>
POST /services/SmsNotification HTTP/1.1
Host: 202.85.209.109
User-Agent: gSOAP/2.8
Content-Type: text/xml; charset=utf-8
Content-Length: 1062
Connection: close
SOAPAction: ""

<?xml version="1.0" encoding="UTF-8"?>
<SOAP-ENV:Envelope xmlns:SOAP-ENV="http://schemas.xmlsoap.org/soap/envelope/" xmlns:SOAP-ENC="http://schemas.xmlsoap.org/soap/encoding/" xmlns:xsi="http://www.w3.org/2001/XMLSchema-instance" xmlns:xsd="http://www.w3.org/2001/XMLSchema" xmlns:ns3="http://www.chinatelecom.com.cn/schema/ctcc/sms/v2_1" xmlns:ns2="http://www.chinatelecom.com.cn/schema/ctcc/sms/notification/v2_1/local" xmlns:ns4="http://www.chinatelecom.com.cn/schema/ctcc/common/v2_1" xmlns:ns1="http://www.chinatelecom.com.cn/wsdl/ctcc/sms/notification/v2_1/service"><SOAP-ENV:Header><ns4:NotifySOAPHeader SOAP-ENV:mustUnderstand="1"><spId/><linkId>999999999999999</linkId></ns4:NotifySOAPHeader></SOAP-ENV:Header><SOAP-ENV:Body><ns2:notifySmsReception><ns2:registrationIdentifier>registrationIdentifier</ns2:registrationIdentifier><ns2:message><message>1</message><senderAddress>tel:13910002000</senderAddress><smsServiceActivationNumber>tel:10660766</smsServiceActivationNumber></ns2:message></ns2:notifySmsReception></SOAP-ENV:Body></SOAP-ENV:Envelope>
POST /services/SmsNotification HTTP/1.1
Host: 202.85.209.109
User-Agent: gSOAP/2.8
Content-Type: text/xml; charset=utf-8
Content-Length: 1062
Connection: close
SOAPAction: ""

<?xml version="1.0" encoding="UTF-8"?>
<SOAP-ENV:Envelope xmlns:SOAP-ENV="http://schemas.xmlsoap.org/soap/envelope/" xmlns:SOAP-ENC="http://schemas.xmlsoap.org/soap/encoding/" xmlns:xsi="http://www.w3.org/2001/XMLSchema-instance" xmlns:xsd="http://www.w3.org/2001/XMLSchema" xmlns:ns3="http://www.chinatelecom.com.cn/schema/ctcc/sms/v2_1" xmlns:ns2="http://www.chinatelecom.com.cn/schema/ctcc/sms/notification/v2_1/local" xmlns:ns4="http://www.chinatelecom.com.cn/schema/ctcc/common/v2_1" xmlns:ns1="http://www.chinatelecom.com.cn/wsdl/ctcc/sms/notification/v2_1/service"><SOAP-ENV:Header><ns4:NotifySOAPHeader SOAP-ENV:mustUnderstand="1"><spId/><linkId>999999999999999</linkId></ns4:NotifySOAPHeader></SOAP-ENV:Header><SOAP-ENV:Body><ns2:notifySmsReception><ns2:registrationIdentifier>registrationIdentifier</ns2:registrationIdentifier><ns2:message><message>1</message><senderAddress>tel:13910002000</senderAddress><smsServiceActivationNumber>tel:10660766</smsServiceActivationNumber></ns2:message></ns2:notifySmsReception></SOAP-ENV:Body></SOAP-ENV:Envelope>
POST /services/SmsNotification HTTP/1.1
Host: 202.85.209.109
User-Agent: gSOAP/2.8
Content-Type: text/xml; charset=utf-8
Content-Length: 1062
Connection: close
SOAPAction: ""

<?xml version="1.0" encoding="UTF-8"?>
<SOAP-ENV:Envelope xmlns:SOAP-ENV="http://schemas.xmlsoap.org/soap/envelope/" xmlns:SOAP-ENC="http://schemas.xmlsoap.org/soap/encoding/" xmlns:xsi="http://www.w3.org/2001/XMLSchema-instance" xmlns:xsd="http://www.w3.org/2001/XMLSchema" xmlns:ns3="http://www.chinatelecom.com.cn/schema/ctcc/sms/v2_1" xmlns:ns2="http://www.chinatelecom.com.cn/schema/ctcc/sms/notification/v2_1/local" xmlns:ns4="http://www.chinatelecom.com.cn/schema/ctcc/common/v2_1" xmlns:ns1="http://www.chinatelecom.com.cn/wsdl/ctcc/sms/notification/v2_1/service"><SOAP-ENV:Header><ns4:NotifySOAPHeader SOAP-ENV:mustUnderstand="1"><spId/><linkId>999999999999999</linkId></ns4:NotifySOAPHeader></SOAP-ENV:Header><SOAP-ENV:Body><ns2:notifySmsReception><ns2:registrationIdentifier>registrationIdentifier</ns2:registrationIdentifier><ns2:message><message>1</message><senderAddress>tel:13910002000</senderAddress><smsServiceActivationNumber>tel:10660766</smsServiceActivationNumber></ns2:message></ns2:notifySmsReception></SOAP-ENV:Body></SOAP-ENV:Envelope>
POST /services/SmsNotification HTTP/1.1
Host: 202.85.209.109
User-Agent: gSOAP/2.8
Content-Type: text/xml; charset=utf-8
Content-Length: 1062
Connection: close
SOAPAction: ""

<?xml version="1.0" encoding="UTF-8"?>
<SOAP-ENV:Envelope xmlns:SOAP-ENV="http://schemas.xmlsoap.org/soap/envelope/" xmlns:SOAP-ENC="http://schemas.xmlsoap.org/soap/encoding/" xmlns:xsi="http://www.w3.org/2001/XMLSchema-instance" xmlns:xsd="http://www.w3.org/2001/XMLSchema" xmlns:ns3="http://www.chinatelecom.com.cn/schema/ctcc/sms/v2_1" xmlns:ns2="http://www.chinatelecom.com.cn/schema/ctcc/sms/notification/v2_1/local" xmlns:ns4="http://www.chinatelecom.com.cn/schema/ctcc/common/v2_1" xmlns:ns1="http://www.chinatelecom.com.cn/wsdl/ctcc/sms/notification/v2_1/service"><SOAP-ENV:Header><ns4:NotifySOAPHeader SOAP-ENV:mustUnderstand="1"><spId/><linkId>999999999999999</linkId></ns4:NotifySOAPHeader></SOAP-ENV:Header><SOAP-ENV:Body><ns2:notifySmsReception><ns2:registrationIdentifier>registrationIdentifier</ns2:registrationIdentifier><ns2:message><message>1</message><senderAddress>tel:13910002000</senderAddress><smsServiceActivationNumber>tel:10660766</smsServiceActivationNumber></ns2:message></ns2:notifySmsReception></SOAP-ENV:Body></SOAP-ENV:Envelope>
POST /services/SmsNotification HTTP/1.1
Host: 202.85.209.109
User-Agent: gSOAP/2.8
Content-Type: text/xml; charset=utf-8
Content-Length: 1063
Connection: close
SOAPAction: ""

<?xml version="1.0" encoding="UTF-8"?>
<SOAP-ENV:Envelope xmlns:SOAP-ENV="http://schemas.xmlsoap.org/soap/envelope/" xmlns:SOAP-ENC="http://schemas.xmlsoap.org/soap/encoding/" xmlns:xsi="http://www.w3.org/2001/XMLSchema-instance" xmlns:xsd="http://www.w3.org/2001/XMLSchema" xmlns:ns3="http://www.chinatelecom.com.cn/schema/ctcc/sms/v2_1" xmlns:ns2="http://www.chinatelecom.com.cn/schema/ctcc/sms/notification/v2_1/local" xmlns:ns4="http://www.chinatelecom.com.cn/schema/ctcc/common/v2_1" xmlns:ns1="http://www.chinatelecom.com.cn/wsdl/ctcc/sms/notification/v2_1/service"><SOAP-ENV:Header><ns4:NotifySOAPHeader SOAP-ENV:mustUnderstand="1"><spId/><linkId>999999999999999</linkId></ns4:NotifySOAPHeader></SOAP-ENV:Header><SOAP-ENV:Body><ns2:notifySmsReception><ns2:registrationIdentifier>registrationIdentifier</ns2:registrationIdentifier><ns2:message><message>22</message><senderAddress>tel:13910002000</senderAddress><smsServiceActivationNumber>tel:10660766</smsServiceActivationNumber></ns2:message></ns2:notifySmsReception></SOAP-ENV:Body></SOAP-ENV:Envelope>
POST /services/SmsNotification HTTP/1.1
Host: 202.85.209.109
User-Agent: gSOAP/2.8
Content-Type: text/xml; charset=utf-8
Content-Length: 1063
Connection: close
SOAPAction: ""

<?xml version="1.0" encoding="UTF-8"?>
<SOAP-ENV:Envelope xmlns:SOAP-ENV="http://schemas.xmlsoap.org/soap/envelope/" xmlns:SOAP-ENC="http://schemas.xmlsoap.org/soap/encoding/" xmlns:xsi="http://www.w3.org/2001/XMLSchema-instance" xmlns:xsd="http://www.w3.org/2001/XMLSchema" xmlns:ns3="http://www.chinatelecom.com.cn/schema/ctcc/sms/v2_1" xmlns:ns2="http://www.chinatelecom.com.cn/schema/ctcc/sms/notification/v2_1/local" xmlns:ns4="http://www.chinatelecom.com.cn/schema/ctcc/common/v2_1" xmlns:ns1="http://www.chinatelecom.com.cn/wsdl/ctcc/sms/notification/v2_1/service"><SOAP-ENV:Header><ns4:NotifySOAPHeader SOAP-ENV:mustUnderstand="1"><spId/><linkId>999999999999999</linkId></ns4:NotifySOAPHeader></SOAP-ENV:Header><SOAP-ENV:Body><ns2:notifySmsReception><ns2:registrationIdentifier>registrationIdentifier</ns2:registrationIdentifier><ns2:message><message>22</message><senderAddress>tel:13910002000</senderAddress><smsServiceActivationNumber>tel:10660766</smsServiceActivationNumber></ns2:message></ns2:notifySmsReception></SOAP-ENV:Body></SOAP-ENV:Envelope>
POST /services/SmsNotification HTTP/1.1
Host: 202.85.209.109
User-Agent: gSOAP/2.8
Content-Type: text/xml; charset=utf-8
Content-Length: 1063
Connection: close
SOAPAction: ""

<?xml version="1.0" encoding="UTF-8"?>
<SOAP-ENV:Envelope xmlns:SOAP-ENV="http://schemas.xmlsoap.org/soap/envelope/" xmlns:SOAP-ENC="http://schemas.xmlsoap.org/soap/encoding/" xmlns:xsi="http://www.w3.org/2001/XMLSchema-instance" xmlns:xsd="http://www.w3.org/2001/XMLSchema" xmlns:ns3="http://www.chinatelecom.com.cn/schema/ctcc/sms/v2_1" xmlns:ns2="http://www.chinatelecom.com.cn/schema/ctcc/sms/notification/v2_1/local" xmlns:ns4="http://www.chinatelecom.com.cn/schema/ctcc/common/v2_1" xmlns:ns1="http://www.chinatelecom.com.cn/wsdl/ctcc/sms/notification/v2_1/service"><SOAP-ENV:Header><ns4:NotifySOAPHeader SOAP-ENV:mustUnderstand="1"><spId/><linkId>999999999999999</linkId></ns4:NotifySOAPHeader></SOAP-ENV:Header><SOAP-ENV:Body><ns2:notifySmsReception><ns2:registrationIdentifier>registrationIdentifier</ns2:registrationIdentifier><ns2:message><message>22</message><senderAddress>tel:13910002000</senderAddress><smsServiceActivationNumber>tel:10660766</smsServiceActivationNumber></ns2:message></ns2:notifySmsReception></SOAP-ENV:Body></SOAP-ENV:Envelope>
POST /services/SmsNotification HTTP/1.1
Host: 202.85.209.109
User-Agent: gSOAP/2.8
Content-Type: text/xml; charset=utf-8
Content-Length: 1063
Connection: close
SOAPAction: ""

<?xml version="1.0" encoding="UTF-8"?>
<SOAP-ENV:Envelope xmlns:SOAP-ENV="http://schemas.xmlsoap.org/soap/envelope/" xmlns:SOAP-ENC="http://schemas.xmlsoap.org/soap/encoding/" xmlns:xsi="http://www.w3.org/2001/XMLSchema-instance" xmlns:xsd="http://www.w3.org/2001/XMLSchema" xmlns:ns3="http://www.chinatelecom.com.cn/schema/ctcc/sms/v2_1" xmlns:ns2="http://www.chinatelecom.com.cn/schema/ctcc/sms/notification/v2_1/local" xmlns:ns4="http://www.chinatelecom.com.cn/schema/ctcc/common/v2_1" xmlns:ns1="http://www.chinatelecom.com.cn/wsdl/ctcc/sms/notification/v2_1/service"><SOAP-ENV:Header><ns4:NotifySOAPHeader SOAP-ENV:mustUnderstand="1"><spId/><linkId>999999999999999</linkId></ns4:NotifySOAPHeader></SOAP-ENV:Header><SOAP-ENV:Body><ns2:notifySmsReception><ns2:registrationIdentifier>registrationIdentifier</ns2:registrationIdentifier><ns2:message><message>22</message><senderAddress>tel:13910002000</senderAddress><smsServiceActivationNumber>tel:10660766</smsServiceActivationNumber></ns2:message></ns2:notifySmsReception></SOAP-ENV:Body></SOAP-ENV:Envelope>
POST /services/SmsNotification HTTP/1.1
Host: 202.85.209.109
User-Agent: gSOAP/2.8
Content-Type: text/xml; charset=utf-8
Content-Length: 1063
Connection: close
SOAPAction: ""

<?xml version="1.0" encoding="UTF-8"?>
<SOAP-ENV:Envelope xmlns:SOAP-ENV="http://schemas.xmlsoap.org/soap/envelope/" xmlns:SOAP-ENC="http://schemas.xmlsoap.org/soap/encoding/" xmlns:xsi="http://www.w3.org/2001/XMLSchema-instance" xmlns:xsd="http://www.w3.org/2001/XMLSchema" xmlns:ns3="http://www.chinatelecom.com.cn/schema/ctcc/sms/v2_1" xmlns:ns2="http://www.chinatelecom.com.cn/schema/ctcc/sms/notification/v2_1/local" xmlns:ns4="http://www.chinatelecom.com.cn/schema/ctcc/common/v2_1" xmlns:ns1="http://www.chinatelecom.com.cn/wsdl/ctcc/sms/notification/v2_1/service"><SOAP-ENV:Header><ns4:NotifySOAPHeader SOAP-ENV:mustUnderstand="1"><spId/><linkId>999999999999999</linkId></ns4:NotifySOAPHeader></SOAP-ENV:Header><SOAP-ENV:Body><ns2:notifySmsReception><ns2:registrationIdentifier>registrationIdentifier</ns2:registrationIdentifier><ns2:message><message>22</message><senderAddress>tel:13910002000</senderAddress><smsServiceActivationNumber>tel:10660766</smsServiceActivationNumber></ns2:message></ns2:notifySmsReception></SOAP-ENV:Body></SOAP-ENV:Envelope>
POST /services/SmsNotification HTTP/1.1
Host: 202.85.209.109
User-Agent: gSOAP/2.8
Content-Type: text/xml; charset=utf-8
Content-Length: 1063
Connection: close
SOAPAction: ""

<?xml version="1.0" encoding="UTF-8"?>
<SOAP-ENV:Envelope xmlns:SOAP-ENV="http://schemas.xmlsoap.org/soap/envelope/" xmlns:SOAP-ENC="http://schemas.xmlsoap.org/soap/encoding/" xmlns:xsi="http://www.w3.org/2001/XMLSchema-instance" xmlns:xsd="http://www.w3.org/2001/XMLSchema" xmlns:ns3="http://www.chinatelecom.com.cn/schema/ctcc/sms/v2_1" xmlns:ns2="http://www.chinatelecom.com.cn/schema/ctcc/sms/notification/v2_1/local" xmlns:ns4="http://www.chinatelecom.com.cn/schema/ctcc/common/v2_1" xmlns:ns1="http://www.chinatelecom.com.cn/wsdl/ctcc/sms/notification/v2_1/service"><SOAP-ENV:Header><ns4:NotifySOAPHeader SOAP-ENV:mustUnderstand="1"><spId/><linkId>999999999999999</linkId></ns4:NotifySOAPHeader></SOAP-ENV:Header><SOAP-ENV:Body><ns2:notifySmsReception><ns2:registrationIdentifier>registrationIdentifier</ns2:registrationIdentifier><ns2:message><message>22</message><senderAddress>tel:13910002000</senderAddress><smsServiceActivationNumber>tel:10660766</smsServiceActivationNumber></ns2:message></ns2:notifySmsReception></SOAP-ENV:Body></SOAP-ENV:Envelope>
POST /services/SmsNotification HTTP/1.1
Host: 202.85.209.109
User-Agent: gSOAP/2.8
Content-Type: text/xml; charset=utf-8
Content-Length: 1063
Connection: close
SOAPAction: ""

<?xml version="1.0" encoding="UTF-8"?>
<SOAP-ENV:Envelope xmlns:SOAP-ENV="http://schemas.xmlsoap.org/soap/envelope/" xmlns:SOAP-ENC="http://schemas.xmlsoap.org/soap/encoding/" xmlns:xsi="http://www.w3.org/2001/XMLSchema-instance" xmlns:xsd="http://www.w3.org/2001/XMLSchema" xmlns:ns3="http://www.chinatelecom.com.cn/schema/ctcc/sms/v2_1" xmlns:ns2="http://www.chinatelecom.com.cn/schema/ctcc/sms/notification/v2_1/local" xmlns:ns4="http://www.chinatelecom.com.cn/schema/ctcc/common/v2_1" xmlns:ns1="http://www.chinatelecom.com.cn/wsdl/ctcc/sms/notification/v2_1/service"><SOAP-ENV:Header><ns4:NotifySOAPHeader SOAP-ENV:mustUnderstand="1"><spId/><linkId>999999999999999</linkId></ns4:NotifySOAPHeader></SOAP-ENV:Header><SOAP-ENV:Body><ns2:notifySmsReception><ns2:registrationIdentifier>registrationIdentifier</ns2:registrationIdentifier><ns2:message><message>22</message><senderAddress>tel:13910002000</senderAddress><smsServiceActivationNumber>tel:10660766</smsServiceActivationNumber></ns2:message></ns2:notifySmsReception></SOAP-ENV:Body></SOAP-ENV:Envelope>
POST /services/SmsNotification HTTP/1.1
Host: 202.85.209.109
User-Agent: gSOAP/2.8
Content-Type: text/xml; charset=utf-8
Content-Length: 1063
Connection: close
SOAPAction: ""

<?xml version="1.0" encoding="UTF-8"?>
<SOAP-ENV:Envelope xmlns:SOAP-ENV="http://schemas.xmlsoap.org/soap/envelope/" xmlns:SOAP-ENC="http://schemas.xmlsoap.org/soap/encoding/" xmlns:xsi="http://www.w3.org/2001/XMLSchema-instance" xmlns:xsd="http://www.w3.org/2001/XMLSchema" xmlns:ns3="http://www.chinatelecom.com.cn/schema/ctcc/sms/v2_1" xmlns:ns2="http://www.chinatelecom.com.cn/schema/ctcc/sms/notification/v2_1/local" xmlns:ns4="http://www.chinatelecom.com.cn/schema/ctcc/common/v2_1" xmlns:ns1="http://www.chinatelecom.com.cn/wsdl/ctcc/sms/notification/v2_1/service"><SOAP-ENV:Header><ns4:NotifySOAPHeader SOAP-ENV:mustUnderstand="1"><spId/><linkId>999999999999999</linkId></ns4:NotifySOAPHeader></SOAP-ENV:Header><SOAP-ENV:Body><ns2:notifySmsReception><ns2:registrationIdentifier>registrationIdentifier</ns2:registrationIdentifier><ns2:message><message>22</message><senderAddress>tel:13910002000</senderAddress><smsServiceActivationNumber>tel:10660766</smsServiceActivationNumber></ns2:message></ns2:notifySmsReception></SOAP-ENV:Body></SOAP-ENV:Envelope>
POST /services/SmsNotification HTTP/1.1
Host: 202.85.209.109
User-Agent: gSOAP/2.8
Content-Type: text/xml; charset=utf-8
Content-Length: 1063
Connection: close
SOAPAction: ""

<?xml version="1.0" encoding="UTF-8"?>
<SOAP-ENV:Envelope xmlns:SOAP-ENV="http://schemas.xmlsoap.org/soap/envelope/" xmlns:SOAP-ENC="http://schemas.xmlsoap.org/soap/encoding/" xmlns:xsi="http://www.w3.org/2001/XMLSchema-instance" xmlns:xsd="http://www.w3.org/2001/XMLSchema" xmlns:ns3="http://www.chinatelecom.com.cn/schema/ctcc/sms/v2_1" xmlns:ns2="http://www.chinatelecom.com.cn/schema/ctcc/sms/notification/v2_1/local" xmlns:ns4="http://www.chinatelecom.com.cn/schema/ctcc/common/v2_1" xmlns:ns1="http://www.chinatelecom.com.cn/wsdl/ctcc/sms/notification/v2_1/service"><SOAP-ENV:Header><ns4:NotifySOAPHeader SOAP-ENV:mustUnderstand="1"><spId/><linkId>999999999999999</linkId></ns4:NotifySOAPHeader></SOAP-ENV:Header><SOAP-ENV:Body><ns2:notifySmsReception><ns2:registrationIdentifier>registrationIdentifier</ns2:registrationIdentifier><ns2:message><message>22</message><senderAddress>tel:13910002000</senderAddress><smsServiceActivationNumber>tel:10660766</smsServiceActivationNumber></ns2:message></ns2:notifySmsReception></SOAP-ENV:Body></SOAP-ENV:Envelope>
POST /services/SmsNotification HTTP/1.1
Host: 202.85.209.109
User-Agent: gSOAP/2.8
Content-Type: text/xml; charset=utf-8
Content-Length: 1063
Connection: close
SOAPAction: ""

<?xml version="1.0" encoding="UTF-8"?>
<SOAP-ENV:Envelope xmlns:SOAP-ENV="http://schemas.xmlsoap.org/soap/envelope/" xmlns:SOAP-ENC="http://schemas.xmlsoap.org/soap/encoding/" xmlns:xsi="http://www.w3.org/2001/XMLSchema-instance" xmlns:xsd="http://www.w3.org/2001/XMLSchema" xmlns:ns3="http://www.chinatelecom.com.cn/schema/ctcc/sms/v2_1" xmlns:ns2="http://www.chinatelecom.com.cn/schema/ctcc/sms/notification/v2_1/local" xmlns:ns4="http://www.chinatelecom.com.cn/schema/ctcc/common/v2_1" xmlns:ns1="http://www.chinatelecom.com.cn/wsdl/ctcc/sms/notification/v2_1/service"><SOAP-ENV:Header><ns4:NotifySOAPHeader SOAP-ENV:mustUnderstand="1"><spId/><linkId>999999999999999</linkId></ns4:NotifySOAPHeader></SOAP-ENV:Header><SOAP-ENV:Body><ns2:notifySmsReception><ns2:registrationIdentifier>registrationIdentifier</ns2:registrationIdentifier><ns2:message><message>22</message><senderAddress>tel:13910002000</senderAddress><smsServiceActivationNumber>tel:10660766</smsServiceActivationNumber></ns2:message></ns2:notifySmsReception></SOAP-ENV:Body></SOAP-ENV:Envelope>
POST /services/SmsNotification HTTP/1.1
Host: 202.85.209.109
User-Agent: gSOAP/2.8
Content-Type: text/xml; charset=utf-8
Content-Length: 1063
Connection: close
SOAPAction: ""

<?xml version="1.0" encoding="UTF-8"?>
<SOAP-ENV:Envelope xmlns:SOAP-ENV="http://schemas.xmlsoap.org/soap/envelope/" xmlns:SOAP-ENC="http://schemas.xmlsoap.org/soap/encoding/" xmlns:xsi="http://www.w3.org/2001/XMLSchema-instance" xmlns:xsd="http://www.w3.org/2001/XMLSchema" xmlns:ns3="http://www.chinatelecom.com.cn/schema/ctcc/sms/v2_1" xmlns:ns2="http://www.chinatelecom.com.cn/schema/ctcc/sms/notification/v2_1/local" xmlns:ns4="http://www.chinatelecom.com.cn/schema/ctcc/common/v2_1" xmlns:ns1="http://www.chinatelecom.com.cn/wsdl/ctcc/sms/notification/v2_1/service"><SOAP-ENV:Header><ns4:NotifySOAPHeader SOAP-ENV:mustUnderstand="1"><spId/><linkId>999999999999999</linkId></ns4:NotifySOAPHeader></SOAP-ENV:Header><SOAP-ENV:Body><ns2:notifySmsReception><ns2:registrationIdentifier>registrationIdentifier</ns2:registrationIdentifier><ns2:message><message>22</message><senderAddress>tel:13910002000</senderAddress><smsServiceActivationNumber>tel:10660766</smsServiceActivationNumber></ns2:message></ns2:notifySmsReception></SOAP-ENV:Body></SOAP-ENV:Envelope>
POST /services/SmsNotification HTTP/1.1
Host: 202.85.209.109
User-Agent: gSOAP/2.8
Content-Type: text/xml; charset=utf-8
Content-Length: 1063
Connection: close
SOAPAction: ""

<?xml version="1.0" encoding="UTF-8"?>
<SOAP-ENV:Envelope xmlns:SOAP-ENV="http://schemas.xmlsoap.org/soap/envelope/" xmlns:SOAP-ENC="http://schemas.xmlsoap.org/soap/encoding/" xmlns:xsi="http://www.w3.org/2001/XMLSchema-instance" xmlns:xsd="http://www.w3.org/2001/XMLSchema" xmlns:ns3="http://www.chinatelecom.com.cn/schema/ctcc/sms/v2_1" xmlns:ns2="http://www.chinatelecom.com.cn/schema/ctcc/sms/notification/v2_1/local" xmlns:ns4="http://www.chinatelecom.com.cn/schema/ctcc/common/v2_1" xmlns:ns1="http://www.chinatelecom.com.cn/wsdl/ctcc/sms/notification/v2_1/service"><SOAP-ENV:Header><ns4:NotifySOAPHeader SOAP-ENV:mustUnderstand="1"><spId/><linkId>999999999999999</linkId></ns4:NotifySOAPHeader></SOAP-ENV:Header><SOAP-ENV:Body><ns2:notifySmsReception><ns2:registrationIdentifier>registrationIdentifier</ns2:registrationIdentifier><ns2:message><message>22</message><senderAddress>tel:13910002000</senderAddress><smsServiceActivationNumber>tel:10660766</smsServiceActivationNumber></ns2:message></ns2:notifySmsReception></SOAP-ENV:Body></SOAP-ENV:Envelope>
POST /services/SmsNotification HTTP/1.1
Host: 202.85.209.109
User-Agent: gSOAP/2.8
Content-Type: text/xml; charset=utf-8
Content-Length: 1063
Connection: close
SOAPAction: ""

<?xml version="1.0" encoding="UTF-8"?>
<SOAP-ENV:Envelope xmlns:SOAP-ENV="http://schemas.xmlsoap.org/soap/envelope/" xmlns:SOAP-ENC="http://schemas.xmlsoap.org/soap/encoding/" xmlns:xsi="http://www.w3.org/2001/XMLSchema-instance" xmlns:xsd="http://www.w3.org/2001/XMLSchema" xmlns:ns3="http://www.chinatelecom.com.cn/schema/ctcc/sms/v2_1" xmlns:ns2="http://www.chinatelecom.com.cn/schema/ctcc/sms/notification/v2_1/local" xmlns:ns4="http://www.chinatelecom.com.cn/schema/ctcc/common/v2_1" xmlns:ns1="http://www.chinatelecom.com.cn/wsdl/ctcc/sms/notification/v2_1/service"><SOAP-ENV:Header><ns4:NotifySOAPHeader SOAP-ENV:mustUnderstand="1"><spId/><linkId>999999999999999</linkId></ns4:NotifySOAPHeader></SOAP-ENV:Header><SOAP-ENV:Body><ns2:notifySmsReception><ns2:registrationIdentifier>registrationIdentifier</ns2:registrationIdentifier><ns2:message><message>22</message><senderAddress>tel:13910002000</senderAddress><smsServiceActivationNumber>tel:10660766</smsServiceActivationNumber></ns2:message></ns2:notifySmsReception></SOAP-ENV:Body></SOAP-ENV:Envelope>
POST /services/SmsNotification HTTP/1.1
Host: 202.85.209.109
User-Agent: gSOAP/2.8
Content-Type: text/xml; charset=utf-8
Content-Length: 1063
Connection: close
SOAPAction: ""

<?xml version="1.0" encoding="UTF-8"?>
<SOAP-ENV:Envelope xmlns:SOAP-ENV="http://schemas.xmlsoap.org/soap/envelope/" xmlns:SOAP-ENC="http://schemas.xmlsoap.org/soap/encoding/" xmlns:xsi="http://www.w3.org/2001/XMLSchema-instance" xmlns:xsd="http://www.w3.org/2001/XMLSchema" xmlns:ns3="http://www.chinatelecom.com.cn/schema/ctcc/sms/v2_1" xmlns:ns2="http://www.chinatelecom.com.cn/schema/ctcc/sms/notification/v2_1/local" xmlns:ns4="http://www.chinatelecom.com.cn/schema/ctcc/common/v2_1" xmlns:ns1="http://www.chinatelecom.com.cn/wsdl/ctcc/sms/notification/v2_1/service"><SOAP-ENV:Header><ns4:NotifySOAPHeader SOAP-ENV:mustUnderstand="1"><spId/><linkId>999999999999999</linkId></ns4:NotifySOAPHeader></SOAP-ENV:Header><SOAP-ENV:Body><ns2:notifySmsReception><ns2:registrationIdentifier>registrationIdentifier</ns2:registrationIdentifier><ns2:message><message>22</message><senderAddress>tel:13910002000</senderAddress><smsServiceActivationNumber>tel:10660766</smsServiceActivationNumber></ns2:message></ns2:notifySmsReception></SOAP-ENV:Body></SOAP-ENV:Envelope>
POST /services/SmsNotification HTTP/1.1
Host: 202.85.209.109
User-Agent: gSOAP/2.8
Content-Type: text/xml; charset=utf-8
Content-Length: 1063
Connection: close
SOAPAction: ""

<?xml version="1.0" encoding="UTF-8"?>
<SOAP-ENV:Envelope xmlns:SOAP-ENV="http://schemas.xmlsoap.org/soap/envelope/" xmlns:SOAP-ENC="http://schemas.xmlsoap.org/soap/encoding/" xmlns:xsi="http://www.w3.org/2001/XMLSchema-instance" xmlns:xsd="http://www.w3.org/2001/XMLSchema" xmlns:ns3="http://www.chinatelecom.com.cn/schema/ctcc/sms/v2_1" xmlns:ns2="http://www.chinatelecom.com.cn/schema/ctcc/sms/notification/v2_1/local" xmlns:ns4="http://www.chinatelecom.com.cn/schema/ctcc/common/v2_1" xmlns:ns1="http://www.chinatelecom.com.cn/wsdl/ctcc/sms/notification/v2_1/service"><SOAP-ENV:Header><ns4:NotifySOAPHeader SOAP-ENV:mustUnderstand="1"><spId/><linkId>999999999999999</linkId></ns4:NotifySOAPHeader></SOAP-ENV:Header><SOAP-ENV:Body><ns2:notifySmsReception><ns2:registrationIdentifier>registrationIdentifier</ns2:registrationIdentifier><ns2:message><message>22</message><senderAddress>tel:13910002000</senderAddress><smsServiceActivationNumber>tel:10660766</smsServiceActivationNumber></ns2:message></ns2:notifySmsReception></SOAP-ENV:Body></SOAP-ENV:Envelope>
POST /services/SmsNotification HTTP/1.1
Host: 202.85.209.109
User-Agent: gSOAP/2.8
Content-Type: text/xml; charset=utf-8
Content-Length: 1063
Connection: close
SOAPAction: ""

<?xml version="1.0" encoding="UTF-8"?>
<SOAP-ENV:Envelope xmlns:SOAP-ENV="http://schemas.xmlsoap.org/soap/envelope/" xmlns:SOAP-ENC="http://schemas.xmlsoap.org/soap/encoding/" xmlns:xsi="http://www.w3.org/2001/XMLSchema-instance" xmlns:xsd="http://www.w3.org/2001/XMLSchema" xmlns:ns3="http://www.chinatelecom.com.cn/schema/ctcc/sms/v2_1" xmlns:ns2="http://www.chinatelecom.com.cn/schema/ctcc/sms/notification/v2_1/local" xmlns:ns4="http://www.chinatelecom.com.cn/schema/ctcc/common/v2_1" xmlns:ns1="http://www.chinatelecom.com.cn/wsdl/ctcc/sms/notification/v2_1/service"><SOAP-ENV:Header><ns4:NotifySOAPHeader SOAP-ENV:mustUnderstand="1"><spId/><linkId>999999999999999</linkId></ns4:NotifySOAPHeader></SOAP-ENV:Header><SOAP-ENV:Body><ns2:notifySmsReception><ns2:registrationIdentifier>registrationIdentifier</ns2:registrationIdentifier><ns2:message><message>22</message><senderAddress>tel:13910002000</senderAddress><smsServiceActivationNumber>tel:10660766</smsServiceActivationNumber></ns2:message></ns2:notifySmsReception></SOAP-ENV:Body></SOAP-ENV:Envelope>
POST /services/SmsNotification HTTP/1.1
Host: 202.85.209.109
User-Agent: gSOAP/2.8
Content-Type: text/xml; charset=utf-8
Content-Length: 1063
Connection: close
SOAPAction: ""

<?xml version="1.0" encoding="UTF-8"?>
<SOAP-ENV:Envelope xmlns:SOAP-ENV="http://schemas.xmlsoap.org/soap/envelope/" xmlns:SOAP-ENC="http://schemas.xmlsoap.org/soap/encoding/" xmlns:xsi="http://www.w3.org/2001/XMLSchema-instance" xmlns:xsd="http://www.w3.org/2001/XMLSchema" xmlns:ns3="http://www.chinatelecom.com.cn/schema/ctcc/sms/v2_1" xmlns:ns2="http://www.chinatelecom.com.cn/schema/ctcc/sms/notification/v2_1/local" xmlns:ns4="http://www.chinatelecom.com.cn/schema/ctcc/common/v2_1" xmlns:ns1="http://www.chinatelecom.com.cn/wsdl/ctcc/sms/notification/v2_1/service"><SOAP-ENV:Header><ns4:NotifySOAPHeader SOAP-ENV:mustUnderstand="1"><spId/><linkId>999999999999999</linkId></ns4:NotifySOAPHeader></SOAP-ENV:Header><SOAP-ENV:Body><ns2:notifySmsReception><ns2:registrationIdentifier>registrationIdentifier</ns2:registrationIdentifier><ns2:message><message>22</message><senderAddress>tel:13910002000</senderAddress><smsServiceActivationNumber>tel:10660766</smsServiceActivationNumber></ns2:message></ns2:notifySmsReception></SOAP-ENV:Body></SOAP-ENV:Envelope>
POST /services/SmsNotification HTTP/1.1
Host: 202.85.209.109
User-Agent: gSOAP/2.8
Content-Type: text/xml; charset=utf-8
Content-Length: 1063
Connection: close
SOAPAction: ""

<?xml version="1.0" encoding="UTF-8"?>
<SOAP-ENV:Envelope xmlns:SOAP-ENV="http://schemas.xmlsoap.org/soap/envelope/" xmlns:SOAP-ENC="http://schemas.xmlsoap.org/soap/encoding/" xmlns:xsi="http://www.w3.org/2001/XMLSchema-instance" xmlns:xsd="http://www.w3.org/2001/XMLSchema" xmlns:ns3="http://www.chinatelecom.com.cn/schema/ctcc/sms/v2_1" xmlns:ns2="http://www.chinatelecom.com.cn/schema/ctcc/sms/notification/v2_1/local" xmlns:ns4="http://www.chinatelecom.com.cn/schema/ctcc/common/v2_1" xmlns:ns1="http://www.chinatelecom.com.cn/wsdl/ctcc/sms/notification/v2_1/service"><SOAP-ENV:Header><ns4:NotifySOAPHeader SOAP-ENV:mustUnderstand="1"><spId/><linkId>999999999999999</linkId></ns4:NotifySOAPHeader></SOAP-ENV:Header><SOAP-ENV:Body><ns2:notifySmsReception><ns2:registrationIdentifier>registrationIdentifier</ns2:registrationIdentifier><ns2:message><message>22</message><senderAddress>tel:13910002000</senderAddress><smsServiceActivationNumber>tel:10660766</smsServiceActivationNumber></ns2:message></ns2:notifySmsReception></SOAP-ENV:Body></SOAP-ENV:Envelope>
POST /services/SmsNotification HTTP/1.1
Host: 202.85.209.109
User-Agent: gSOAP/2.8
Content-Type: text/xml; charset=utf-8
Content-Length: 1063
Connection: close
SOAPAction: ""

<?xml version="1.0" encoding="UTF-8"?>
<SOAP-ENV:Envelope xmlns:SOAP-ENV="http://schemas.xmlsoap.org/soap/envelope/" xmlns:SOAP-ENC="http://schemas.xmlsoap.org/soap/encoding/" xmlns:xsi="http://www.w3.org/2001/XMLSchema-instance" xmlns:xsd="http://www.w3.org/2001/XMLSchema" xmlns:ns3="http://www.chinatelecom.com.cn/schema/ctcc/sms/v2_1" xmlns:ns2="http://www.chinatelecom.com.cn/schema/ctcc/sms/notification/v2_1/local" xmlns:ns4="http://www.chinatelecom.com.cn/schema/ctcc/common/v2_1" xmlns:ns1="http://www.chinatelecom.com.cn/wsdl/ctcc/sms/notification/v2_1/service"><SOAP-ENV:Header><ns4:NotifySOAPHeader SOAP-ENV:mustUnderstand="1"><spId/><linkId>999999999999999</linkId></ns4:NotifySOAPHeader></SOAP-ENV:Header><SOAP-ENV:Body><ns2:notifySmsReception><ns2:registrationIdentifier>registrationIdentifier</ns2:registrationIdentifier><ns2:message><message>22</message><senderAddress>tel:13910002000</senderAddress><smsServiceActivationNumber>tel:10660766</smsServiceActivationNumber></ns2:message></ns2:notifySmsReception></SOAP-ENV:Body></SOAP-ENV:Envelope>
POST /services/SmsNotification HTTP/1.1
Host: 202.85.209.109
User-Agent: gSOAP/2.8
Content-Type: text/xml; charset=utf-8
Content-Length: 1063
Connection: close
SOAPAction: ""

<?xml version="1.0" encoding="UTF-8"?>
<SOAP-ENV:Envelope xmlns:SOAP-ENV="http://schemas.xmlsoap.org/soap/envelope/" xmlns:SOAP-ENC="http://schemas.xmlsoap.org/soap/encoding/" xmlns:xsi="http://www.w3.org/2001/XMLSchema-instance" xmlns:xsd="http://www.w3.org/2001/XMLSchema" xmlns:ns3="http://www.chinatelecom.com.cn/schema/ctcc/sms/v2_1" xmlns:ns2="http://www.chinatelecom.com.cn/schema/ctcc/sms/notification/v2_1/local" xmlns:ns4="http://www.chinatelecom.com.cn/schema/ctcc/common/v2_1" xmlns:ns1="http://www.chinatelecom.com.cn/wsdl/ctcc/sms/notification/v2_1/service"><SOAP-ENV:Header><ns4:NotifySOAPHeader SOAP-ENV:mustUnderstand="1"><spId/><linkId>999999999999999</linkId></ns4:NotifySOAPHeader></SOAP-ENV:Header><SOAP-ENV:Body><ns2:notifySmsReception><ns2:registrationIdentifier>registrationIdentifier</ns2:registrationIdentifier><ns2:message><message>22</message><senderAddress>tel:13910002000</senderAddress><smsServiceActivationNumber>tel:10660766</smsServiceActivationNumber></ns2:message></ns2:notifySmsReception></SOAP-ENV:Body></SOAP-ENV:Envelope>
POST /services/SmsNotification HTTP/1.1
Host: 202.85.209.109
User-Agent: gSOAP/2.8
Content-Type: text/xml; charset=utf-8
Content-Length: 1063
Connection: close
SOAPAction: ""

<?xml version="1.0" encoding="UTF-8"?>
<SOAP-ENV:Envelope xmlns:SOAP-ENV="http://schemas.xmlsoap.org/soap/envelope/" xmlns:SOAP-ENC="http://schemas.xmlsoap.org/soap/encoding/" xmlns:xsi="http://www.w3.org/2001/XMLSchema-instance" xmlns:xsd="http://www.w3.org/2001/XMLSchema" xmlns:ns3="http://www.chinatelecom.com.cn/schema/ctcc/sms/v2_1" xmlns:ns2="http://www.chinatelecom.com.cn/schema/ctcc/sms/notification/v2_1/local" xmlns:ns4="http://www.chinatelecom.com.cn/schema/ctcc/common/v2_1" xmlns:ns1="http://www.chinatelecom.com.cn/wsdl/ctcc/sms/notification/v2_1/service"><SOAP-ENV:Header><ns4:NotifySOAPHeader SOAP-ENV:mustUnderstand="1"><spId/><linkId>999999999999999</linkId></ns4:NotifySOAPHeader></SOAP-ENV:Header><SOAP-ENV:Body><ns2:notifySmsReception><ns2:registrationIdentifier>registrationIdentifier</ns2:registrationIdentifier><ns2:message><message>22</message><senderAddress>tel:13910002000</senderAddress><smsServiceActivationNumber>tel:10660766</smsServiceActivationNumber></ns2:message></ns2:notifySmsReception></SOAP-ENV:Body></SOAP-ENV:Envelope>
POST /services/SmsNotification HTTP/1.1
Host: 202.85.209.109
User-Agent: gSOAP/2.8
Content-Type: text/xml; charset=utf-8
Content-Length: 1063
Connection: close
SOAPAction: ""

<?xml version="1.0" encoding="UTF-8"?>
<SOAP-ENV:Envelope xmlns:SOAP-ENV="http://schemas.xmlsoap.org/soap/envelope/" xmlns:SOAP-ENC="http://schemas.xmlsoap.org/soap/encoding/" xmlns:xsi="http://www.w3.org/2001/XMLSchema-instance" xmlns:xsd="http://www.w3.org/2001/XMLSchema" xmlns:ns3="http://www.chinatelecom.com.cn/schema/ctcc/sms/v2_1" xmlns:ns2="http://www.chinatelecom.com.cn/schema/ctcc/sms/notification/v2_1/local" xmlns:ns4="http://www.chinatelecom.com.cn/schema/ctcc/common/v2_1" xmlns:ns1="http://www.chinatelecom.com.cn/wsdl/ctcc/sms/notification/v2_1/service"><SOAP-ENV:Header><ns4:NotifySOAPHeader SOAP-ENV:mustUnderstand="1"><spId/><linkId>999999999999999</linkId></ns4:NotifySOAPHeader></SOAP-ENV:Header><SOAP-ENV:Body><ns2:notifySmsReception><ns2:registrationIdentifier>registrationIdentifier</ns2:registrationIdentifier><ns2:message><message>22</message><senderAddress>tel:13910002000</senderAddress><smsServiceActivationNumber>tel:10660766</smsServiceActivationNumber></ns2:message></ns2:notifySmsReception></SOAP-ENV:Body></SOAP-ENV:Envelope>
POST /services/SmsNotification HTTP/1.1
Host: 202.85.209.109
User-Agent: gSOAP/2.8
Content-Type: text/xml; charset=utf-8
Content-Length: 1063
Connection: close
SOAPAction: ""

<?xml version="1.0" encoding="UTF-8"?>
<SOAP-ENV:Envelope xmlns:SOAP-ENV="http://schemas.xmlsoap.org/soap/envelope/" xmlns:SOAP-ENC="http://schemas.xmlsoap.org/soap/encoding/" xmlns:xsi="http://www.w3.org/2001/XMLSchema-instance" xmlns:xsd="http://www.w3.org/2001/XMLSchema" xmlns:ns3="http://www.chinatelecom.com.cn/schema/ctcc/sms/v2_1" xmlns:ns2="http://www.chinatelecom.com.cn/schema/ctcc/sms/notification/v2_1/local" xmlns:ns4="http://www.chinatelecom.com.cn/schema/ctcc/common/v2_1" xmlns:ns1="http://www.chinatelecom.com.cn/wsdl/ctcc/sms/notification/v2_1/service"><SOAP-ENV:Header><ns4:NotifySOAPHeader SOAP-ENV:mustUnderstand="1"><spId/><linkId>999999999999999</linkId></ns4:NotifySOAPHeader></SOAP-ENV:Header><SOAP-ENV:Body><ns2:notifySmsReception><ns2:registrationIdentifier>registrationIdentifier</ns2:registrationIdentifier><ns2:message><message>22</message><senderAddress>tel:13910002000</senderAddress><smsServiceActivationNumber>tel:10660766</smsServiceActivationNumber></ns2:message></ns2:notifySmsReception></SOAP-ENV:Body></SOAP-ENV:Envelope>
POST /services/SmsNotification HTTP/1.1
Host: 202.85.209.109
User-Agent: gSOAP/2.8
Content-Type: text/xml; charset=utf-8
Content-Length: 1063
Connection: close
SOAPAction: ""

<?xml version="1.0" encoding="UTF-8"?>
<SOAP-ENV:Envelope xmlns:SOAP-ENV="http://schemas.xmlsoap.org/soap/envelope/" xmlns:SOAP-ENC="http://schemas.xmlsoap.org/soap/encoding/" xmlns:xsi="http://www.w3.org/2001/XMLSchema-instance" xmlns:xsd="http://www.w3.org/2001/XMLSchema" xmlns:ns3="http://www.chinatelecom.com.cn/schema/ctcc/sms/v2_1" xmlns:ns2="http://www.chinatelecom.com.cn/schema/ctcc/sms/notification/v2_1/local" xmlns:ns4="http://www.chinatelecom.com.cn/schema/ctcc/common/v2_1" xmlns:ns1="http://www.chinatelecom.com.cn/wsdl/ctcc/sms/notification/v2_1/service"><SOAP-ENV:Header><ns4:NotifySOAPHeader SOAP-ENV:mustUnderstand="1"><spId/><linkId>999999999999999</linkId></ns4:NotifySOAPHeader></SOAP-ENV:Header><SOAP-ENV:Body><ns2:notifySmsReception><ns2:registrationIdentifier>registrationIdentifier</ns2:registrationIdentifier><ns2:message><message>22</message><senderAddress>tel:13910002000</senderAddress><smsServiceActivationNumber>tel:10660766</smsServiceActivationNumber></ns2:message></ns2:notifySmsReception></SOAP-ENV:Body></SOAP-ENV:Envelope>
POST /services/SmsNotification HTTP/1.1
Host: 202.85.209.109
User-Agent: gSOAP/2.8
Content-Type: text/xml; charset=utf-8
Content-Length: 1063
Connection: close
SOAPAction: ""

<?xml version="1.0" encoding="UTF-8"?>
<SOAP-ENV:Envelope xmlns:SOAP-ENV="http://schemas.xmlsoap.org/soap/envelope/" xmlns:SOAP-ENC="http://schemas.xmlsoap.org/soap/encoding/" xmlns:xsi="http://www.w3.org/2001/XMLSchema-instance" xmlns:xsd="http://www.w3.org/2001/XMLSchema" xmlns:ns3="http://www.chinatelecom.com.cn/schema/ctcc/sms/v2_1" xmlns:ns2="http://www.chinatelecom.com.cn/schema/ctcc/sms/notification/v2_1/local" xmlns:ns4="http://www.chinatelecom.com.cn/schema/ctcc/common/v2_1" xmlns:ns1="http://www.chinatelecom.com.cn/wsdl/ctcc/sms/notification/v2_1/service"><SOAP-ENV:Header><ns4:NotifySOAPHeader SOAP-ENV:mustUnderstand="1"><spId/><linkId>999999999999999</linkId></ns4:NotifySOAPHeader></SOAP-ENV:Header><SOAP-ENV:Body><ns2:notifySmsReception><ns2:registrationIdentifier>registrationIdentifier</ns2:registrationIdentifier><ns2:message><message>22</message><senderAddress>tel:13910002000</senderAddress><smsServiceActivationNumber>tel:10660766</smsServiceActivationNumber></ns2:message></ns2:notifySmsReception></SOAP-ENV:Body></SOAP-ENV:Envelope>
POST /services/SmsNotification HTTP/1.1
Host: 202.85.209.109
User-Agent: gSOAP/2.8
Content-Type: text/xml; charset=utf-8
Content-Length: 1063
Connection: close
SOAPAction: ""

<?xml version="1.0" encoding="UTF-8"?>
<SOAP-ENV:Envelope xmlns:SOAP-ENV="http://schemas.xmlsoap.org/soap/envelope/" xmlns:SOAP-ENC="http://schemas.xmlsoap.org/soap/encoding/" xmlns:xsi="http://www.w3.org/2001/XMLSchema-instance" xmlns:xsd="http://www.w3.org/2001/XMLSchema" xmlns:ns3="http://www.chinatelecom.com.cn/schema/ctcc/sms/v2_1" xmlns:ns2="http://www.chinatelecom.com.cn/schema/ctcc/sms/notification/v2_1/local" xmlns:ns4="http://www.chinatelecom.com.cn/schema/ctcc/common/v2_1" xmlns:ns1="http://www.chinatelecom.com.cn/wsdl/ctcc/sms/notification/v2_1/service"><SOAP-ENV:Header><ns4:NotifySOAPHeader SOAP-ENV:mustUnderstand="1"><spId/><linkId>999999999999999</linkId></ns4:NotifySOAPHeader></SOAP-ENV:Header><SOAP-ENV:Body><ns2:notifySmsReception><ns2:registrationIdentifier>registrationIdentifier</ns2:registrationIdentifier><ns2:message><message>22</message><senderAddress>tel:13910002000</senderAddress><smsServiceActivationNumber>tel:10660766</smsServiceActivationNumber></ns2:message></ns2:notifySmsReception></SOAP-ENV:Body></SOAP-ENV:Envelope>
POST /services/SmsNotification HTTP/1.1
Host: 202.85.209.109
User-Agent: gSOAP/2.8
Content-Type: text/xml; charset=utf-8
Content-Length: 1063
Connection: close
SOAPAction: ""

<?xml version="1.0" encoding="UTF-8"?>
<SOAP-ENV:Envelope xmlns:SOAP-ENV="http://schemas.xmlsoap.org/soap/envelope/" xmlns:SOAP-ENC="http://schemas.xmlsoap.org/soap/encoding/" xmlns:xsi="http://www.w3.org/2001/XMLSchema-instance" xmlns:xsd="http://www.w3.org/2001/XMLSchema" xmlns:ns3="http://www.chinatelecom.com.cn/schema/ctcc/sms/v2_1" xmlns:ns2="http://www.chinatelecom.com.cn/schema/ctcc/sms/notification/v2_1/local" xmlns:ns4="http://www.chinatelecom.com.cn/schema/ctcc/common/v2_1" xmlns:ns1="http://www.chinatelecom.com.cn/wsdl/ctcc/sms/notification/v2_1/service"><SOAP-ENV:Header><ns4:NotifySOAPHeader SOAP-ENV:mustUnderstand="1"><spId/><linkId>999999999999999</linkId></ns4:NotifySOAPHeader></SOAP-ENV:Header><SOAP-ENV:Body><ns2:notifySmsReception><ns2:registrationIdentifier>registrationIdentifier</ns2:registrationIdentifier><ns2:message><message>22</message><senderAddress>tel:13910002000</senderAddress><smsServiceActivationNumber>tel:10660766</smsServiceActivationNumber></ns2:message></ns2:notifySmsReception></SOAP-ENV:Body></SOAP-ENV:Envelope>
POST /services/SmsNotification HTTP/1.1
Host: 202.85.209.109
User-Agent: gSOAP/2.8
Content-Type: text/xml; charset=utf-8
Content-Length: 1063
Connection: close
SOAPAction: ""

<?xml version="1.0" encoding="UTF-8"?>
<SOAP-ENV:Envelope xmlns:SOAP-ENV="http://schemas.xmlsoap.org/soap/envelope/" xmlns:SOAP-ENC="http://schemas.xmlsoap.org/soap/encoding/" xmlns:xsi="http://www.w3.org/2001/XMLSchema-instance" xmlns:xsd="http://www.w3.org/2001/XMLSchema" xmlns:ns3="http://www.chinatelecom.com.cn/schema/ctcc/sms/v2_1" xmlns:ns2="http://www.chinatelecom.com.cn/schema/ctcc/sms/notification/v2_1/local" xmlns:ns4="http://www.chinatelecom.com.cn/schema/ctcc/common/v2_1" xmlns:ns1="http://www.chinatelecom.com.cn/wsdl/ctcc/sms/notification/v2_1/service"><SOAP-ENV:Header><ns4:NotifySOAPHeader SOAP-ENV:mustUnderstand="1"><spId/><linkId>999999999999999</linkId></ns4:NotifySOAPHeader></SOAP-ENV:Header><SOAP-ENV:Body><ns2:notifySmsReception><ns2:registrationIdentifier>registrationIdentifier</ns2:registrationIdentifier><ns2:message><message>22</message><senderAddress>tel:13910002000</senderAddress><smsServiceActivationNumber>tel:10660766</smsServiceActivationNumber></ns2:message></ns2:notifySmsReception></SOAP-ENV:Body></SOAP-ENV:Envelope>
POST /services/SmsNotification HTTP/1.1
Host: 202.85.209.109
User-Agent: gSOAP/2.8
Content-Type: text/xml; charset=utf-8
Content-Length: 1063
Connection: close
SOAPAction: ""

<?xml version="1.0" encoding="UTF-8"?>
<SOAP-ENV:Envelope xmlns:SOAP-ENV="http://schemas.xmlsoap.org/soap/envelope/" xmlns:SOAP-ENC="http://schemas.xmlsoap.org/soap/encoding/" xmlns:xsi="http://www.w3.org/2001/XMLSchema-instance" xmlns:xsd="http://www.w3.org/2001/XMLSchema" xmlns:ns3="http://www.chinatelecom.com.cn/schema/ctcc/sms/v2_1" xmlns:ns2="http://www.chinatelecom.com.cn/schema/ctcc/sms/notification/v2_1/local" xmlns:ns4="http://www.chinatelecom.com.cn/schema/ctcc/common/v2_1" xmlns:ns1="http://www.chinatelecom.com.cn/wsdl/ctcc/sms/notification/v2_1/service"><SOAP-ENV:Header><ns4:NotifySOAPHeader SOAP-ENV:mustUnderstand="1"><spId/><linkId>999999999999999</linkId></ns4:NotifySOAPHeader></SOAP-ENV:Header><SOAP-ENV:Body><ns2:notifySmsReception><ns2:registrationIdentifier>registrationIdentifier</ns2:registrationIdentifier><ns2:message><message>22</message><senderAddress>tel:11910002000</senderAddress><smsServiceActivationNumber>tel:10660766</smsServiceActivationNumber></ns2:message></ns2:notifySmsReception></SOAP-ENV:Body></SOAP-ENV:Envelope>
POST /services/SmsNotification HTTP/1.1
Host: 202.85.209.109
User-Agent: gSOAP/2.8
Content-Type: text/xml; charset=utf-8
Content-Length: 1063
Connection: close
SOAPAction: ""

<?xml version="1.0" encoding="UTF-8"?>
<SOAP-ENV:Envelope xmlns:SOAP-ENV="http://schemas.xmlsoap.org/soap/envelope/" xmlns:SOAP-ENC="http://schemas.xmlsoap.org/soap/encoding/" xmlns:xsi="http://www.w3.org/2001/XMLSchema-instance" xmlns:xsd="http://www.w3.org/2001/XMLSchema" xmlns:ns3="http://www.chinatelecom.com.cn/schema/ctcc/sms/v2_1" xmlns:ns2="http://www.chinatelecom.com.cn/schema/ctcc/sms/notification/v2_1/local" xmlns:ns4="http://www.chinatelecom.com.cn/schema/ctcc/common/v2_1" xmlns:ns1="http://www.chinatelecom.com.cn/wsdl/ctcc/sms/notification/v2_1/service"><SOAP-ENV:Header><ns4:NotifySOAPHeader SOAP-ENV:mustUnderstand="1"><spId/><linkId>999999999999999</linkId></ns4:NotifySOAPHeader></SOAP-ENV:Header><SOAP-ENV:Body><ns2:notifySmsReception><ns2:registrationIdentifier>registrationIdentifier</ns2:registrationIdentifier><ns2:message><message>22</message><senderAddress>tel:11910002000</senderAddress><smsServiceActivationNumber>tel:10660766</smsServiceActivationNumber></ns2:message></ns2:notifySmsReception></SOAP-ENV:Body></SOAP-ENV:Envelope>
POST /services/SmsNotification HTTP/1.1
Host: 202.85.209.109
User-Agent: gSOAP/2.8
Content-Type: text/xml; charset=utf-8
Content-Length: 1063
Connection: close
SOAPAction: ""

<?xml version="1.0" encoding="UTF-8"?>
<SOAP-ENV:Envelope xmlns:SOAP-ENV="http://schemas.xmlsoap.org/soap/envelope/" xmlns:SOAP-ENC="http://schemas.xmlsoap.org/soap/encoding/" xmlns:xsi="http://www.w3.org/2001/XMLSchema-instance" xmlns:xsd="http://www.w3.org/2001/XMLSchema" xmlns:ns3="http://www.chinatelecom.com.cn/schema/ctcc/sms/v2_1" xmlns:ns2="http://www.chinatelecom.com.cn/schema/ctcc/sms/notification/v2_1/local" xmlns:ns4="http://www.chinatelecom.com.cn/schema/ctcc/common/v2_1" xmlns:ns1="http://www.chinatelecom.com.cn/wsdl/ctcc/sms/notification/v2_1/service"><SOAP-ENV:Header><ns4:NotifySOAPHeader SOAP-ENV:mustUnderstand="1"><spId/><linkId>999999999999999</linkId></ns4:NotifySOAPHeader></SOAP-ENV:Header><SOAP-ENV:Body><ns2:notifySmsReception><ns2:registrationIdentifier>registrationIdentifier</ns2:registrationIdentifier><ns2:message><message>22</message><senderAddress>tel:11910002000</senderAddress><smsServiceActivationNumber>tel:10660766</smsServiceActivationNumber></ns2:message></ns2:notifySmsReception></SOAP-ENV:Body></SOAP-ENV:Envelope>
POST /services/SmsNotification HTTP/1.1
Host: 202.85.209.109
User-Agent: gSOAP/2.8
Content-Type: text/xml; charset=utf-8
Content-Length: 1063
Connection: close
SOAPAction: ""

<?xml version="1.0" encoding="UTF-8"?>
<SOAP-ENV:Envelope xmlns:SOAP-ENV="http://schemas.xmlsoap.org/soap/envelope/" xmlns:SOAP-ENC="http://schemas.xmlsoap.org/soap/encoding/" xmlns:xsi="http://www.w3.org/2001/XMLSchema-instance" xmlns:xsd="http://www.w3.org/2001/XMLSchema" xmlns:ns3="http://www.chinatelecom.com.cn/schema/ctcc/sms/v2_1" xmlns:ns2="http://www.chinatelecom.com.cn/schema/ctcc/sms/notification/v2_1/local" xmlns:ns4="http://www.chinatelecom.com.cn/schema/ctcc/common/v2_1" xmlns:ns1="http://www.chinatelecom.com.cn/wsdl/ctcc/sms/notification/v2_1/service"><SOAP-ENV:Header><ns4:NotifySOAPHeader SOAP-ENV:mustUnderstand="1"><spId/><linkId>999999999999999</linkId></ns4:NotifySOAPHeader></SOAP-ENV:Header><SOAP-ENV:Body><ns2:notifySmsReception><ns2:registrationIdentifier>registrationIdentifier</ns2:registrationIdentifier><ns2:message><message>22</message><senderAddress>tel:11910002000</senderAddress><smsServiceActivationNumber>tel:10660766</smsServiceActivationNumber></ns2:message></ns2:notifySmsReception></SOAP-ENV:Body></SOAP-ENV:Envelope>
POST /services/SmsNotification HTTP/1.1
Host: 202.85.209.109
User-Agent: gSOAP/2.8
Content-Type: text/xml; charset=utf-8
Content-Length: 1063
Connection: close
SOAPAction: ""

<?xml version="1.0" encoding="UTF-8"?>
<SOAP-ENV:Envelope xmlns:SOAP-ENV="http://schemas.xmlsoap.org/soap/envelope/" xmlns:SOAP-ENC="http://schemas.xmlsoap.org/soap/encoding/" xmlns:xsi="http://www.w3.org/2001/XMLSchema-instance" xmlns:xsd="http://www.w3.org/2001/XMLSchema" xmlns:ns3="http://www.chinatelecom.com.cn/schema/ctcc/sms/v2_1" xmlns:ns2="http://www.chinatelecom.com.cn/schema/ctcc/sms/notification/v2_1/local" xmlns:ns4="http://www.chinatelecom.com.cn/schema/ctcc/common/v2_1" xmlns:ns1="http://www.chinatelecom.com.cn/wsdl/ctcc/sms/notification/v2_1/service"><SOAP-ENV:Header><ns4:NotifySOAPHeader SOAP-ENV:mustUnderstand="1"><spId/><linkId>999999999999999</linkId></ns4:NotifySOAPHeader></SOAP-ENV:Header><SOAP-ENV:Body><ns2:notifySmsReception><ns2:registrationIdentifier>registrationIdentifier</ns2:registrationIdentifier><ns2:message><message>22</message><senderAddress>tel:11910002000</senderAddress><smsServiceActivationNumber>tel:10660766</smsServiceActivationNumber></ns2:message></ns2:notifySmsReception></SOAP-ENV:Body></SOAP-ENV:Envelope>
